<?xml version="1.0" encoding="UTF-8" standalone="no"?>
<!DOCTYPE log SYSTEM "logger.dtd">
<log>
<record>
  <date>2018-12-13T10:43:51</date>
  <millis>1544715831301</millis>
  <sequence>0</sequence>
  <level>START</level>
  <class>com.kms.katalon.core.logging.KeywordLogger</class>
  <method>startSuite</method>
  <thread>1</thread>
  <message>Start Test Suite : Test Suites/TV Show/TV Show 01 Get Popular and</message>
  <nestedLevel>0</nestedLevel>
  <property name="name">TV Show 01 Get Popular and</property>
  <property name="description"></property>
  <property name="id">Test Suites/TV Show/TV Show 01 Get Popular and</property>
</record>
<record>
  <date>2018-12-13T10:43:51</date>
  <millis>1544715831343</millis>
  <sequence>1</sequence>
  <level>RUN_DATA</level>
  <class>com.kms.katalon.core.logging.KeywordLogger</class>
  <method>logMessage</method>
  <thread>1</thread>
  <message>Logging run data &amp;apos;hostName&amp;apos; with value &amp;apos;hatha - DESKTOP-EG6P0UN.attlocal.net&amp;apos;</message>
  <nestedLevel>0</nestedLevel>
  <property name="hostName">hatha - DESKTOP-EG6P0UN.attlocal.net</property>
</record>
<record>
  <date>2018-12-13T10:43:51</date>
  <millis>1544715831344</millis>
  <sequence>2</sequence>
  <level>RUN_DATA</level>
  <class>com.kms.katalon.core.logging.KeywordLogger</class>
  <method>logMessage</method>
  <thread>1</thread>
  <message>Logging run data &amp;apos;os&amp;apos; with value &amp;apos;Windows 10 64bit&amp;apos;</message>
  <nestedLevel>0</nestedLevel>
  <property name="os">Windows 10 64bit</property>
</record>
<record>
  <date>2018-12-13T10:43:51</date>
  <millis>1544715831350</millis>
  <sequence>3</sequence>
  <level>RUN_DATA</level>
  <class>com.kms.katalon.core.logging.KeywordLogger</class>
  <method>logMessage</method>
  <thread>1</thread>
  <message>Logging run data &amp;apos;hostAddress&amp;apos; with value &amp;apos;192.168.1.80&amp;apos;</message>
  <nestedLevel>0</nestedLevel>
  <property name="hostAddress">192.168.1.80</property>
</record>
<record>
  <date>2018-12-13T10:43:51</date>
  <millis>1544715831350</millis>
  <sequence>4</sequence>
  <level>RUN_DATA</level>
  <class>com.kms.katalon.core.logging.KeywordLogger</class>
  <method>logMessage</method>
  <thread>1</thread>
  <message>Logging run data &amp;apos;katalonVersion&amp;apos; with value &amp;apos;5.8.5.1&amp;apos;</message>
  <nestedLevel>0</nestedLevel>
  <property name="katalonVersion">5.8.5.1</property>
</record>
<record>
  <date>2018-12-13T10:43:51</date>
  <millis>1544715831785</millis>
  <sequence>5</sequence>
  <level>START</level>
  <class>com.kms.katalon.core.logging.KeywordLogger</class>
  <method>startTest</method>
  <thread>1</thread>
  <message>Start Test Case : Test Cases/TV Shows/01 Get Popular Get Credits then Get Credit Details</message>
  <nestedLevel>1</nestedLevel>
  <property name="name">Test Cases/TV Shows/01 Get Popular Get Credits then Get Credit Details</property>
  <property name="description"></property>
  <property name="id">Test Cases/TV Shows/01 Get Popular Get Credits then Get Credit Details</property>
  <property name="source">C:\\Training\\API Testing\\APITestingTheMovieDB\\Test Cases\\TV Shows\\01 Get Popular Get Credits then Get Credit Details.tc</property>
  <property name="isOptional">false</property>
</record>
<record>
  <date>2018-12-13T10:43:51</date>
  <millis>1544715831890</millis>
  <sequence>6</sequence>
  <level>INFO</level>
  <class>com.kms.katalon.core.logging.KeywordLogger</class>
  <method>logMessage</method>
  <thread>1</thread>
  <message>Evaluating variables for test case</message>
  <nestedLevel>1</nestedLevel>
</record>
<record>
  <date>2018-12-13T10:43:52</date>
  <millis>1544715832317</millis>
  <sequence>7</sequence>
  <level>START</level>
  <class>com.kms.katalon.core.logging.KeywordLogger</class>
  <method>startKeyword</method>
  <thread>1</thread>
  <message>Start action : Statement - response1 = theMovieDB.TVShow.getPopular()</message>
  <nestedLevel>1</nestedLevel>
  <property name="startLine">23</property>
  <property name="stepIndex">1</property>
</record>
<record>
  <date>2018-12-13T10:43:52</date>
  <millis>1544715832381</millis>
  <sequence>8</sequence>
  <level>INFO</level>
  <class>com.kms.katalon.core.logging.KeywordLogger</class>
  <method>logMessage</method>
  <thread>1</thread>
  <message>Finding Test Object with id &amp;apos;Object Repository/TV/Get Popular&amp;apos;</message>
  <nestedLevel>1</nestedLevel>
</record>
<record>
  <date>2018-12-13T10:43:52</date>
  <millis>1544715832451</millis>
  <sequence>9</sequence>
  <level>INFO</level>
  <class>com.kms.katalon.core.logging.KeywordLogger</class>
  <method>logMessage</method>
  <thread>1</thread>
  <message>Checking request object</message>
  <nestedLevel>1</nestedLevel>
</record>
<record>
  <date>2018-12-13T10:43:53</date>
  <millis>1544715833761</millis>
  <sequence>10</sequence>
  <level>PASSED</level>
  <class>com.kms.katalon.core.logging.KeywordLogger</class>
  <method>logMessage</method>
  <thread>1</thread>
  <message>Send request successfully</message>
  <nestedLevel>1</nestedLevel>
</record>
<record>
  <date>2018-12-13T10:43:53</date>
  <millis>1544715833762</millis>
  <sequence>11</sequence>
  <level>END</level>
  <class>com.kms.katalon.core.logging.KeywordLogger</class>
  <method>endKeyword</method>
  <thread>1</thread>
  <message>End action : Statement - response1 = theMovieDB.TVShow.getPopular()</message>
  <nestedLevel>1</nestedLevel>
</record>
<record>
  <date>2018-12-13T10:43:53</date>
  <millis>1544715833763</millis>
  <sequence>12</sequence>
  <level>START</level>
  <class>com.kms.katalon.core.logging.KeywordLogger</class>
  <method>startKeyword</method>
  <thread>1</thread>
  <message>Start action : Statement - TVID = theMovieDB.TVShow.getRandomTV(response1)</message>
  <nestedLevel>1</nestedLevel>
  <property name="startLine">25</property>
  <property name="stepIndex">2</property>
</record>
<record>
  <date>2018-12-13T10:43:53</date>
  <millis>1544715833855</millis>
  <sequence>13</sequence>
  <level>END</level>
  <class>com.kms.katalon.core.logging.KeywordLogger</class>
  <method>endKeyword</method>
  <thread>1</thread>
  <message>End action : Statement - TVID = theMovieDB.TVShow.getRandomTV(response1)</message>
  <nestedLevel>1</nestedLevel>
</record>
<record>
  <date>2018-12-13T10:43:53</date>
  <millis>1544715833855</millis>
  <sequence>14</sequence>
  <level>START</level>
  <class>com.kms.katalon.core.logging.KeywordLogger</class>
  <method>startKeyword</method>
  <thread>1</thread>
  <message>Start action : Statement - If (TVID != -1)</message>
  <nestedLevel>1</nestedLevel>
  <property name="startLine">27</property>
  <property name="stepIndex">3</property>
</record>
<record>
  <date>2018-12-13T10:43:53</date>
  <millis>1544715833857</millis>
  <sequence>15</sequence>
  <level>START</level>
  <class>com.kms.katalon.core.logging.KeywordLogger</class>
  <method>startKeyword</method>
  <thread>1</thread>
  <message>Start action : Statement - response1 = theMovieDB.TVShow.getCredits(TVID)</message>
  <nestedLevel>2</nestedLevel>
  <property name="startLine">28</property>
  <property name="stepIndex">1</property>
</record>
<record>
  <date>2018-12-13T10:43:53</date>
  <millis>1544715833861</millis>
  <sequence>16</sequence>
  <level>INFO</level>
  <class>com.kms.katalon.core.logging.KeywordLogger</class>
  <method>logMessage</method>
  <thread>1</thread>
  <message>Finding Test Object with id &amp;apos;Object Repository/TV/Get Credits&amp;apos;</message>
  <nestedLevel>1</nestedLevel>
</record>
<record>
  <date>2018-12-13T10:43:53</date>
  <millis>1544715833969</millis>
  <sequence>17</sequence>
  <level>INFO</level>
  <class>com.kms.katalon.core.logging.KeywordLogger</class>
  <method>logMessage</method>
  <thread>1</thread>
  <message>Checking request object</message>
  <nestedLevel>1</nestedLevel>
</record>
<record>
  <date>2018-12-13T10:43:54</date>
  <millis>1544715834105</millis>
  <sequence>18</sequence>
  <level>PASSED</level>
  <class>com.kms.katalon.core.logging.KeywordLogger</class>
  <method>logMessage</method>
  <thread>1</thread>
  <message>Send request successfully</message>
  <nestedLevel>1</nestedLevel>
</record>
<record>
  <date>2018-12-13T10:43:54</date>
  <millis>1544715834106</millis>
  <sequence>19</sequence>
  <level>END</level>
  <class>com.kms.katalon.core.logging.KeywordLogger</class>
  <method>endKeyword</method>
  <thread>1</thread>
  <message>End action : Statement - response1 = theMovieDB.TVShow.getCredits(TVID)</message>
  <nestedLevel>2</nestedLevel>
</record>
<record>
  <date>2018-12-13T10:43:54</date>
  <millis>1544715834107</millis>
  <sequence>20</sequence>
  <level>START</level>
  <class>com.kms.katalon.core.logging.KeywordLogger</class>
  <method>startKeyword</method>
  <thread>1</thread>
  <message>Start action : Statement - theMovieDB.TheMovieDBCommon.printDataValue(response1, \&amp;quot;TV/Get Credits\&amp;quot;)</message>
  <nestedLevel>2</nestedLevel>
  <property name="startLine">29</property>
  <property name="stepIndex">2</property>
</record>
<record>
  <date>2018-12-13T10:43:54</date>
  <millis>1544715834214</millis>
  <sequence>21</sequence>
  <level>END</level>
  <class>com.kms.katalon.core.logging.KeywordLogger</class>
  <method>endKeyword</method>
  <thread>1</thread>
  <message>End action : Statement - theMovieDB.TheMovieDBCommon.printDataValue(response1, \&amp;quot;TV/Get Credits\&amp;quot;)</message>
  <nestedLevel>2</nestedLevel>
</record>
<record>
  <date>2018-12-13T10:43:54</date>
  <millis>1544715834215</millis>
  <sequence>22</sequence>
  <level>START</level>
  <class>com.kms.katalon.core.logging.KeywordLogger</class>
  <method>startKeyword</method>
  <thread>1</thread>
  <message>Start action : Statement - creditID = theMovieDB.TVShow.getRandomCredit(response1)</message>
  <nestedLevel>2</nestedLevel>
  <property name="startLine">31</property>
  <property name="stepIndex">3</property>
</record>
<record>
  <date>2018-12-13T10:43:54</date>
  <millis>1544715834244</millis>
  <sequence>23</sequence>
  <level>END</level>
  <class>com.kms.katalon.core.logging.KeywordLogger</class>
  <method>endKeyword</method>
  <thread>1</thread>
  <message>End action : Statement - creditID = theMovieDB.TVShow.getRandomCredit(response1)</message>
  <nestedLevel>2</nestedLevel>
</record>
<record>
  <date>2018-12-13T10:43:54</date>
  <millis>1544715834246</millis>
  <sequence>24</sequence>
  <level>START</level>
  <class>com.kms.katalon.core.logging.KeywordLogger</class>
  <method>startKeyword</method>
  <thread>1</thread>
  <message>Start action : Statement - If (creditID != null)</message>
  <nestedLevel>2</nestedLevel>
  <property name="startLine">33</property>
  <property name="stepIndex">4</property>
</record>
<record>
  <date>2018-12-13T10:43:54</date>
  <millis>1544715834274</millis>
  <sequence>25</sequence>
  <level>START</level>
  <class>com.kms.katalon.core.logging.KeywordLogger</class>
  <method>startKeyword</method>
  <thread>1</thread>
  <message>Start action : Statement - response1 = theMovieDB.Credits.getDetails(creditID)</message>
  <nestedLevel>3</nestedLevel>
  <property name="startLine">34</property>
  <property name="stepIndex">1</property>
</record>
<record>
  <date>2018-12-13T10:43:54</date>
  <millis>1544715834304</millis>
  <sequence>26</sequence>
  <level>INFO</level>
  <class>com.kms.katalon.core.logging.KeywordLogger</class>
  <method>logMessage</method>
  <thread>1</thread>
  <message>Finding Test Object with id &amp;apos;Object Repository/Credits/Get Details&amp;apos;</message>
  <nestedLevel>1</nestedLevel>
</record>
<record>
  <date>2018-12-13T10:43:54</date>
  <millis>1544715834321</millis>
  <sequence>27</sequence>
  <level>INFO</level>
  <class>com.kms.katalon.core.logging.KeywordLogger</class>
  <method>logMessage</method>
  <thread>1</thread>
  <message>Checking request object</message>
  <nestedLevel>1</nestedLevel>
</record>
<record>
  <date>2018-12-13T10:43:54</date>
  <millis>1544715834478</millis>
  <sequence>28</sequence>
  <level>PASSED</level>
  <class>com.kms.katalon.core.logging.KeywordLogger</class>
  <method>logMessage</method>
  <thread>1</thread>
  <message>Send request successfully</message>
  <nestedLevel>1</nestedLevel>
</record>
<record>
  <date>2018-12-13T10:43:54</date>
  <millis>1544715834479</millis>
  <sequence>29</sequence>
  <level>END</level>
  <class>com.kms.katalon.core.logging.KeywordLogger</class>
  <method>endKeyword</method>
  <thread>1</thread>
  <message>End action : Statement - response1 = theMovieDB.Credits.getDetails(creditID)</message>
  <nestedLevel>3</nestedLevel>
</record>
<record>
  <date>2018-12-13T10:43:54</date>
  <millis>1544715834479</millis>
  <sequence>30</sequence>
  <level>START</level>
  <class>com.kms.katalon.core.logging.KeywordLogger</class>
  <method>startKeyword</method>
  <thread>1</thread>
  <message>Start action : Statement - theMovieDB.TheMovieDBCommon.printDataValue(response1, \&amp;quot;Credit/Get Details\&amp;quot;)</message>
  <nestedLevel>3</nestedLevel>
  <property name="startLine">35</property>
  <property name="stepIndex">2</property>
</record>
<record>
  <date>2018-12-13T10:43:54</date>
  <millis>1544715834503</millis>
  <sequence>31</sequence>
  <level>END</level>
  <class>com.kms.katalon.core.logging.KeywordLogger</class>
  <method>endKeyword</method>
  <thread>1</thread>
  <message>End action : Statement - theMovieDB.TheMovieDBCommon.printDataValue(response1, \&amp;quot;Credit/Get Details\&amp;quot;)</message>
  <nestedLevel>3</nestedLevel>
</record>
<record>
  <date>2018-12-13T10:43:54</date>
  <millis>1544715834505</millis>
  <sequence>32</sequence>
  <level>END</level>
  <class>com.kms.katalon.core.logging.KeywordLogger</class>
  <method>endKeyword</method>
  <thread>1</thread>
  <message>End action : Statement - If (creditID != null)</message>
  <nestedLevel>2</nestedLevel>
</record>
<record>
  <date>2018-12-13T10:43:54</date>
  <millis>1544715834505</millis>
  <sequence>33</sequence>
  <level>END</level>
  <class>com.kms.katalon.core.logging.KeywordLogger</class>
  <method>endKeyword</method>
  <thread>1</thread>
  <message>End action : Statement - If (TVID != -1)</message>
  <nestedLevel>1</nestedLevel>
</record>
<record>
  <date>2018-12-13T10:43:54</date>
  <millis>1544715834505</millis>
  <sequence>34</sequence>
  <level>PASSED</level>
  <class>com.kms.katalon.core.logging.KeywordLogger</class>
  <method>logMessage</method>
  <thread>1</thread>
  <message>Test Cases/TV Shows/01 Get Popular Get Credits then Get Credit Details</message>
  <nestedLevel>1</nestedLevel>
</record>
<record>
  <date>2018-12-13T10:43:54</date>
  <millis>1544715834506</millis>
  <sequence>35</sequence>
  <level>END</level>
  <class>com.kms.katalon.core.logging.KeywordLogger</class>
  <method>endTest</method>
  <thread>1</thread>
  <message>End Test Case : Test Cases/TV Shows/01 Get Popular Get Credits then Get Credit Details</message>
  <nestedLevel>0</nestedLevel>
</record>
<record>
  <date>2018-12-13T10:43:54</date>
  <millis>1544715834511</millis>
  <sequence>36</sequence>
  <level>START</level>
  <class>com.kms.katalon.core.logging.KeywordLogger</class>
  <method>startTest</method>
  <thread>1</thread>
  <message>Start Test Case : Test Cases/TV Shows/02 Get Popular Get Changes</message>
  <nestedLevel>1</nestedLevel>
  <property name="name">Test Cases/TV Shows/02 Get Popular Get Changes</property>
  <property name="description"></property>
  <property name="id">Test Cases/TV Shows/02 Get Popular Get Changes</property>
  <property name="source">C:\\Training\\API Testing\\APITestingTheMovieDB\\Test Cases\\TV Shows\\02 Get Popular Get Changes.tc</property>
  <property name="isOptional">false</property>
</record>
<record>
  <date>2018-12-13T10:43:54</date>
  <millis>1544715834519</millis>
  <sequence>37</sequence>
  <level>INFO</level>
  <class>com.kms.katalon.core.logging.KeywordLogger</class>
  <method>logMessage</method>
  <thread>1</thread>
  <message>Evaluating variables for test case</message>
  <nestedLevel>1</nestedLevel>
</record>
<record>
  <date>2018-12-13T10:43:54</date>
  <millis>1544715834934</millis>
  <sequence>38</sequence>
  <level>START</level>
  <class>com.kms.katalon.core.logging.KeywordLogger</class>
  <method>startKeyword</method>
  <thread>1</thread>
  <message>Start action : Statement - response1 = theMovieDB.TVShow.getPopular()</message>
  <nestedLevel>1</nestedLevel>
  <property name="startLine">23</property>
  <property name="stepIndex">1</property>
</record>
<record>
  <date>2018-12-13T10:43:54</date>
  <millis>1544715834936</millis>
  <sequence>39</sequence>
  <level>INFO</level>
  <class>com.kms.katalon.core.logging.KeywordLogger</class>
  <method>logMessage</method>
  <thread>1</thread>
  <message>Finding Test Object with id &amp;apos;Object Repository/TV/Get Popular&amp;apos;</message>
  <nestedLevel>1</nestedLevel>
</record>
<record>
  <date>2018-12-13T10:43:54</date>
  <millis>1544715834983</millis>
  <sequence>40</sequence>
  <level>INFO</level>
  <class>com.kms.katalon.core.logging.KeywordLogger</class>
  <method>logMessage</method>
  <thread>1</thread>
  <message>Checking request object</message>
  <nestedLevel>1</nestedLevel>
</record>
<record>
  <date>2018-12-13T10:43:55</date>
  <millis>1544715835171</millis>
  <sequence>41</sequence>
  <level>PASSED</level>
  <class>com.kms.katalon.core.logging.KeywordLogger</class>
  <method>logMessage</method>
  <thread>1</thread>
  <message>Send request successfully</message>
  <nestedLevel>1</nestedLevel>
</record>
<record>
  <date>2018-12-13T10:43:55</date>
  <millis>1544715835177</millis>
  <sequence>42</sequence>
  <level>END</level>
  <class>com.kms.katalon.core.logging.KeywordLogger</class>
  <method>endKeyword</method>
  <thread>1</thread>
  <message>End action : Statement - response1 = theMovieDB.TVShow.getPopular()</message>
  <nestedLevel>1</nestedLevel>
</record>
<record>
  <date>2018-12-13T10:43:55</date>
  <millis>1544715835180</millis>
  <sequence>43</sequence>
  <level>START</level>
  <class>com.kms.katalon.core.logging.KeywordLogger</class>
  <method>startKeyword</method>
  <thread>1</thread>
  <message>Start action : Statement - TVID = theMovieDB.TVShow.getRandomTV(response1)</message>
  <nestedLevel>1</nestedLevel>
  <property name="startLine">25</property>
  <property name="stepIndex">2</property>
</record>
<record>
  <date>2018-12-13T10:43:55</date>
  <millis>1544715835203</millis>
  <sequence>44</sequence>
  <level>END</level>
  <class>com.kms.katalon.core.logging.KeywordLogger</class>
  <method>endKeyword</method>
  <thread>1</thread>
  <message>End action : Statement - TVID = theMovieDB.TVShow.getRandomTV(response1)</message>
  <nestedLevel>1</nestedLevel>
</record>
<record>
  <date>2018-12-13T10:43:55</date>
  <millis>1544715835204</millis>
  <sequence>45</sequence>
  <level>START</level>
  <class>com.kms.katalon.core.logging.KeywordLogger</class>
  <method>startKeyword</method>
  <thread>1</thread>
  <message>Start action : Statement - If (TVID != -1)</message>
  <nestedLevel>1</nestedLevel>
  <property name="startLine">27</property>
  <property name="stepIndex">3</property>
</record>
<record>
  <date>2018-12-13T10:43:55</date>
  <millis>1544715835205</millis>
  <sequence>46</sequence>
  <level>START</level>
  <class>com.kms.katalon.core.logging.KeywordLogger</class>
  <method>startKeyword</method>
  <thread>1</thread>
  <message>Start action : Statement - response1 = theMovieDB.TVShow.getChanges(TVID)</message>
  <nestedLevel>2</nestedLevel>
  <property name="startLine">28</property>
  <property name="stepIndex">1</property>
</record>
<record>
  <date>2018-12-13T10:43:55</date>
  <millis>1544715835211</millis>
  <sequence>47</sequence>
  <level>INFO</level>
  <class>com.kms.katalon.core.logging.KeywordLogger</class>
  <method>logMessage</method>
  <thread>1</thread>
  <message>Finding Test Object with id &amp;apos;Object Repository/TV/Get Changes&amp;apos;</message>
  <nestedLevel>1</nestedLevel>
</record>
<record>
  <date>2018-12-13T10:43:55</date>
  <millis>1544715835219</millis>
  <sequence>48</sequence>
  <level>INFO</level>
  <class>com.kms.katalon.core.logging.KeywordLogger</class>
  <method>logMessage</method>
  <thread>1</thread>
  <message>Checking request object</message>
  <nestedLevel>1</nestedLevel>
</record>
<record>
  <date>2018-12-13T10:43:55</date>
  <millis>1544715835396</millis>
  <sequence>49</sequence>
  <level>PASSED</level>
  <class>com.kms.katalon.core.logging.KeywordLogger</class>
  <method>logMessage</method>
  <thread>1</thread>
  <message>Send request successfully</message>
  <nestedLevel>1</nestedLevel>
</record>
<record>
  <date>2018-12-13T10:43:55</date>
  <millis>1544715835398</millis>
  <sequence>50</sequence>
  <level>END</level>
  <class>com.kms.katalon.core.logging.KeywordLogger</class>
  <method>endKeyword</method>
  <thread>1</thread>
  <message>End action : Statement - response1 = theMovieDB.TVShow.getChanges(TVID)</message>
  <nestedLevel>2</nestedLevel>
</record>
<record>
  <date>2018-12-13T10:43:55</date>
  <millis>1544715835399</millis>
  <sequence>51</sequence>
  <level>START</level>
  <class>com.kms.katalon.core.logging.KeywordLogger</class>
  <method>startKeyword</method>
  <thread>1</thread>
  <message>Start action : Statement - theMovieDB.TheMovieDBCommon.printDataValue(response1, \&amp;quot;TV/Get Changes\&amp;quot;)</message>
  <nestedLevel>2</nestedLevel>
  <property name="startLine">29</property>
  <property name="stepIndex">2</property>
</record>
<record>
  <date>2018-12-13T10:43:55</date>
  <millis>1544715835401</millis>
  <sequence>52</sequence>
  <level>END</level>
  <class>com.kms.katalon.core.logging.KeywordLogger</class>
  <method>endKeyword</method>
  <thread>1</thread>
  <message>End action : Statement - theMovieDB.TheMovieDBCommon.printDataValue(response1, \&amp;quot;TV/Get Changes\&amp;quot;)</message>
  <nestedLevel>2</nestedLevel>
</record>
<record>
  <date>2018-12-13T10:43:55</date>
  <millis>1544715835403</millis>
  <sequence>53</sequence>
  <level>END</level>
  <class>com.kms.katalon.core.logging.KeywordLogger</class>
  <method>endKeyword</method>
  <thread>1</thread>
  <message>End action : Statement - If (TVID != -1)</message>
  <nestedLevel>1</nestedLevel>
</record>
<record>
  <date>2018-12-13T10:43:55</date>
  <millis>1544715835404</millis>
  <sequence>54</sequence>
  <level>PASSED</level>
  <class>com.kms.katalon.core.logging.KeywordLogger</class>
  <method>logMessage</method>
  <thread>1</thread>
  <message>Test Cases/TV Shows/02 Get Popular Get Changes</message>
  <nestedLevel>1</nestedLevel>
</record>
<record>
  <date>2018-12-13T10:43:55</date>
  <millis>1544715835405</millis>
  <sequence>55</sequence>
  <level>END</level>
  <class>com.kms.katalon.core.logging.KeywordLogger</class>
  <method>endTest</method>
  <thread>1</thread>
  <message>End Test Case : Test Cases/TV Shows/02 Get Popular Get Changes</message>
  <nestedLevel>0</nestedLevel>
</record>
<record>
  <date>2018-12-13T10:43:55</date>
  <millis>1544715835410</millis>
  <sequence>56</sequence>
  <level>START</level>
  <class>com.kms.katalon.core.logging.KeywordLogger</class>
  <method>startTest</method>
  <thread>1</thread>
  <message>Start Test Case : Test Cases/TV Shows/03 Get Popular Get Alternative Titles</message>
  <nestedLevel>1</nestedLevel>
  <property name="name">Test Cases/TV Shows/03 Get Popular Get Alternative Titles</property>
  <property name="description"></property>
  <property name="id">Test Cases/TV Shows/03 Get Popular Get Alternative Titles</property>
  <property name="source">C:\\Training\\API Testing\\APITestingTheMovieDB\\Test Cases\\TV Shows\\03 Get Popular Get Alternative Titles.tc</property>
  <property name="isOptional">false</property>
</record>
<record>
  <date>2018-12-13T10:43:55</date>
  <millis>1544715835444</millis>
  <sequence>57</sequence>
  <level>INFO</level>
  <class>com.kms.katalon.core.logging.KeywordLogger</class>
  <method>logMessage</method>
  <thread>1</thread>
  <message>Evaluating variables for test case</message>
  <nestedLevel>1</nestedLevel>
</record>
<record>
  <date>2018-12-13T10:43:55</date>
  <millis>1544715835738</millis>
  <sequence>58</sequence>
  <level>START</level>
  <class>com.kms.katalon.core.logging.KeywordLogger</class>
  <method>startKeyword</method>
  <thread>1</thread>
  <message>Start action : Statement - response1 = theMovieDB.TVShow.getPopular()</message>
  <nestedLevel>1</nestedLevel>
  <property name="startLine">23</property>
  <property name="stepIndex">1</property>
</record>
<record>
  <date>2018-12-13T10:43:55</date>
  <millis>1544715835739</millis>
  <sequence>59</sequence>
  <level>INFO</level>
  <class>com.kms.katalon.core.logging.KeywordLogger</class>
  <method>logMessage</method>
  <thread>1</thread>
  <message>Finding Test Object with id &amp;apos;Object Repository/TV/Get Popular&amp;apos;</message>
  <nestedLevel>1</nestedLevel>
</record>
<record>
  <date>2018-12-13T10:43:55</date>
  <millis>1544715835747</millis>
  <sequence>60</sequence>
  <level>INFO</level>
  <class>com.kms.katalon.core.logging.KeywordLogger</class>
  <method>logMessage</method>
  <thread>1</thread>
  <message>Checking request object</message>
  <nestedLevel>1</nestedLevel>
</record>
<record>
  <date>2018-12-13T10:43:55</date>
  <millis>1544715835951</millis>
  <sequence>61</sequence>
  <level>PASSED</level>
  <class>com.kms.katalon.core.logging.KeywordLogger</class>
  <method>logMessage</method>
  <thread>1</thread>
  <message>Send request successfully</message>
  <nestedLevel>1</nestedLevel>
</record>
<record>
  <date>2018-12-13T10:43:55</date>
  <millis>1544715835953</millis>
  <sequence>62</sequence>
  <level>END</level>
  <class>com.kms.katalon.core.logging.KeywordLogger</class>
  <method>endKeyword</method>
  <thread>1</thread>
  <message>End action : Statement - response1 = theMovieDB.TVShow.getPopular()</message>
  <nestedLevel>1</nestedLevel>
</record>
<record>
  <date>2018-12-13T10:43:55</date>
  <millis>1544715835954</millis>
  <sequence>63</sequence>
  <level>START</level>
  <class>com.kms.katalon.core.logging.KeywordLogger</class>
  <method>startKeyword</method>
  <thread>1</thread>
  <message>Start action : Statement - TVID = theMovieDB.TVShow.getRandomTV(response1)</message>
  <nestedLevel>1</nestedLevel>
  <property name="startLine">25</property>
  <property name="stepIndex">2</property>
</record>
<record>
  <date>2018-12-13T10:43:55</date>
  <millis>1544715835968</millis>
  <sequence>64</sequence>
  <level>END</level>
  <class>com.kms.katalon.core.logging.KeywordLogger</class>
  <method>endKeyword</method>
  <thread>1</thread>
  <message>End action : Statement - TVID = theMovieDB.TVShow.getRandomTV(response1)</message>
  <nestedLevel>1</nestedLevel>
</record>
<record>
  <date>2018-12-13T10:43:55</date>
  <millis>1544715835970</millis>
  <sequence>65</sequence>
  <level>START</level>
  <class>com.kms.katalon.core.logging.KeywordLogger</class>
  <method>startKeyword</method>
  <thread>1</thread>
  <message>Start action : Statement - If (TVID != -1)</message>
  <nestedLevel>1</nestedLevel>
  <property name="startLine">27</property>
  <property name="stepIndex">3</property>
</record>
<record>
  <date>2018-12-13T10:43:55</date>
  <millis>1544715835975</millis>
  <sequence>66</sequence>
  <level>START</level>
  <class>com.kms.katalon.core.logging.KeywordLogger</class>
  <method>startKeyword</method>
  <thread>1</thread>
  <message>Start action : Statement - response1 = theMovieDB.TVShow.getAlternativeTitles(TVID)</message>
  <nestedLevel>2</nestedLevel>
  <property name="startLine">28</property>
  <property name="stepIndex">1</property>
</record>
<record>
  <date>2018-12-13T10:43:55</date>
  <millis>1544715835979</millis>
  <sequence>67</sequence>
  <level>INFO</level>
  <class>com.kms.katalon.core.logging.KeywordLogger</class>
  <method>logMessage</method>
  <thread>1</thread>
  <message>Finding Test Object with id &amp;apos;Object Repository/TV/Get Alternative Titles&amp;apos;</message>
  <nestedLevel>1</nestedLevel>
</record>
<record>
  <date>2018-12-13T10:43:55</date>
  <millis>1544715835985</millis>
  <sequence>68</sequence>
  <level>INFO</level>
  <class>com.kms.katalon.core.logging.KeywordLogger</class>
  <method>logMessage</method>
  <thread>1</thread>
  <message>Checking request object</message>
  <nestedLevel>1</nestedLevel>
</record>
<record>
  <date>2018-12-13T10:43:56</date>
  <millis>1544715836135</millis>
  <sequence>69</sequence>
  <level>PASSED</level>
  <class>com.kms.katalon.core.logging.KeywordLogger</class>
  <method>logMessage</method>
  <thread>1</thread>
  <message>Send request successfully</message>
  <nestedLevel>1</nestedLevel>
</record>
<record>
  <date>2018-12-13T10:43:56</date>
  <millis>1544715836136</millis>
  <sequence>70</sequence>
  <level>END</level>
  <class>com.kms.katalon.core.logging.KeywordLogger</class>
  <method>endKeyword</method>
  <thread>1</thread>
  <message>End action : Statement - response1 = theMovieDB.TVShow.getAlternativeTitles(TVID)</message>
  <nestedLevel>2</nestedLevel>
</record>
<record>
  <date>2018-12-13T10:43:56</date>
  <millis>1544715836136</millis>
  <sequence>71</sequence>
  <level>START</level>
  <class>com.kms.katalon.core.logging.KeywordLogger</class>
  <method>startKeyword</method>
  <thread>1</thread>
  <message>Start action : Statement - theMovieDB.TheMovieDBCommon.printDataValue(response1, \&amp;quot;TV/Get Alternative Titles\&amp;quot;)</message>
  <nestedLevel>2</nestedLevel>
  <property name="startLine">29</property>
  <property name="stepIndex">2</property>
</record>
<record>
  <date>2018-12-13T10:43:56</date>
  <millis>1544715836155</millis>
  <sequence>72</sequence>
  <level>END</level>
  <class>com.kms.katalon.core.logging.KeywordLogger</class>
  <method>endKeyword</method>
  <thread>1</thread>
  <message>End action : Statement - theMovieDB.TheMovieDBCommon.printDataValue(response1, \&amp;quot;TV/Get Alternative Titles\&amp;quot;)</message>
  <nestedLevel>2</nestedLevel>
</record>
<record>
  <date>2018-12-13T10:43:56</date>
  <millis>1544715836155</millis>
  <sequence>73</sequence>
  <level>END</level>
  <class>com.kms.katalon.core.logging.KeywordLogger</class>
  <method>endKeyword</method>
  <thread>1</thread>
  <message>End action : Statement - If (TVID != -1)</message>
  <nestedLevel>1</nestedLevel>
</record>
<record>
  <date>2018-12-13T10:43:56</date>
  <millis>1544715836156</millis>
  <sequence>74</sequence>
  <level>PASSED</level>
  <class>com.kms.katalon.core.logging.KeywordLogger</class>
  <method>logMessage</method>
  <thread>1</thread>
  <message>Test Cases/TV Shows/03 Get Popular Get Alternative Titles</message>
  <nestedLevel>1</nestedLevel>
</record>
<record>
  <date>2018-12-13T10:43:56</date>
  <millis>1544715836156</millis>
  <sequence>75</sequence>
  <level>END</level>
  <class>com.kms.katalon.core.logging.KeywordLogger</class>
  <method>endTest</method>
  <thread>1</thread>
  <message>End Test Case : Test Cases/TV Shows/03 Get Popular Get Alternative Titles</message>
  <nestedLevel>0</nestedLevel>
</record>
<record>
  <date>2018-12-13T10:43:56</date>
  <millis>1544715836161</millis>
  <sequence>76</sequence>
  <level>START</level>
  <class>com.kms.katalon.core.logging.KeywordLogger</class>
  <method>startTest</method>
  <thread>1</thread>
  <message>Start Test Case : Test Cases/TV Shows/04 Get Popular Get Details</message>
  <nestedLevel>1</nestedLevel>
  <property name="name">Test Cases/TV Shows/04 Get Popular Get Details</property>
  <property name="description"></property>
  <property name="id">Test Cases/TV Shows/04 Get Popular Get Details</property>
  <property name="source">C:\\Training\\API Testing\\APITestingTheMovieDB\\Test Cases\\TV Shows\\04 Get Popular Get Details.tc</property>
  <property name="isOptional">false</property>
</record>
<record>
  <date>2018-12-13T10:43:56</date>
  <millis>1544715836193</millis>
  <sequence>77</sequence>
  <level>INFO</level>
  <class>com.kms.katalon.core.logging.KeywordLogger</class>
  <method>logMessage</method>
  <thread>1</thread>
  <message>Evaluating variables for test case</message>
  <nestedLevel>1</nestedLevel>
</record>
<record>
  <date>2018-12-13T10:43:56</date>
  <millis>1544715836460</millis>
  <sequence>78</sequence>
  <level>START</level>
  <class>com.kms.katalon.core.logging.KeywordLogger</class>
  <method>startKeyword</method>
  <thread>1</thread>
  <message>Start action : Statement - response1 = theMovieDB.TVShow.getPopular()</message>
  <nestedLevel>1</nestedLevel>
  <property name="startLine">23</property>
  <property name="stepIndex">1</property>
</record>
<record>
  <date>2018-12-13T10:43:56</date>
  <millis>1544715836462</millis>
  <sequence>79</sequence>
  <level>INFO</level>
  <class>com.kms.katalon.core.logging.KeywordLogger</class>
  <method>logMessage</method>
  <thread>1</thread>
  <message>Finding Test Object with id &amp;apos;Object Repository/TV/Get Popular&amp;apos;</message>
  <nestedLevel>1</nestedLevel>
</record>
<record>
  <date>2018-12-13T10:43:56</date>
  <millis>1544715836486</millis>
  <sequence>80</sequence>
  <level>INFO</level>
  <class>com.kms.katalon.core.logging.KeywordLogger</class>
  <method>logMessage</method>
  <thread>1</thread>
  <message>Checking request object</message>
  <nestedLevel>1</nestedLevel>
</record>
<record>
  <date>2018-12-13T10:43:56</date>
  <millis>1544715836649</millis>
  <sequence>81</sequence>
  <level>PASSED</level>
  <class>com.kms.katalon.core.logging.KeywordLogger</class>
  <method>logMessage</method>
  <thread>1</thread>
  <message>Send request successfully</message>
  <nestedLevel>1</nestedLevel>
</record>
<record>
  <date>2018-12-13T10:43:56</date>
  <millis>1544715836650</millis>
  <sequence>82</sequence>
  <level>END</level>
  <class>com.kms.katalon.core.logging.KeywordLogger</class>
  <method>endKeyword</method>
  <thread>1</thread>
  <message>End action : Statement - response1 = theMovieDB.TVShow.getPopular()</message>
  <nestedLevel>1</nestedLevel>
</record>
<record>
  <date>2018-12-13T10:43:56</date>
  <millis>1544715836651</millis>
  <sequence>83</sequence>
  <level>START</level>
  <class>com.kms.katalon.core.logging.KeywordLogger</class>
  <method>startKeyword</method>
  <thread>1</thread>
  <message>Start action : Statement - TVID = theMovieDB.TVShow.getRandomTV(response1)</message>
  <nestedLevel>1</nestedLevel>
  <property name="startLine">25</property>
  <property name="stepIndex">2</property>
</record>
<record>
  <date>2018-12-13T10:43:56</date>
  <millis>1544715836652</millis>
  <sequence>84</sequence>
  <level>END</level>
  <class>com.kms.katalon.core.logging.KeywordLogger</class>
  <method>endKeyword</method>
  <thread>1</thread>
  <message>End action : Statement - TVID = theMovieDB.TVShow.getRandomTV(response1)</message>
  <nestedLevel>1</nestedLevel>
</record>
<record>
  <date>2018-12-13T10:43:56</date>
  <millis>1544715836653</millis>
  <sequence>85</sequence>
  <level>START</level>
  <class>com.kms.katalon.core.logging.KeywordLogger</class>
  <method>startKeyword</method>
  <thread>1</thread>
  <message>Start action : Statement - If (TVID != -1)</message>
  <nestedLevel>1</nestedLevel>
  <property name="startLine">27</property>
  <property name="stepIndex">3</property>
</record>
<record>
  <date>2018-12-13T10:43:56</date>
  <millis>1544715836654</millis>
  <sequence>86</sequence>
  <level>START</level>
  <class>com.kms.katalon.core.logging.KeywordLogger</class>
  <method>startKeyword</method>
  <thread>1</thread>
  <message>Start action : Statement - response1 = theMovieDB.TVShow.getDetails(TVID)</message>
  <nestedLevel>2</nestedLevel>
  <property name="startLine">28</property>
  <property name="stepIndex">1</property>
</record>
<record>
  <date>2018-12-13T10:43:56</date>
  <millis>1544715836655</millis>
  <sequence>87</sequence>
  <level>INFO</level>
  <class>com.kms.katalon.core.logging.KeywordLogger</class>
  <method>logMessage</method>
  <thread>1</thread>
  <message>Finding Test Object with id &amp;apos;Object Repository/TV/Get Details&amp;apos;</message>
  <nestedLevel>1</nestedLevel>
</record>
<record>
  <date>2018-12-13T10:43:56</date>
  <millis>1544715836662</millis>
  <sequence>88</sequence>
  <level>INFO</level>
  <class>com.kms.katalon.core.logging.KeywordLogger</class>
  <method>logMessage</method>
  <thread>1</thread>
  <message>Checking request object</message>
  <nestedLevel>1</nestedLevel>
</record>
<record>
  <date>2018-12-13T10:43:56</date>
  <millis>1544715836807</millis>
  <sequence>89</sequence>
  <level>PASSED</level>
  <class>com.kms.katalon.core.logging.KeywordLogger</class>
  <method>logMessage</method>
  <thread>1</thread>
  <message>Send request successfully</message>
  <nestedLevel>1</nestedLevel>
</record>
<record>
  <date>2018-12-13T10:43:56</date>
  <millis>1544715836809</millis>
  <sequence>90</sequence>
  <level>END</level>
  <class>com.kms.katalon.core.logging.KeywordLogger</class>
  <method>endKeyword</method>
  <thread>1</thread>
  <message>End action : Statement - response1 = theMovieDB.TVShow.getDetails(TVID)</message>
  <nestedLevel>2</nestedLevel>
</record>
<record>
  <date>2018-12-13T10:43:56</date>
  <millis>1544715836809</millis>
  <sequence>91</sequence>
  <level>START</level>
  <class>com.kms.katalon.core.logging.KeywordLogger</class>
  <method>startKeyword</method>
  <thread>1</thread>
  <message>Start action : Statement - theMovieDB.TheMovieDBCommon.printDataValue(response1, \&amp;quot;TV/Get Details\&amp;quot;)</message>
  <nestedLevel>2</nestedLevel>
  <property name="startLine">29</property>
  <property name="stepIndex">2</property>
</record>
<record>
  <date>2018-12-13T10:43:56</date>
  <millis>1544715836818</millis>
  <sequence>92</sequence>
  <level>END</level>
  <class>com.kms.katalon.core.logging.KeywordLogger</class>
  <method>endKeyword</method>
  <thread>1</thread>
  <message>End action : Statement - theMovieDB.TheMovieDBCommon.printDataValue(response1, \&amp;quot;TV/Get Details\&amp;quot;)</message>
  <nestedLevel>2</nestedLevel>
</record>
<record>
  <date>2018-12-13T10:43:56</date>
  <millis>1544715836819</millis>
  <sequence>93</sequence>
  <level>END</level>
  <class>com.kms.katalon.core.logging.KeywordLogger</class>
  <method>endKeyword</method>
  <thread>1</thread>
  <message>End action : Statement - If (TVID != -1)</message>
  <nestedLevel>1</nestedLevel>
</record>
<record>
  <date>2018-12-13T10:43:56</date>
  <millis>1544715836819</millis>
  <sequence>94</sequence>
  <level>PASSED</level>
  <class>com.kms.katalon.core.logging.KeywordLogger</class>
  <method>logMessage</method>
  <thread>1</thread>
  <message>Test Cases/TV Shows/04 Get Popular Get Details</message>
  <nestedLevel>1</nestedLevel>
</record>
<record>
  <date>2018-12-13T10:43:56</date>
  <millis>1544715836820</millis>
  <sequence>95</sequence>
  <level>END</level>
  <class>com.kms.katalon.core.logging.KeywordLogger</class>
  <method>endTest</method>
  <thread>1</thread>
  <message>End Test Case : Test Cases/TV Shows/04 Get Popular Get Details</message>
  <nestedLevel>0</nestedLevel>
</record>
<record>
  <date>2018-12-13T10:43:56</date>
  <millis>1544715836827</millis>
  <sequence>96</sequence>
  <level>START</level>
  <class>com.kms.katalon.core.logging.KeywordLogger</class>
  <method>startTest</method>
  <thread>1</thread>
  <message>Start Test Case : Test Cases/TV Shows/05 Get Popular Get Account States</message>
  <nestedLevel>1</nestedLevel>
  <property name="name">Test Cases/TV Shows/05 Get Popular Get Account States</property>
  <property name="description"></property>
  <property name="id">Test Cases/TV Shows/05 Get Popular Get Account States</property>
  <property name="source">C:\\Training\\API Testing\\APITestingTheMovieDB\\Test Cases\\TV Shows\\05 Get Popular Get Account States.tc</property>
  <property name="isOptional">false</property>
</record>
<record>
  <date>2018-12-13T10:43:56</date>
  <millis>1544715836836</millis>
  <sequence>97</sequence>
  <level>INFO</level>
  <class>com.kms.katalon.core.logging.KeywordLogger</class>
  <method>logMessage</method>
  <thread>1</thread>
  <message>Evaluating variables for test case</message>
  <nestedLevel>1</nestedLevel>
</record>
<record>
  <date>2018-12-13T10:43:57</date>
  <millis>1544715837104</millis>
  <sequence>98</sequence>
  <level>START</level>
  <class>com.kms.katalon.core.logging.KeywordLogger</class>
  <method>startKeyword</method>
  <thread>1</thread>
  <message>Start action : Statement - response1 = theMovieDB.TVShow.getPopular()</message>
  <nestedLevel>1</nestedLevel>
  <property name="startLine">23</property>
  <property name="stepIndex">1</property>
</record>
<record>
  <date>2018-12-13T10:43:57</date>
  <millis>1544715837104</millis>
  <sequence>99</sequence>
  <level>INFO</level>
  <class>com.kms.katalon.core.logging.KeywordLogger</class>
  <method>logMessage</method>
  <thread>1</thread>
  <message>Finding Test Object with id &amp;apos;Object Repository/TV/Get Popular&amp;apos;</message>
  <nestedLevel>1</nestedLevel>
</record>
<record>
  <date>2018-12-13T10:43:57</date>
  <millis>1544715837113</millis>
  <sequence>100</sequence>
  <level>INFO</level>
  <class>com.kms.katalon.core.logging.KeywordLogger</class>
  <method>logMessage</method>
  <thread>1</thread>
  <message>Checking request object</message>
  <nestedLevel>1</nestedLevel>
</record>
<record>
  <date>2018-12-13T10:43:57</date>
  <millis>1544715837271</millis>
  <sequence>101</sequence>
  <level>PASSED</level>
  <class>com.kms.katalon.core.logging.KeywordLogger</class>
  <method>logMessage</method>
  <thread>1</thread>
  <message>Send request successfully</message>
  <nestedLevel>1</nestedLevel>
</record>
<record>
  <date>2018-12-13T10:43:57</date>
  <millis>1544715837276</millis>
  <sequence>102</sequence>
  <level>END</level>
  <class>com.kms.katalon.core.logging.KeywordLogger</class>
  <method>endKeyword</method>
  <thread>1</thread>
  <message>End action : Statement - response1 = theMovieDB.TVShow.getPopular()</message>
  <nestedLevel>1</nestedLevel>
</record>
<record>
  <date>2018-12-13T10:43:57</date>
  <millis>1544715837278</millis>
  <sequence>103</sequence>
  <level>START</level>
  <class>com.kms.katalon.core.logging.KeywordLogger</class>
  <method>startKeyword</method>
  <thread>1</thread>
  <message>Start action : Statement - TVID = theMovieDB.TVShow.getRandomTV(response1)</message>
  <nestedLevel>1</nestedLevel>
  <property name="startLine">25</property>
  <property name="stepIndex">2</property>
</record>
<record>
  <date>2018-12-13T10:43:57</date>
  <millis>1544715837286</millis>
  <sequence>104</sequence>
  <level>END</level>
  <class>com.kms.katalon.core.logging.KeywordLogger</class>
  <method>endKeyword</method>
  <thread>1</thread>
  <message>End action : Statement - TVID = theMovieDB.TVShow.getRandomTV(response1)</message>
  <nestedLevel>1</nestedLevel>
</record>
<record>
  <date>2018-12-13T10:43:57</date>
  <millis>1544715837287</millis>
  <sequence>105</sequence>
  <level>START</level>
  <class>com.kms.katalon.core.logging.KeywordLogger</class>
  <method>startKeyword</method>
  <thread>1</thread>
  <message>Start action : Statement - If (TVID != -1)</message>
  <nestedLevel>1</nestedLevel>
  <property name="startLine">27</property>
  <property name="stepIndex">3</property>
</record>
<record>
  <date>2018-12-13T10:43:57</date>
  <millis>1544715837290</millis>
  <sequence>106</sequence>
  <level>START</level>
  <class>com.kms.katalon.core.logging.KeywordLogger</class>
  <method>startKeyword</method>
  <thread>1</thread>
  <message>Start action : Statement - response1 = theMovieDB.TVShow.getAlternativeTitles(TVID)</message>
  <nestedLevel>2</nestedLevel>
  <property name="startLine">28</property>
  <property name="stepIndex">1</property>
</record>
<record>
  <date>2018-12-13T10:43:57</date>
  <millis>1544715837293</millis>
  <sequence>107</sequence>
  <level>INFO</level>
  <class>com.kms.katalon.core.logging.KeywordLogger</class>
  <method>logMessage</method>
  <thread>1</thread>
  <message>Finding Test Object with id &amp;apos;Object Repository/TV/Get Alternative Titles&amp;apos;</message>
  <nestedLevel>1</nestedLevel>
</record>
<record>
  <date>2018-12-13T10:43:57</date>
  <millis>1544715837302</millis>
  <sequence>108</sequence>
  <level>INFO</level>
  <class>com.kms.katalon.core.logging.KeywordLogger</class>
  <method>logMessage</method>
  <thread>1</thread>
  <message>Checking request object</message>
  <nestedLevel>1</nestedLevel>
</record>
<record>
  <date>2018-12-13T10:43:57</date>
  <millis>1544715837430</millis>
  <sequence>109</sequence>
  <level>PASSED</level>
  <class>com.kms.katalon.core.logging.KeywordLogger</class>
  <method>logMessage</method>
  <thread>1</thread>
  <message>Send request successfully</message>
  <nestedLevel>1</nestedLevel>
</record>
<record>
  <date>2018-12-13T10:43:57</date>
  <millis>1544715837431</millis>
  <sequence>110</sequence>
  <level>END</level>
  <class>com.kms.katalon.core.logging.KeywordLogger</class>
  <method>endKeyword</method>
  <thread>1</thread>
  <message>End action : Statement - response1 = theMovieDB.TVShow.getAlternativeTitles(TVID)</message>
  <nestedLevel>2</nestedLevel>
</record>
<record>
  <date>2018-12-13T10:43:57</date>
  <millis>1544715837431</millis>
  <sequence>111</sequence>
  <level>START</level>
  <class>com.kms.katalon.core.logging.KeywordLogger</class>
  <method>startKeyword</method>
  <thread>1</thread>
  <message>Start action : Statement - theMovieDB.TheMovieDBCommon.printDataValue(response1, \&amp;quot;TV/Get Alternative Titles\&amp;quot;)</message>
  <nestedLevel>2</nestedLevel>
  <property name="startLine">29</property>
  <property name="stepIndex">2</property>
</record>
<record>
  <date>2018-12-13T10:43:57</date>
  <millis>1544715837433</millis>
  <sequence>112</sequence>
  <level>END</level>
  <class>com.kms.katalon.core.logging.KeywordLogger</class>
  <method>endKeyword</method>
  <thread>1</thread>
  <message>End action : Statement - theMovieDB.TheMovieDBCommon.printDataValue(response1, \&amp;quot;TV/Get Alternative Titles\&amp;quot;)</message>
  <nestedLevel>2</nestedLevel>
</record>
<record>
  <date>2018-12-13T10:43:57</date>
  <millis>1544715837433</millis>
  <sequence>113</sequence>
  <level>END</level>
  <class>com.kms.katalon.core.logging.KeywordLogger</class>
  <method>endKeyword</method>
  <thread>1</thread>
  <message>End action : Statement - If (TVID != -1)</message>
  <nestedLevel>1</nestedLevel>
</record>
<record>
  <date>2018-12-13T10:43:57</date>
  <millis>1544715837434</millis>
  <sequence>114</sequence>
  <level>PASSED</level>
  <class>com.kms.katalon.core.logging.KeywordLogger</class>
  <method>logMessage</method>
  <thread>1</thread>
  <message>Test Cases/TV Shows/05 Get Popular Get Account States</message>
  <nestedLevel>1</nestedLevel>
</record>
<record>
  <date>2018-12-13T10:43:57</date>
  <millis>1544715837435</millis>
  <sequence>115</sequence>
  <level>END</level>
  <class>com.kms.katalon.core.logging.KeywordLogger</class>
  <method>endTest</method>
  <thread>1</thread>
  <message>End Test Case : Test Cases/TV Shows/05 Get Popular Get Account States</message>
  <nestedLevel>0</nestedLevel>
</record>
<record>
  <date>2018-12-13T10:43:57</date>
  <millis>1544715837439</millis>
  <sequence>116</sequence>
  <level>START</level>
  <class>com.kms.katalon.core.logging.KeywordLogger</class>
  <method>startTest</method>
  <thread>1</thread>
  <message>Start Test Case : Test Cases/TV Shows/06 Get Popular Get Get Episode Groups Then Get Details</message>
  <nestedLevel>1</nestedLevel>
  <property name="name">Test Cases/TV Shows/06 Get Popular Get Get Episode Groups Then Get Details</property>
  <property name="description"></property>
  <property name="id">Test Cases/TV Shows/06 Get Popular Get Get Episode Groups Then Get Details</property>
  <property name="source">C:\\Training\\API Testing\\APITestingTheMovieDB\\Test Cases\\TV Shows\\06 Get Popular Get Get Episode Groups Then Get Details.tc</property>
  <property name="isOptional">false</property>
</record>
<record>
  <date>2018-12-13T10:43:57</date>
  <millis>1544715837467</millis>
  <sequence>117</sequence>
  <level>INFO</level>
  <class>com.kms.katalon.core.logging.KeywordLogger</class>
  <method>logMessage</method>
  <thread>1</thread>
  <message>Evaluating variables for test case</message>
  <nestedLevel>1</nestedLevel>
</record>
<record>
  <date>2018-12-13T10:43:57</date>
  <millis>1544715837720</millis>
  <sequence>118</sequence>
  <level>START</level>
  <class>com.kms.katalon.core.logging.KeywordLogger</class>
  <method>startKeyword</method>
  <thread>1</thread>
  <message>Start action : Statement - response1 = theMovieDB.TVShow.getPopular()</message>
  <nestedLevel>1</nestedLevel>
  <property name="startLine">23</property>
  <property name="stepIndex">1</property>
</record>
<record>
  <date>2018-12-13T10:43:57</date>
  <millis>1544715837720</millis>
  <sequence>119</sequence>
  <level>INFO</level>
  <class>com.kms.katalon.core.logging.KeywordLogger</class>
  <method>logMessage</method>
  <thread>1</thread>
  <message>Finding Test Object with id &amp;apos;Object Repository/TV/Get Popular&amp;apos;</message>
  <nestedLevel>1</nestedLevel>
</record>
<record>
  <date>2018-12-13T10:43:57</date>
  <millis>1544715837726</millis>
  <sequence>120</sequence>
  <level>INFO</level>
  <class>com.kms.katalon.core.logging.KeywordLogger</class>
  <method>logMessage</method>
  <thread>1</thread>
  <message>Checking request object</message>
  <nestedLevel>1</nestedLevel>
</record>
<record>
  <date>2018-12-13T10:43:57</date>
  <millis>1544715837883</millis>
  <sequence>121</sequence>
  <level>PASSED</level>
  <class>com.kms.katalon.core.logging.KeywordLogger</class>
  <method>logMessage</method>
  <thread>1</thread>
  <message>Send request successfully</message>
  <nestedLevel>1</nestedLevel>
</record>
<record>
  <date>2018-12-13T10:43:57</date>
  <millis>1544715837885</millis>
  <sequence>122</sequence>
  <level>END</level>
  <class>com.kms.katalon.core.logging.KeywordLogger</class>
  <method>endKeyword</method>
  <thread>1</thread>
  <message>End action : Statement - response1 = theMovieDB.TVShow.getPopular()</message>
  <nestedLevel>1</nestedLevel>
</record>
<record>
  <date>2018-12-13T10:43:57</date>
  <millis>1544715837886</millis>
  <sequence>123</sequence>
  <level>START</level>
  <class>com.kms.katalon.core.logging.KeywordLogger</class>
  <method>startKeyword</method>
  <thread>1</thread>
  <message>Start action : Statement - TVID = theMovieDB.TVShow.getRandomTV(response1)</message>
  <nestedLevel>1</nestedLevel>
  <property name="startLine">25</property>
  <property name="stepIndex">2</property>
</record>
<record>
  <date>2018-12-13T10:43:57</date>
  <millis>1544715837891</millis>
  <sequence>124</sequence>
  <level>END</level>
  <class>com.kms.katalon.core.logging.KeywordLogger</class>
  <method>endKeyword</method>
  <thread>1</thread>
  <message>End action : Statement - TVID = theMovieDB.TVShow.getRandomTV(response1)</message>
  <nestedLevel>1</nestedLevel>
</record>
<record>
  <date>2018-12-13T10:43:57</date>
  <millis>1544715837892</millis>
  <sequence>125</sequence>
  <level>START</level>
  <class>com.kms.katalon.core.logging.KeywordLogger</class>
  <method>startKeyword</method>
  <thread>1</thread>
  <message>Start action : Statement - If (TVID != -1)</message>
  <nestedLevel>1</nestedLevel>
  <property name="startLine">27</property>
  <property name="stepIndex">3</property>
</record>
<record>
  <date>2018-12-13T10:43:57</date>
  <millis>1544715837894</millis>
  <sequence>126</sequence>
  <level>START</level>
  <class>com.kms.katalon.core.logging.KeywordLogger</class>
  <method>startKeyword</method>
  <thread>1</thread>
  <message>Start action : Statement - response1 = theMovieDB.TVShow.getEpisodeGroups(75219)</message>
  <nestedLevel>2</nestedLevel>
  <property name="startLine">28</property>
  <property name="stepIndex">1</property>
</record>
<record>
  <date>2018-12-13T10:43:57</date>
  <millis>1544715837898</millis>
  <sequence>127</sequence>
  <level>INFO</level>
  <class>com.kms.katalon.core.logging.KeywordLogger</class>
  <method>logMessage</method>
  <thread>1</thread>
  <message>Finding Test Object with id &amp;apos;Object Repository/TV/Get Episode Groups&amp;apos;</message>
  <nestedLevel>1</nestedLevel>
</record>
<record>
  <date>2018-12-13T10:43:57</date>
  <millis>1544715837919</millis>
  <sequence>128</sequence>
  <level>INFO</level>
  <class>com.kms.katalon.core.logging.KeywordLogger</class>
  <method>logMessage</method>
  <thread>1</thread>
  <message>Checking request object</message>
  <nestedLevel>1</nestedLevel>
</record>
<record>
  <date>2018-12-13T10:43:58</date>
  <millis>1544715838057</millis>
  <sequence>129</sequence>
  <level>PASSED</level>
  <class>com.kms.katalon.core.logging.KeywordLogger</class>
  <method>logMessage</method>
  <thread>1</thread>
  <message>Send request successfully</message>
  <nestedLevel>1</nestedLevel>
</record>
<record>
  <date>2018-12-13T10:43:58</date>
  <millis>1544715838058</millis>
  <sequence>130</sequence>
  <level>END</level>
  <class>com.kms.katalon.core.logging.KeywordLogger</class>
  <method>endKeyword</method>
  <thread>1</thread>
  <message>End action : Statement - response1 = theMovieDB.TVShow.getEpisodeGroups(75219)</message>
  <nestedLevel>2</nestedLevel>
</record>
<record>
  <date>2018-12-13T10:43:58</date>
  <millis>1544715838059</millis>
  <sequence>131</sequence>
  <level>START</level>
  <class>com.kms.katalon.core.logging.KeywordLogger</class>
  <method>startKeyword</method>
  <thread>1</thread>
  <message>Start action : Statement - theMovieDB.TheMovieDBCommon.printDataValue(response1, \&amp;quot;TV/Get Episode Groups\&amp;quot;)</message>
  <nestedLevel>2</nestedLevel>
  <property name="startLine">29</property>
  <property name="stepIndex">2</property>
</record>
<record>
  <date>2018-12-13T10:43:58</date>
  <millis>1544715838060</millis>
  <sequence>132</sequence>
  <level>END</level>
  <class>com.kms.katalon.core.logging.KeywordLogger</class>
  <method>endKeyword</method>
  <thread>1</thread>
  <message>End action : Statement - theMovieDB.TheMovieDBCommon.printDataValue(response1, \&amp;quot;TV/Get Episode Groups\&amp;quot;)</message>
  <nestedLevel>2</nestedLevel>
</record>
<record>
  <date>2018-12-13T10:43:58</date>
  <millis>1544715838060</millis>
  <sequence>133</sequence>
  <level>END</level>
  <class>com.kms.katalon.core.logging.KeywordLogger</class>
  <method>endKeyword</method>
  <thread>1</thread>
  <message>End action : Statement - If (TVID != -1)</message>
  <nestedLevel>1</nestedLevel>
</record>
<record>
  <date>2018-12-13T10:43:58</date>
  <millis>1544715838061</millis>
  <sequence>134</sequence>
  <level>PASSED</level>
  <class>com.kms.katalon.core.logging.KeywordLogger</class>
  <method>logMessage</method>
  <thread>1</thread>
  <message>Test Cases/TV Shows/06 Get Popular Get Get Episode Groups Then Get Details</message>
  <nestedLevel>1</nestedLevel>
</record>
<record>
  <date>2018-12-13T10:43:58</date>
  <millis>1544715838061</millis>
  <sequence>135</sequence>
  <level>END</level>
  <class>com.kms.katalon.core.logging.KeywordLogger</class>
  <method>endTest</method>
  <thread>1</thread>
  <message>End Test Case : Test Cases/TV Shows/06 Get Popular Get Get Episode Groups Then Get Details</message>
  <nestedLevel>0</nestedLevel>
</record>
<record>
  <date>2018-12-13T10:43:58</date>
  <millis>1544715838122</millis>
  <sequence>136</sequence>
  <level>END</level>
  <class>com.kms.katalon.core.logging.KeywordLogger</class>
  <method>endSuite</method>
  <thread>1</thread>
  <message>End Test Suite : Test Suites/TV Show/TV Show 01 Get Popular and</message>
  <nestedLevel>0</nestedLevel>
</record>
</log>
