<?xml version="1.0" encoding="UTF-8" standalone="no"?>
<!DOCTYPE log SYSTEM "logger.dtd">
<log>
<record>
  <date>2018-12-18T18:43:38</date>
  <millis>1545176618391</millis>
  <sequence>0</sequence>
  <level>START</level>
  <class>com.kms.katalon.core.logging.KeywordLogger</class>
  <method>startSuite</method>
  <thread>1</thread>
  <message>Start Test Suite : Test Suites/Discover/Discovers 02</message>
  <nestedLevel>0</nestedLevel>
  <property name="name">Discovers 02</property>
  <property name="description"></property>
  <property name="id">Test Suites/Discover/Discovers 02</property>
</record>
<record>
  <date>2018-12-18T18:43:38</date>
  <millis>1545176618426</millis>
  <sequence>1</sequence>
  <level>RUN_DATA</level>
  <class>com.kms.katalon.core.logging.KeywordLogger</class>
  <method>logMessage</method>
  <thread>1</thread>
  <message>Logging run data &amp;apos;hostName&amp;apos; with value &amp;apos;hatha - DESKTOP-EG6P0UN.attlocal.net&amp;apos;</message>
  <nestedLevel>0</nestedLevel>
  <property name="hostName">hatha - DESKTOP-EG6P0UN.attlocal.net</property>
</record>
<record>
  <date>2018-12-18T18:43:38</date>
  <millis>1545176618427</millis>
  <sequence>2</sequence>
  <level>RUN_DATA</level>
  <class>com.kms.katalon.core.logging.KeywordLogger</class>
  <method>logMessage</method>
  <thread>1</thread>
  <message>Logging run data &amp;apos;os&amp;apos; with value &amp;apos;Windows 10 64bit&amp;apos;</message>
  <nestedLevel>0</nestedLevel>
  <property name="os">Windows 10 64bit</property>
</record>
<record>
  <date>2018-12-18T18:43:38</date>
  <millis>1545176618433</millis>
  <sequence>3</sequence>
  <level>RUN_DATA</level>
  <class>com.kms.katalon.core.logging.KeywordLogger</class>
  <method>logMessage</method>
  <thread>1</thread>
  <message>Logging run data &amp;apos;hostAddress&amp;apos; with value &amp;apos;192.168.1.80&amp;apos;</message>
  <nestedLevel>0</nestedLevel>
  <property name="hostAddress">192.168.1.80</property>
</record>
<record>
  <date>2018-12-18T18:43:38</date>
  <millis>1545176618435</millis>
  <sequence>4</sequence>
  <level>RUN_DATA</level>
  <class>com.kms.katalon.core.logging.KeywordLogger</class>
  <method>logMessage</method>
  <thread>1</thread>
  <message>Logging run data &amp;apos;katalonVersion&amp;apos; with value &amp;apos;5.8.5.1&amp;apos;</message>
  <nestedLevel>0</nestedLevel>
  <property name="katalonVersion">5.8.5.1</property>
</record>
<record>
  <date>2018-12-18T18:43:38</date>
  <millis>1545176618835</millis>
  <sequence>5</sequence>
  <level>START</level>
  <class>com.kms.katalon.core.logging.KeywordLogger</class>
  <method>startTest</method>
  <thread>1</thread>
  <message>Start Test Case : Test Cases/Discover/07 Test What is are the best movies from 2015</message>
  <nestedLevel>1</nestedLevel>
  <property name="name">Test Cases/Discover/07 Test What is are the best movies from 2015</property>
  <property name="description"></property>
  <property name="id">Test Cases/Discover/07 Test What is are the best movies from 2015</property>
  <property name="source">C:\\Training\\API Testing\\APITestingTheMovieDB\\Test Cases\\Discover\\07 Test What is are the best movies from 2015.tc</property>
  <property name="isOptional">false</property>
</record>
<record>
  <date>2018-12-18T18:43:38</date>
  <millis>1545176618874</millis>
  <sequence>6</sequence>
  <level>INFO</level>
  <class>com.kms.katalon.core.logging.KeywordLogger</class>
  <method>logMessage</method>
  <thread>1</thread>
  <message>Evaluating variables for test case</message>
  <nestedLevel>1</nestedLevel>
</record>
<record>
  <date>2018-12-18T18:43:39</date>
  <millis>1545176619344</millis>
  <sequence>7</sequence>
  <level>START</level>
  <class>com.kms.katalon.core.logging.KeywordLogger</class>
  <method>startKeyword</method>
  <thread>1</thread>
  <message>Start action : Statement - reqObj = com.kms.katalon.core.testobject.ObjectRepository.findTestObject(Discover/Movie Discover)</message>
  <nestedLevel>1</nestedLevel>
  <property name="startLine">21</property>
  <property name="stepIndex">1</property>
</record>
<record>
  <date>2018-12-18T18:43:39</date>
  <millis>1545176619347</millis>
  <sequence>8</sequence>
  <level>INFO</level>
  <class>com.kms.katalon.core.logging.KeywordLogger</class>
  <method>logMessage</method>
  <thread>1</thread>
  <message>Finding Test Object with id &amp;apos;Object Repository/Discover/Movie Discover&amp;apos;</message>
  <nestedLevel>1</nestedLevel>
</record>
<record>
  <date>2018-12-18T18:43:39</date>
  <millis>1545176619388</millis>
  <sequence>9</sequence>
  <level>END</level>
  <class>com.kms.katalon.core.logging.KeywordLogger</class>
  <method>endKeyword</method>
  <thread>1</thread>
  <message>End action : Statement - reqObj = com.kms.katalon.core.testobject.ObjectRepository.findTestObject(Discover/Movie Discover)</message>
  <nestedLevel>1</nestedLevel>
</record>
<record>
  <date>2018-12-18T18:43:39</date>
  <millis>1545176619389</millis>
  <sequence>10</sequence>
  <level>START</level>
  <class>com.kms.katalon.core.logging.KeywordLogger</class>
  <method>startKeyword</method>
  <thread>1</thread>
  <message>Start action : Statement - params = new java.util.ArrayList()</message>
  <nestedLevel>1</nestedLevel>
  <property name="startLine">23</property>
  <property name="stepIndex">2</property>
</record>
<record>
  <date>2018-12-18T18:43:39</date>
  <millis>1545176619391</millis>
  <sequence>11</sequence>
  <level>END</level>
  <class>com.kms.katalon.core.logging.KeywordLogger</class>
  <method>endKeyword</method>
  <thread>1</thread>
  <message>End action : Statement - params = new java.util.ArrayList()</message>
  <nestedLevel>1</nestedLevel>
</record>
<record>
  <date>2018-12-18T18:43:39</date>
  <millis>1545176619391</millis>
  <sequence>12</sequence>
  <level>START</level>
  <class>com.kms.katalon.core.logging.KeywordLogger</class>
  <method>startKeyword</method>
  <thread>1</thread>
  <message>Start action : Statement - params.add(new com.kms.katalon.core.testobject.TestObjectProperty(api_key, com.kms.katalon.core.testobject.ConditionType.EQUALS, internal.GlobalVariable.apiKey))</message>
  <nestedLevel>1</nestedLevel>
  <property name="startLine">24</property>
  <property name="stepIndex">3</property>
</record>
<record>
  <date>2018-12-18T18:43:39</date>
  <millis>1545176619442</millis>
  <sequence>13</sequence>
  <level>END</level>
  <class>com.kms.katalon.core.logging.KeywordLogger</class>
  <method>endKeyword</method>
  <thread>1</thread>
  <message>End action : Statement - params.add(new com.kms.katalon.core.testobject.TestObjectProperty(api_key, com.kms.katalon.core.testobject.ConditionType.EQUALS, internal.GlobalVariable.apiKey))</message>
  <nestedLevel>1</nestedLevel>
</record>
<record>
  <date>2018-12-18T18:43:39</date>
  <millis>1545176619446</millis>
  <sequence>14</sequence>
  <level>START</level>
  <class>com.kms.katalon.core.logging.KeywordLogger</class>
  <method>startKeyword</method>
  <thread>1</thread>
  <message>Start action : Statement - params.add(new com.kms.katalon.core.testobject.TestObjectProperty(primary_release_year, com.kms.katalon.core.testobject.ConditionType.EQUALS, 2015))</message>
  <nestedLevel>1</nestedLevel>
  <property name="startLine">25</property>
  <property name="stepIndex">4</property>
</record>
<record>
  <date>2018-12-18T18:43:39</date>
  <millis>1545176619446</millis>
  <sequence>15</sequence>
  <level>END</level>
  <class>com.kms.katalon.core.logging.KeywordLogger</class>
  <method>endKeyword</method>
  <thread>1</thread>
  <message>End action : Statement - params.add(new com.kms.katalon.core.testobject.TestObjectProperty(primary_release_year, com.kms.katalon.core.testobject.ConditionType.EQUALS, 2015))</message>
  <nestedLevel>1</nestedLevel>
</record>
<record>
  <date>2018-12-18T18:43:39</date>
  <millis>1545176619446</millis>
  <sequence>16</sequence>
  <level>START</level>
  <class>com.kms.katalon.core.logging.KeywordLogger</class>
  <method>startKeyword</method>
  <thread>1</thread>
  <message>Start action : Statement - params.add(new com.kms.katalon.core.testobject.TestObjectProperty(sort_by, com.kms.katalon.core.testobject.ConditionType.EQUALS, vote_average.desc))</message>
  <nestedLevel>1</nestedLevel>
  <property name="startLine">26</property>
  <property name="stepIndex">5</property>
</record>
<record>
  <date>2018-12-18T18:43:39</date>
  <millis>1545176619446</millis>
  <sequence>17</sequence>
  <level>END</level>
  <class>com.kms.katalon.core.logging.KeywordLogger</class>
  <method>endKeyword</method>
  <thread>1</thread>
  <message>End action : Statement - params.add(new com.kms.katalon.core.testobject.TestObjectProperty(sort_by, com.kms.katalon.core.testobject.ConditionType.EQUALS, vote_average.desc))</message>
  <nestedLevel>1</nestedLevel>
</record>
<record>
  <date>2018-12-18T18:43:39</date>
  <millis>1545176619446</millis>
  <sequence>18</sequence>
  <level>START</level>
  <class>com.kms.katalon.core.logging.KeywordLogger</class>
  <method>startKeyword</method>
  <thread>1</thread>
  <message>Start action : Statement - reqObj.setRestParameters(params)</message>
  <nestedLevel>1</nestedLevel>
  <property name="startLine">27</property>
  <property name="stepIndex">6</property>
</record>
<record>
  <date>2018-12-18T18:43:39</date>
  <millis>1545176619469</millis>
  <sequence>19</sequence>
  <level>END</level>
  <class>com.kms.katalon.core.logging.KeywordLogger</class>
  <method>endKeyword</method>
  <thread>1</thread>
  <message>End action : Statement - reqObj.setRestParameters(params)</message>
  <nestedLevel>1</nestedLevel>
</record>
<record>
  <date>2018-12-18T18:43:39</date>
  <millis>1545176619469</millis>
  <sequence>20</sequence>
  <level>START</level>
  <class>com.kms.katalon.core.logging.KeywordLogger</class>
  <method>startKeyword</method>
  <thread>1</thread>
  <message>Start action : Statement - resObj = com.kms.katalon.core.webservice.keyword.WSBuiltInKeywords.sendRequest(reqObj)</message>
  <nestedLevel>1</nestedLevel>
  <property name="startLine">28</property>
  <property name="stepIndex">7</property>
</record>
<record>
  <date>2018-12-18T18:43:39</date>
  <millis>1545176619557</millis>
  <sequence>21</sequence>
  <level>INFO</level>
  <class>com.kms.katalon.core.logging.KeywordLogger</class>
  <method>logMessage</method>
  <thread>1</thread>
  <message>Checking request object</message>
  <nestedLevel>1</nestedLevel>
</record>
<record>
  <date>2018-12-18T18:43:40</date>
  <millis>1545176620905</millis>
  <sequence>22</sequence>
  <level>PASSED</level>
  <class>com.kms.katalon.core.logging.KeywordLogger</class>
  <method>logMessage</method>
  <thread>1</thread>
  <message>Send request successfully</message>
  <nestedLevel>1</nestedLevel>
</record>
<record>
  <date>2018-12-18T18:43:40</date>
  <millis>1545176620906</millis>
  <sequence>23</sequence>
  <level>END</level>
  <class>com.kms.katalon.core.logging.KeywordLogger</class>
  <method>endKeyword</method>
  <thread>1</thread>
  <message>End action : Statement - resObj = com.kms.katalon.core.webservice.keyword.WSBuiltInKeywords.sendRequest(reqObj)</message>
  <nestedLevel>1</nestedLevel>
</record>
<record>
  <date>2018-12-18T18:43:40</date>
  <millis>1545176620906</millis>
  <sequence>24</sequence>
  <level>START</level>
  <class>com.kms.katalon.core.logging.KeywordLogger</class>
  <method>startKeyword</method>
  <thread>1</thread>
  <message>Start action : verifyElementPropertyValue</message>
  <nestedLevel>1</nestedLevel>
  <property name="startLine">30</property>
  <property name="stepIndex">8</property>
</record>
<record>
  <date>2018-12-18T18:43:40</date>
  <millis>1545176620967</millis>
  <sequence>25</sequence>
  <level>INFO</level>
  <class>com.kms.katalon.core.logging.KeywordLogger</class>
  <method>logMessage</method>
  <thread>1</thread>
  <message>Checking response object</message>
  <nestedLevel>1</nestedLevel>
</record>
<record>
  <date>2018-12-18T18:43:41</date>
  <millis>1545176621093</millis>
  <sequence>26</sequence>
  <level>PASSED</level>
  <class>com.kms.katalon.core.logging.KeywordLogger</class>
  <method>logMessage</method>
  <thread>1</thread>
  <message>Verify element property value successfully</message>
  <nestedLevel>1</nestedLevel>
</record>
<record>
  <date>2018-12-18T18:43:41</date>
  <millis>1545176621104</millis>
  <sequence>27</sequence>
  <level>END</level>
  <class>com.kms.katalon.core.logging.KeywordLogger</class>
  <method>endKeyword</method>
  <thread>1</thread>
  <message>End action : verifyElementPropertyValue</message>
  <nestedLevel>1</nestedLevel>
</record>
<record>
  <date>2018-12-18T18:43:41</date>
  <millis>1545176621106</millis>
  <sequence>28</sequence>
  <level>START</level>
  <class>com.kms.katalon.core.logging.KeywordLogger</class>
  <method>startKeyword</method>
  <thread>1</thread>
  <message>Start action : Statement - theMovieDB.TheMovieDBCommon.printDataValue(resObj, \&amp;quot;What is are the best movies from 2015\&amp;quot;)</message>
  <nestedLevel>1</nestedLevel>
  <property name="startLine">32</property>
  <property name="stepIndex">9</property>
</record>
<record>
  <date>2018-12-18T18:43:41</date>
  <millis>1545176621208</millis>
  <sequence>29</sequence>
  <level>END</level>
  <class>com.kms.katalon.core.logging.KeywordLogger</class>
  <method>endKeyword</method>
  <thread>1</thread>
  <message>End action : Statement - theMovieDB.TheMovieDBCommon.printDataValue(resObj, \&amp;quot;What is are the best movies from 2015\&amp;quot;)</message>
  <nestedLevel>1</nestedLevel>
</record>
<record>
  <date>2018-12-18T18:43:41</date>
  <millis>1545176621220</millis>
  <sequence>30</sequence>
  <level>PASSED</level>
  <class>com.kms.katalon.core.logging.KeywordLogger</class>
  <method>logMessage</method>
  <thread>1</thread>
  <message>Test Cases/Discover/07 Test What is are the best movies from 2015</message>
  <nestedLevel>1</nestedLevel>
</record>
<record>
  <date>2018-12-18T18:43:41</date>
  <millis>1545176621221</millis>
  <sequence>31</sequence>
  <level>END</level>
  <class>com.kms.katalon.core.logging.KeywordLogger</class>
  <method>endTest</method>
  <thread>1</thread>
  <message>End Test Case : Test Cases/Discover/07 Test What is are the best movies from 2015</message>
  <nestedLevel>0</nestedLevel>
</record>
<record>
  <date>2018-12-18T18:43:41</date>
  <millis>1545176621278</millis>
  <sequence>32</sequence>
  <level>START</level>
  <class>com.kms.katalon.core.logging.KeywordLogger</class>
  <method>startTest</method>
  <thread>1</thread>
  <message>Start Test Case : Test Cases/Discover/08 Test What are the best dramas that were released this year</message>
  <nestedLevel>1</nestedLevel>
  <property name="name">Test Cases/Discover/08 Test What are the best dramas that were released this year</property>
  <property name="description"></property>
  <property name="id">Test Cases/Discover/08 Test What are the best dramas that were released this year</property>
  <property name="source">C:\\Training\\API Testing\\APITestingTheMovieDB\\Test Cases\\Discover\\08 Test What are the best dramas that were released this year.tc</property>
  <property name="isOptional">false</property>
</record>
<record>
  <date>2018-12-18T18:43:41</date>
  <millis>1545176621281</millis>
  <sequence>33</sequence>
  <level>INFO</level>
  <class>com.kms.katalon.core.logging.KeywordLogger</class>
  <method>logMessage</method>
  <thread>1</thread>
  <message>Evaluating variables for test case</message>
  <nestedLevel>1</nestedLevel>
</record>
<record>
  <date>2018-12-18T18:43:41</date>
  <millis>1545176621610</millis>
  <sequence>34</sequence>
  <level>START</level>
  <class>com.kms.katalon.core.logging.KeywordLogger</class>
  <method>startKeyword</method>
  <thread>1</thread>
  <message>Start action : Statement - reqObj = com.kms.katalon.core.testobject.ObjectRepository.findTestObject(Discover/Movie Discover)</message>
  <nestedLevel>1</nestedLevel>
  <property name="startLine">21</property>
  <property name="stepIndex">1</property>
</record>
<record>
  <date>2018-12-18T18:43:41</date>
  <millis>1545176621611</millis>
  <sequence>35</sequence>
  <level>INFO</level>
  <class>com.kms.katalon.core.logging.KeywordLogger</class>
  <method>logMessage</method>
  <thread>1</thread>
  <message>Finding Test Object with id &amp;apos;Object Repository/Discover/Movie Discover&amp;apos;</message>
  <nestedLevel>1</nestedLevel>
</record>
<record>
  <date>2018-12-18T18:43:41</date>
  <millis>1545176621624</millis>
  <sequence>36</sequence>
  <level>END</level>
  <class>com.kms.katalon.core.logging.KeywordLogger</class>
  <method>endKeyword</method>
  <thread>1</thread>
  <message>End action : Statement - reqObj = com.kms.katalon.core.testobject.ObjectRepository.findTestObject(Discover/Movie Discover)</message>
  <nestedLevel>1</nestedLevel>
</record>
<record>
  <date>2018-12-18T18:43:41</date>
  <millis>1545176621625</millis>
  <sequence>37</sequence>
  <level>START</level>
  <class>com.kms.katalon.core.logging.KeywordLogger</class>
  <method>startKeyword</method>
  <thread>1</thread>
  <message>Start action : Statement - params = new java.util.ArrayList()</message>
  <nestedLevel>1</nestedLevel>
  <property name="startLine">23</property>
  <property name="stepIndex">2</property>
</record>
<record>
  <date>2018-12-18T18:43:41</date>
  <millis>1545176621625</millis>
  <sequence>38</sequence>
  <level>END</level>
  <class>com.kms.katalon.core.logging.KeywordLogger</class>
  <method>endKeyword</method>
  <thread>1</thread>
  <message>End action : Statement - params = new java.util.ArrayList()</message>
  <nestedLevel>1</nestedLevel>
</record>
<record>
  <date>2018-12-18T18:43:41</date>
  <millis>1545176621625</millis>
  <sequence>39</sequence>
  <level>START</level>
  <class>com.kms.katalon.core.logging.KeywordLogger</class>
  <method>startKeyword</method>
  <thread>1</thread>
  <message>Start action : Statement - params.add(new com.kms.katalon.core.testobject.TestObjectProperty(api_key, com.kms.katalon.core.testobject.ConditionType.EQUALS, internal.GlobalVariable.apiKey))</message>
  <nestedLevel>1</nestedLevel>
  <property name="startLine">24</property>
  <property name="stepIndex">3</property>
</record>
<record>
  <date>2018-12-18T18:43:41</date>
  <millis>1545176621625</millis>
  <sequence>40</sequence>
  <level>END</level>
  <class>com.kms.katalon.core.logging.KeywordLogger</class>
  <method>endKeyword</method>
  <thread>1</thread>
  <message>End action : Statement - params.add(new com.kms.katalon.core.testobject.TestObjectProperty(api_key, com.kms.katalon.core.testobject.ConditionType.EQUALS, internal.GlobalVariable.apiKey))</message>
  <nestedLevel>1</nestedLevel>
</record>
<record>
  <date>2018-12-18T18:43:41</date>
  <millis>1545176621625</millis>
  <sequence>41</sequence>
  <level>START</level>
  <class>com.kms.katalon.core.logging.KeywordLogger</class>
  <method>startKeyword</method>
  <thread>1</thread>
  <message>Start action : Statement - params.add(new com.kms.katalon.core.testobject.TestObjectProperty(primary_release_year, com.kms.katalon.core.testobject.ConditionType.EQUALS, 2018))</message>
  <nestedLevel>1</nestedLevel>
  <property name="startLine">25</property>
  <property name="stepIndex">4</property>
</record>
<record>
  <date>2018-12-18T18:43:41</date>
  <millis>1545176621625</millis>
  <sequence>42</sequence>
  <level>END</level>
  <class>com.kms.katalon.core.logging.KeywordLogger</class>
  <method>endKeyword</method>
  <thread>1</thread>
  <message>End action : Statement - params.add(new com.kms.katalon.core.testobject.TestObjectProperty(primary_release_year, com.kms.katalon.core.testobject.ConditionType.EQUALS, 2018))</message>
  <nestedLevel>1</nestedLevel>
</record>
<record>
  <date>2018-12-18T18:43:41</date>
  <millis>1545176621625</millis>
  <sequence>43</sequence>
  <level>START</level>
  <class>com.kms.katalon.core.logging.KeywordLogger</class>
  <method>startKeyword</method>
  <thread>1</thread>
  <message>Start action : Statement - params.add(new com.kms.katalon.core.testobject.TestObjectProperty(with_genres, com.kms.katalon.core.testobject.ConditionType.EQUALS, 18))</message>
  <nestedLevel>1</nestedLevel>
  <property name="startLine">26</property>
  <property name="stepIndex">5</property>
</record>
<record>
  <date>2018-12-18T18:43:41</date>
  <millis>1545176621625</millis>
  <sequence>44</sequence>
  <level>END</level>
  <class>com.kms.katalon.core.logging.KeywordLogger</class>
  <method>endKeyword</method>
  <thread>1</thread>
  <message>End action : Statement - params.add(new com.kms.katalon.core.testobject.TestObjectProperty(with_genres, com.kms.katalon.core.testobject.ConditionType.EQUALS, 18))</message>
  <nestedLevel>1</nestedLevel>
</record>
<record>
  <date>2018-12-18T18:43:41</date>
  <millis>1545176621625</millis>
  <sequence>45</sequence>
  <level>START</level>
  <class>com.kms.katalon.core.logging.KeywordLogger</class>
  <method>startKeyword</method>
  <thread>1</thread>
  <message>Start action : Statement - params.add(new com.kms.katalon.core.testobject.TestObjectProperty(sort_by, com.kms.katalon.core.testobject.ConditionType.EQUALS, vote_average.desc))</message>
  <nestedLevel>1</nestedLevel>
  <property name="startLine">27</property>
  <property name="stepIndex">6</property>
</record>
<record>
  <date>2018-12-18T18:43:41</date>
  <millis>1545176621625</millis>
  <sequence>46</sequence>
  <level>END</level>
  <class>com.kms.katalon.core.logging.KeywordLogger</class>
  <method>endKeyword</method>
  <thread>1</thread>
  <message>End action : Statement - params.add(new com.kms.katalon.core.testobject.TestObjectProperty(sort_by, com.kms.katalon.core.testobject.ConditionType.EQUALS, vote_average.desc))</message>
  <nestedLevel>1</nestedLevel>
</record>
<record>
  <date>2018-12-18T18:43:41</date>
  <millis>1545176621625</millis>
  <sequence>47</sequence>
  <level>START</level>
  <class>com.kms.katalon.core.logging.KeywordLogger</class>
  <method>startKeyword</method>
  <thread>1</thread>
  <message>Start action : Statement - reqObj.setRestParameters(params)</message>
  <nestedLevel>1</nestedLevel>
  <property name="startLine">28</property>
  <property name="stepIndex">7</property>
</record>
<record>
  <date>2018-12-18T18:43:41</date>
  <millis>1545176621625</millis>
  <sequence>48</sequence>
  <level>END</level>
  <class>com.kms.katalon.core.logging.KeywordLogger</class>
  <method>endKeyword</method>
  <thread>1</thread>
  <message>End action : Statement - reqObj.setRestParameters(params)</message>
  <nestedLevel>1</nestedLevel>
</record>
<record>
  <date>2018-12-18T18:43:41</date>
  <millis>1545176621641</millis>
  <sequence>49</sequence>
  <level>START</level>
  <class>com.kms.katalon.core.logging.KeywordLogger</class>
  <method>startKeyword</method>
  <thread>1</thread>
  <message>Start action : Statement - resObj = com.kms.katalon.core.webservice.keyword.WSBuiltInKeywords.sendRequest(reqObj)</message>
  <nestedLevel>1</nestedLevel>
  <property name="startLine">29</property>
  <property name="stepIndex">8</property>
</record>
<record>
  <date>2018-12-18T18:43:41</date>
  <millis>1545176621641</millis>
  <sequence>50</sequence>
  <level>INFO</level>
  <class>com.kms.katalon.core.logging.KeywordLogger</class>
  <method>logMessage</method>
  <thread>1</thread>
  <message>Checking request object</message>
  <nestedLevel>1</nestedLevel>
</record>
<record>
  <date>2018-12-18T18:43:41</date>
  <millis>1545176621787</millis>
  <sequence>51</sequence>
  <level>PASSED</level>
  <class>com.kms.katalon.core.logging.KeywordLogger</class>
  <method>logMessage</method>
  <thread>1</thread>
  <message>Send request successfully</message>
  <nestedLevel>1</nestedLevel>
</record>
<record>
  <date>2018-12-18T18:43:41</date>
  <millis>1545176621787</millis>
  <sequence>52</sequence>
  <level>END</level>
  <class>com.kms.katalon.core.logging.KeywordLogger</class>
  <method>endKeyword</method>
  <thread>1</thread>
  <message>End action : Statement - resObj = com.kms.katalon.core.webservice.keyword.WSBuiltInKeywords.sendRequest(reqObj)</message>
  <nestedLevel>1</nestedLevel>
</record>
<record>
  <date>2018-12-18T18:43:41</date>
  <millis>1545176621787</millis>
  <sequence>53</sequence>
  <level>START</level>
  <class>com.kms.katalon.core.logging.KeywordLogger</class>
  <method>startKeyword</method>
  <thread>1</thread>
  <message>Start action : verifyElementPropertyValue</message>
  <nestedLevel>1</nestedLevel>
  <property name="startLine">31</property>
  <property name="stepIndex">9</property>
</record>
<record>
  <date>2018-12-18T18:43:41</date>
  <millis>1545176621787</millis>
  <sequence>54</sequence>
  <level>INFO</level>
  <class>com.kms.katalon.core.logging.KeywordLogger</class>
  <method>logMessage</method>
  <thread>1</thread>
  <message>Checking response object</message>
  <nestedLevel>1</nestedLevel>
</record>
<record>
  <date>2018-12-18T18:43:41</date>
  <millis>1545176621820</millis>
  <sequence>55</sequence>
  <level>PASSED</level>
  <class>com.kms.katalon.core.logging.KeywordLogger</class>
  <method>logMessage</method>
  <thread>1</thread>
  <message>Verify element property value successfully</message>
  <nestedLevel>1</nestedLevel>
</record>
<record>
  <date>2018-12-18T18:43:41</date>
  <millis>1545176621820</millis>
  <sequence>56</sequence>
  <level>END</level>
  <class>com.kms.katalon.core.logging.KeywordLogger</class>
  <method>endKeyword</method>
  <thread>1</thread>
  <message>End action : verifyElementPropertyValue</message>
  <nestedLevel>1</nestedLevel>
</record>
<record>
  <date>2018-12-18T18:43:41</date>
  <millis>1545176621820</millis>
  <sequence>57</sequence>
  <level>START</level>
  <class>com.kms.katalon.core.logging.KeywordLogger</class>
  <method>startKeyword</method>
  <thread>1</thread>
  <message>Start action : Statement - theMovieDB.TheMovieDBCommon.printDataValue(resObj, \&amp;quot;What are the best dramas that were released this year\&amp;quot;)</message>
  <nestedLevel>1</nestedLevel>
  <property name="startLine">33</property>
  <property name="stepIndex">10</property>
</record>
<record>
  <date>2018-12-18T18:43:41</date>
  <millis>1545176621856</millis>
  <sequence>58</sequence>
  <level>END</level>
  <class>com.kms.katalon.core.logging.KeywordLogger</class>
  <method>endKeyword</method>
  <thread>1</thread>
  <message>End action : Statement - theMovieDB.TheMovieDBCommon.printDataValue(resObj, \&amp;quot;What are the best dramas that were released this year\&amp;quot;)</message>
  <nestedLevel>1</nestedLevel>
</record>
<record>
  <date>2018-12-18T18:43:41</date>
  <millis>1545176621863</millis>
  <sequence>59</sequence>
  <level>PASSED</level>
  <class>com.kms.katalon.core.logging.KeywordLogger</class>
  <method>logMessage</method>
  <thread>1</thread>
  <message>Test Cases/Discover/08 Test What are the best dramas that were released this year</message>
  <nestedLevel>1</nestedLevel>
</record>
<record>
  <date>2018-12-18T18:43:41</date>
  <millis>1545176621863</millis>
  <sequence>60</sequence>
  <level>END</level>
  <class>com.kms.katalon.core.logging.KeywordLogger</class>
  <method>endTest</method>
  <thread>1</thread>
  <message>End Test Case : Test Cases/Discover/08 Test What are the best dramas that were released this year</message>
  <nestedLevel>0</nestedLevel>
</record>
<record>
  <date>2018-12-18T18:43:41</date>
  <millis>1545176621883</millis>
  <sequence>61</sequence>
  <level>START</level>
  <class>com.kms.katalon.core.logging.KeywordLogger</class>
  <method>startTest</method>
  <thread>1</thread>
  <message>Start Test Case : Test Cases/Discover/09 Test What are the highest rated science fiction movies that Tom Cruise has been in</message>
  <nestedLevel>1</nestedLevel>
  <property name="name">Test Cases/Discover/09 Test What are the highest rated science fiction movies that Tom Cruise has been in</property>
  <property name="description"></property>
  <property name="id">Test Cases/Discover/09 Test What are the highest rated science fiction movies that Tom Cruise has been in</property>
  <property name="source">C:\\Training\\API Testing\\APITestingTheMovieDB\\Test Cases\\Discover\\09 Test What are the highest rated science fiction movies that Tom Cruise has been in.tc</property>
  <property name="isOptional">false</property>
</record>
<record>
  <date>2018-12-18T18:43:41</date>
  <millis>1545176621883</millis>
  <sequence>62</sequence>
  <level>INFO</level>
  <class>com.kms.katalon.core.logging.KeywordLogger</class>
  <method>logMessage</method>
  <thread>1</thread>
  <message>Evaluating variables for test case</message>
  <nestedLevel>1</nestedLevel>
</record>
<record>
  <date>2018-12-18T18:43:42</date>
  <millis>1545176622293</millis>
  <sequence>63</sequence>
  <level>START</level>
  <class>com.kms.katalon.core.logging.KeywordLogger</class>
  <method>startKeyword</method>
  <thread>1</thread>
  <message>Start action : Statement - reqObj = com.kms.katalon.core.testobject.ObjectRepository.findTestObject(Discover/Movie Discover)</message>
  <nestedLevel>1</nestedLevel>
  <property name="startLine">21</property>
  <property name="stepIndex">1</property>
</record>
<record>
  <date>2018-12-18T18:43:42</date>
  <millis>1545176622296</millis>
  <sequence>64</sequence>
  <level>INFO</level>
  <class>com.kms.katalon.core.logging.KeywordLogger</class>
  <method>logMessage</method>
  <thread>1</thread>
  <message>Finding Test Object with id &amp;apos;Object Repository/Discover/Movie Discover&amp;apos;</message>
  <nestedLevel>1</nestedLevel>
</record>
<record>
  <date>2018-12-18T18:43:42</date>
  <millis>1545176622297</millis>
  <sequence>65</sequence>
  <level>END</level>
  <class>com.kms.katalon.core.logging.KeywordLogger</class>
  <method>endKeyword</method>
  <thread>1</thread>
  <message>End action : Statement - reqObj = com.kms.katalon.core.testobject.ObjectRepository.findTestObject(Discover/Movie Discover)</message>
  <nestedLevel>1</nestedLevel>
</record>
<record>
  <date>2018-12-18T18:43:42</date>
  <millis>1545176622297</millis>
  <sequence>66</sequence>
  <level>START</level>
  <class>com.kms.katalon.core.logging.KeywordLogger</class>
  <method>startKeyword</method>
  <thread>1</thread>
  <message>Start action : Statement - params = new java.util.ArrayList()</message>
  <nestedLevel>1</nestedLevel>
  <property name="startLine">23</property>
  <property name="stepIndex">2</property>
</record>
<record>
  <date>2018-12-18T18:43:42</date>
  <millis>1545176622297</millis>
  <sequence>67</sequence>
  <level>END</level>
  <class>com.kms.katalon.core.logging.KeywordLogger</class>
  <method>endKeyword</method>
  <thread>1</thread>
  <message>End action : Statement - params = new java.util.ArrayList()</message>
  <nestedLevel>1</nestedLevel>
</record>
<record>
  <date>2018-12-18T18:43:42</date>
  <millis>1545176622308</millis>
  <sequence>68</sequence>
  <level>START</level>
  <class>com.kms.katalon.core.logging.KeywordLogger</class>
  <method>startKeyword</method>
  <thread>1</thread>
  <message>Start action : Statement - params.add(new com.kms.katalon.core.testobject.TestObjectProperty(api_key, com.kms.katalon.core.testobject.ConditionType.EQUALS, internal.GlobalVariable.apiKey))</message>
  <nestedLevel>1</nestedLevel>
  <property name="startLine">24</property>
  <property name="stepIndex">3</property>
</record>
<record>
  <date>2018-12-18T18:43:42</date>
  <millis>1545176622311</millis>
  <sequence>69</sequence>
  <level>END</level>
  <class>com.kms.katalon.core.logging.KeywordLogger</class>
  <method>endKeyword</method>
  <thread>1</thread>
  <message>End action : Statement - params.add(new com.kms.katalon.core.testobject.TestObjectProperty(api_key, com.kms.katalon.core.testobject.ConditionType.EQUALS, internal.GlobalVariable.apiKey))</message>
  <nestedLevel>1</nestedLevel>
</record>
<record>
  <date>2018-12-18T18:43:42</date>
  <millis>1545176622311</millis>
  <sequence>70</sequence>
  <level>START</level>
  <class>com.kms.katalon.core.logging.KeywordLogger</class>
  <method>startKeyword</method>
  <thread>1</thread>
  <message>Start action : Statement - params.add(new com.kms.katalon.core.testobject.TestObjectProperty(with_genres, com.kms.katalon.core.testobject.ConditionType.EQUALS, 878))</message>
  <nestedLevel>1</nestedLevel>
  <property name="startLine">25</property>
  <property name="stepIndex">4</property>
</record>
<record>
  <date>2018-12-18T18:43:42</date>
  <millis>1545176622311</millis>
  <sequence>71</sequence>
  <level>END</level>
  <class>com.kms.katalon.core.logging.KeywordLogger</class>
  <method>endKeyword</method>
  <thread>1</thread>
  <message>End action : Statement - params.add(new com.kms.katalon.core.testobject.TestObjectProperty(with_genres, com.kms.katalon.core.testobject.ConditionType.EQUALS, 878))</message>
  <nestedLevel>1</nestedLevel>
</record>
<record>
  <date>2018-12-18T18:43:42</date>
  <millis>1545176622311</millis>
  <sequence>72</sequence>
  <level>START</level>
  <class>com.kms.katalon.core.logging.KeywordLogger</class>
  <method>startKeyword</method>
  <thread>1</thread>
  <message>Start action : Statement - params.add(new com.kms.katalon.core.testobject.TestObjectProperty(with_cast, com.kms.katalon.core.testobject.ConditionType.EQUALS, 500))</message>
  <nestedLevel>1</nestedLevel>
  <property name="startLine">26</property>
  <property name="stepIndex">5</property>
</record>
<record>
  <date>2018-12-18T18:43:42</date>
  <millis>1545176622311</millis>
  <sequence>73</sequence>
  <level>END</level>
  <class>com.kms.katalon.core.logging.KeywordLogger</class>
  <method>endKeyword</method>
  <thread>1</thread>
  <message>End action : Statement - params.add(new com.kms.katalon.core.testobject.TestObjectProperty(with_cast, com.kms.katalon.core.testobject.ConditionType.EQUALS, 500))</message>
  <nestedLevel>1</nestedLevel>
</record>
<record>
  <date>2018-12-18T18:43:42</date>
  <millis>1545176622311</millis>
  <sequence>74</sequence>
  <level>START</level>
  <class>com.kms.katalon.core.logging.KeywordLogger</class>
  <method>startKeyword</method>
  <thread>1</thread>
  <message>Start action : Statement - params.add(new com.kms.katalon.core.testobject.TestObjectProperty(sort_by, com.kms.katalon.core.testobject.ConditionType.EQUALS, vote_average.desc))</message>
  <nestedLevel>1</nestedLevel>
  <property name="startLine">27</property>
  <property name="stepIndex">6</property>
</record>
<record>
  <date>2018-12-18T18:43:42</date>
  <millis>1545176622311</millis>
  <sequence>75</sequence>
  <level>END</level>
  <class>com.kms.katalon.core.logging.KeywordLogger</class>
  <method>endKeyword</method>
  <thread>1</thread>
  <message>End action : Statement - params.add(new com.kms.katalon.core.testobject.TestObjectProperty(sort_by, com.kms.katalon.core.testobject.ConditionType.EQUALS, vote_average.desc))</message>
  <nestedLevel>1</nestedLevel>
</record>
<record>
  <date>2018-12-18T18:43:42</date>
  <millis>1545176622311</millis>
  <sequence>76</sequence>
  <level>START</level>
  <class>com.kms.katalon.core.logging.KeywordLogger</class>
  <method>startKeyword</method>
  <thread>1</thread>
  <message>Start action : Statement - reqObj.setRestParameters(params)</message>
  <nestedLevel>1</nestedLevel>
  <property name="startLine">28</property>
  <property name="stepIndex">7</property>
</record>
<record>
  <date>2018-12-18T18:43:42</date>
  <millis>1545176622311</millis>
  <sequence>77</sequence>
  <level>END</level>
  <class>com.kms.katalon.core.logging.KeywordLogger</class>
  <method>endKeyword</method>
  <thread>1</thread>
  <message>End action : Statement - reqObj.setRestParameters(params)</message>
  <nestedLevel>1</nestedLevel>
</record>
<record>
  <date>2018-12-18T18:43:42</date>
  <millis>1545176622311</millis>
  <sequence>78</sequence>
  <level>START</level>
  <class>com.kms.katalon.core.logging.KeywordLogger</class>
  <method>startKeyword</method>
  <thread>1</thread>
  <message>Start action : Statement - resObj = com.kms.katalon.core.webservice.keyword.WSBuiltInKeywords.sendRequest(reqObj)</message>
  <nestedLevel>1</nestedLevel>
  <property name="startLine">29</property>
  <property name="stepIndex">8</property>
</record>
<record>
  <date>2018-12-18T18:43:42</date>
  <millis>1545176622311</millis>
  <sequence>79</sequence>
  <level>INFO</level>
  <class>com.kms.katalon.core.logging.KeywordLogger</class>
  <method>logMessage</method>
  <thread>1</thread>
  <message>Checking request object</message>
  <nestedLevel>1</nestedLevel>
</record>
<record>
  <date>2018-12-18T18:43:42</date>
  <millis>1545176622492</millis>
  <sequence>80</sequence>
  <level>PASSED</level>
  <class>com.kms.katalon.core.logging.KeywordLogger</class>
  <method>logMessage</method>
  <thread>1</thread>
  <message>Send request successfully</message>
  <nestedLevel>1</nestedLevel>
</record>
<record>
  <date>2018-12-18T18:43:42</date>
  <millis>1545176622493</millis>
  <sequence>81</sequence>
  <level>END</level>
  <class>com.kms.katalon.core.logging.KeywordLogger</class>
  <method>endKeyword</method>
  <thread>1</thread>
  <message>End action : Statement - resObj = com.kms.katalon.core.webservice.keyword.WSBuiltInKeywords.sendRequest(reqObj)</message>
  <nestedLevel>1</nestedLevel>
</record>
<record>
  <date>2018-12-18T18:43:42</date>
  <millis>1545176622493</millis>
  <sequence>82</sequence>
  <level>START</level>
  <class>com.kms.katalon.core.logging.KeywordLogger</class>
  <method>startKeyword</method>
  <thread>1</thread>
  <message>Start action : verifyElementPropertyValue</message>
  <nestedLevel>1</nestedLevel>
  <property name="startLine">31</property>
  <property name="stepIndex">9</property>
</record>
<record>
  <date>2018-12-18T18:43:42</date>
  <millis>1545176622493</millis>
  <sequence>83</sequence>
  <level>INFO</level>
  <class>com.kms.katalon.core.logging.KeywordLogger</class>
  <method>logMessage</method>
  <thread>1</thread>
  <message>Checking response object</message>
  <nestedLevel>1</nestedLevel>
</record>
<record>
  <date>2018-12-18T18:43:42</date>
  <millis>1545176622508</millis>
  <sequence>84</sequence>
  <level>PASSED</level>
  <class>com.kms.katalon.core.logging.KeywordLogger</class>
  <method>logMessage</method>
  <thread>1</thread>
  <message>Verify element property value successfully</message>
  <nestedLevel>1</nestedLevel>
</record>
<record>
  <date>2018-12-18T18:43:42</date>
  <millis>1545176622508</millis>
  <sequence>85</sequence>
  <level>END</level>
  <class>com.kms.katalon.core.logging.KeywordLogger</class>
  <method>endKeyword</method>
  <thread>1</thread>
  <message>End action : verifyElementPropertyValue</message>
  <nestedLevel>1</nestedLevel>
</record>
<record>
  <date>2018-12-18T18:43:42</date>
  <millis>1545176622508</millis>
  <sequence>86</sequence>
  <level>START</level>
  <class>com.kms.katalon.core.logging.KeywordLogger</class>
  <method>startKeyword</method>
  <thread>1</thread>
  <message>Start action : Statement - theMovieDB.TheMovieDBCommon.printDataValue(resObj, \&amp;quot;What are the most popular movies\&amp;quot;)</message>
  <nestedLevel>1</nestedLevel>
  <property name="startLine">33</property>
  <property name="stepIndex">10</property>
</record>
<record>
  <date>2018-12-18T18:43:42</date>
  <millis>1545176622508</millis>
  <sequence>87</sequence>
  <level>END</level>
  <class>com.kms.katalon.core.logging.KeywordLogger</class>
  <method>endKeyword</method>
  <thread>1</thread>
  <message>End action : Statement - theMovieDB.TheMovieDBCommon.printDataValue(resObj, \&amp;quot;What are the most popular movies\&amp;quot;)</message>
  <nestedLevel>1</nestedLevel>
</record>
<record>
  <date>2018-12-18T18:43:42</date>
  <millis>1545176622508</millis>
  <sequence>88</sequence>
  <level>PASSED</level>
  <class>com.kms.katalon.core.logging.KeywordLogger</class>
  <method>logMessage</method>
  <thread>1</thread>
  <message>Test Cases/Discover/09 Test What are the highest rated science fiction movies that Tom Cruise has been in</message>
  <nestedLevel>1</nestedLevel>
</record>
<record>
  <date>2018-12-18T18:43:42</date>
  <millis>1545176622508</millis>
  <sequence>89</sequence>
  <level>END</level>
  <class>com.kms.katalon.core.logging.KeywordLogger</class>
  <method>endTest</method>
  <thread>1</thread>
  <message>End Test Case : Test Cases/Discover/09 Test What are the highest rated science fiction movies that Tom Cruise has been in</message>
  <nestedLevel>0</nestedLevel>
</record>
<record>
  <date>2018-12-18T18:43:42</date>
  <millis>1545176622508</millis>
  <sequence>90</sequence>
  <level>START</level>
  <class>com.kms.katalon.core.logging.KeywordLogger</class>
  <method>startTest</method>
  <thread>1</thread>
  <message>Start Test Case : Test Cases/Discover/10 Test Has David Fincher ever worked with Rooney Mara</message>
  <nestedLevel>1</nestedLevel>
  <property name="name">Test Cases/Discover/10 Test Has David Fincher ever worked with Rooney Mara</property>
  <property name="description"></property>
  <property name="id">Test Cases/Discover/10 Test Has David Fincher ever worked with Rooney Mara</property>
  <property name="source">C:\\Training\\API Testing\\APITestingTheMovieDB\\Test Cases\\Discover\\10 Test Has David Fincher ever worked with Rooney Mara.tc</property>
  <property name="isOptional">false</property>
</record>
<record>
  <date>2018-12-18T18:43:42</date>
  <millis>1545176622548</millis>
  <sequence>91</sequence>
  <level>INFO</level>
  <class>com.kms.katalon.core.logging.KeywordLogger</class>
  <method>logMessage</method>
  <thread>1</thread>
  <message>Evaluating variables for test case</message>
  <nestedLevel>1</nestedLevel>
</record>
<record>
  <date>2018-12-18T18:43:42</date>
  <millis>1545176622934</millis>
  <sequence>92</sequence>
  <level>START</level>
  <class>com.kms.katalon.core.logging.KeywordLogger</class>
  <method>startKeyword</method>
  <thread>1</thread>
  <message>Start action : Statement - reqObj = com.kms.katalon.core.testobject.ObjectRepository.findTestObject(Discover/Movie Discover)</message>
  <nestedLevel>1</nestedLevel>
  <property name="startLine">22</property>
  <property name="stepIndex">1</property>
</record>
<record>
  <date>2018-12-18T18:43:42</date>
  <millis>1545176622934</millis>
  <sequence>93</sequence>
  <level>INFO</level>
  <class>com.kms.katalon.core.logging.KeywordLogger</class>
  <method>logMessage</method>
  <thread>1</thread>
  <message>Finding Test Object with id &amp;apos;Object Repository/Discover/Movie Discover&amp;apos;</message>
  <nestedLevel>1</nestedLevel>
</record>
<record>
  <date>2018-12-18T18:43:42</date>
  <millis>1545176622934</millis>
  <sequence>94</sequence>
  <level>END</level>
  <class>com.kms.katalon.core.logging.KeywordLogger</class>
  <method>endKeyword</method>
  <thread>1</thread>
  <message>End action : Statement - reqObj = com.kms.katalon.core.testobject.ObjectRepository.findTestObject(Discover/Movie Discover)</message>
  <nestedLevel>1</nestedLevel>
</record>
<record>
  <date>2018-12-18T18:43:42</date>
  <millis>1545176622934</millis>
  <sequence>95</sequence>
  <level>START</level>
  <class>com.kms.katalon.core.logging.KeywordLogger</class>
  <method>startKeyword</method>
  <thread>1</thread>
  <message>Start action : Statement - params = new java.util.ArrayList()</message>
  <nestedLevel>1</nestedLevel>
  <property name="startLine">24</property>
  <property name="stepIndex">2</property>
</record>
<record>
  <date>2018-12-18T18:43:42</date>
  <millis>1545176622934</millis>
  <sequence>96</sequence>
  <level>END</level>
  <class>com.kms.katalon.core.logging.KeywordLogger</class>
  <method>endKeyword</method>
  <thread>1</thread>
  <message>End action : Statement - params = new java.util.ArrayList()</message>
  <nestedLevel>1</nestedLevel>
</record>
<record>
  <date>2018-12-18T18:43:42</date>
  <millis>1545176622934</millis>
  <sequence>97</sequence>
  <level>START</level>
  <class>com.kms.katalon.core.logging.KeywordLogger</class>
  <method>startKeyword</method>
  <thread>1</thread>
  <message>Start action : Statement - params.add(new com.kms.katalon.core.testobject.TestObjectProperty(api_key, com.kms.katalon.core.testobject.ConditionType.EQUALS, internal.GlobalVariable.apiKey))</message>
  <nestedLevel>1</nestedLevel>
  <property name="startLine">25</property>
  <property name="stepIndex">3</property>
</record>
<record>
  <date>2018-12-18T18:43:42</date>
  <millis>1545176622950</millis>
  <sequence>98</sequence>
  <level>END</level>
  <class>com.kms.katalon.core.logging.KeywordLogger</class>
  <method>endKeyword</method>
  <thread>1</thread>
  <message>End action : Statement - params.add(new com.kms.katalon.core.testobject.TestObjectProperty(api_key, com.kms.katalon.core.testobject.ConditionType.EQUALS, internal.GlobalVariable.apiKey))</message>
  <nestedLevel>1</nestedLevel>
</record>
<record>
  <date>2018-12-18T18:43:42</date>
  <millis>1545176622950</millis>
  <sequence>99</sequence>
  <level>START</level>
  <class>com.kms.katalon.core.logging.KeywordLogger</class>
  <method>startKeyword</method>
  <thread>1</thread>
  <message>Start action : Statement - params.add(new com.kms.katalon.core.testobject.TestObjectProperty(with_people, com.kms.katalon.core.testobject.ConditionType.EQUALS, 108916,7467))</message>
  <nestedLevel>1</nestedLevel>
  <property name="startLine">26</property>
  <property name="stepIndex">4</property>
</record>
<record>
  <date>2018-12-18T18:43:42</date>
  <millis>1545176622950</millis>
  <sequence>100</sequence>
  <level>END</level>
  <class>com.kms.katalon.core.logging.KeywordLogger</class>
  <method>endKeyword</method>
  <thread>1</thread>
  <message>End action : Statement - params.add(new com.kms.katalon.core.testobject.TestObjectProperty(with_people, com.kms.katalon.core.testobject.ConditionType.EQUALS, 108916,7467))</message>
  <nestedLevel>1</nestedLevel>
</record>
<record>
  <date>2018-12-18T18:43:42</date>
  <millis>1545176622950</millis>
  <sequence>101</sequence>
  <level>START</level>
  <class>com.kms.katalon.core.logging.KeywordLogger</class>
  <method>startKeyword</method>
  <thread>1</thread>
  <message>Start action : Statement - params.add(new com.kms.katalon.core.testobject.TestObjectProperty(sort_by, com.kms.katalon.core.testobject.ConditionType.EQUALS, popularity.desc))</message>
  <nestedLevel>1</nestedLevel>
  <property name="startLine">27</property>
  <property name="stepIndex">5</property>
</record>
<record>
  <date>2018-12-18T18:43:42</date>
  <millis>1545176622950</millis>
  <sequence>102</sequence>
  <level>END</level>
  <class>com.kms.katalon.core.logging.KeywordLogger</class>
  <method>endKeyword</method>
  <thread>1</thread>
  <message>End action : Statement - params.add(new com.kms.katalon.core.testobject.TestObjectProperty(sort_by, com.kms.katalon.core.testobject.ConditionType.EQUALS, popularity.desc))</message>
  <nestedLevel>1</nestedLevel>
</record>
<record>
  <date>2018-12-18T18:43:42</date>
  <millis>1545176622950</millis>
  <sequence>103</sequence>
  <level>START</level>
  <class>com.kms.katalon.core.logging.KeywordLogger</class>
  <method>startKeyword</method>
  <thread>1</thread>
  <message>Start action : Statement - reqObj.setRestParameters(params)</message>
  <nestedLevel>1</nestedLevel>
  <property name="startLine">28</property>
  <property name="stepIndex">6</property>
</record>
<record>
  <date>2018-12-18T18:43:42</date>
  <millis>1545176622950</millis>
  <sequence>104</sequence>
  <level>END</level>
  <class>com.kms.katalon.core.logging.KeywordLogger</class>
  <method>endKeyword</method>
  <thread>1</thread>
  <message>End action : Statement - reqObj.setRestParameters(params)</message>
  <nestedLevel>1</nestedLevel>
</record>
<record>
  <date>2018-12-18T18:43:42</date>
  <millis>1545176622950</millis>
  <sequence>105</sequence>
  <level>START</level>
  <class>com.kms.katalon.core.logging.KeywordLogger</class>
  <method>startKeyword</method>
  <thread>1</thread>
  <message>Start action : Statement - resObj = com.kms.katalon.core.webservice.keyword.WSBuiltInKeywords.sendRequest(reqObj)</message>
  <nestedLevel>1</nestedLevel>
  <property name="startLine">30</property>
  <property name="stepIndex">7</property>
</record>
<record>
  <date>2018-12-18T18:43:42</date>
  <millis>1545176622950</millis>
  <sequence>106</sequence>
  <level>INFO</level>
  <class>com.kms.katalon.core.logging.KeywordLogger</class>
  <method>logMessage</method>
  <thread>1</thread>
  <message>Checking request object</message>
  <nestedLevel>1</nestedLevel>
</record>
<record>
  <date>2018-12-18T18:43:43</date>
  <millis>1545176623151</millis>
  <sequence>107</sequence>
  <level>PASSED</level>
  <class>com.kms.katalon.core.logging.KeywordLogger</class>
  <method>logMessage</method>
  <thread>1</thread>
  <message>Send request successfully</message>
  <nestedLevel>1</nestedLevel>
</record>
<record>
  <date>2018-12-18T18:43:43</date>
  <millis>1545176623153</millis>
  <sequence>108</sequence>
  <level>END</level>
  <class>com.kms.katalon.core.logging.KeywordLogger</class>
  <method>endKeyword</method>
  <thread>1</thread>
  <message>End action : Statement - resObj = com.kms.katalon.core.webservice.keyword.WSBuiltInKeywords.sendRequest(reqObj)</message>
  <nestedLevel>1</nestedLevel>
</record>
<record>
  <date>2018-12-18T18:43:43</date>
  <millis>1545176623153</millis>
  <sequence>109</sequence>
  <level>START</level>
  <class>com.kms.katalon.core.logging.KeywordLogger</class>
  <method>startKeyword</method>
  <thread>1</thread>
  <message>Start action : Statement - theMovieDB.TheMovieDBCommon.printDataValue(resObj, \&amp;quot;Has David Fincher ever worked with Rooney Mara\&amp;quot;)</message>
  <nestedLevel>1</nestedLevel>
  <property name="startLine">32</property>
  <property name="stepIndex">8</property>
</record>
<record>
  <date>2018-12-18T18:43:43</date>
  <millis>1545176623153</millis>
  <sequence>110</sequence>
  <level>END</level>
  <class>com.kms.katalon.core.logging.KeywordLogger</class>
  <method>endKeyword</method>
  <thread>1</thread>
  <message>End action : Statement - theMovieDB.TheMovieDBCommon.printDataValue(resObj, \&amp;quot;Has David Fincher ever worked with Rooney Mara\&amp;quot;)</message>
  <nestedLevel>1</nestedLevel>
</record>
<record>
  <date>2018-12-18T18:43:43</date>
  <millis>1545176623153</millis>
  <sequence>111</sequence>
  <level>START</level>
  <class>com.kms.katalon.core.logging.KeywordLogger</class>
  <method>startKeyword</method>
  <thread>1</thread>
  <message>Start action : verifyElementPropertyValue</message>
  <nestedLevel>1</nestedLevel>
  <property name="startLine">34</property>
  <property name="stepIndex">9</property>
</record>
<record>
  <date>2018-12-18T18:43:43</date>
  <millis>1545176623153</millis>
  <sequence>112</sequence>
  <level>INFO</level>
  <class>com.kms.katalon.core.logging.KeywordLogger</class>
  <method>logMessage</method>
  <thread>1</thread>
  <message>Checking response object</message>
  <nestedLevel>1</nestedLevel>
</record>
<record>
  <date>2018-12-18T18:43:43</date>
  <millis>1545176623173</millis>
  <sequence>113</sequence>
  <level>PASSED</level>
  <class>com.kms.katalon.core.logging.KeywordLogger</class>
  <method>logMessage</method>
  <thread>1</thread>
  <message>Verify element property value successfully</message>
  <nestedLevel>1</nestedLevel>
</record>
<record>
  <date>2018-12-18T18:43:43</date>
  <millis>1545176623173</millis>
  <sequence>114</sequence>
  <level>END</level>
  <class>com.kms.katalon.core.logging.KeywordLogger</class>
  <method>endKeyword</method>
  <thread>1</thread>
  <message>End action : verifyElementPropertyValue</message>
  <nestedLevel>1</nestedLevel>
</record>
<record>
  <date>2018-12-18T18:43:43</date>
  <millis>1545176623173</millis>
  <sequence>115</sequence>
  <level>PASSED</level>
  <class>com.kms.katalon.core.logging.KeywordLogger</class>
  <method>logMessage</method>
  <thread>1</thread>
  <message>Test Cases/Discover/10 Test Has David Fincher ever worked with Rooney Mara</message>
  <nestedLevel>1</nestedLevel>
</record>
<record>
  <date>2018-12-18T18:43:43</date>
  <millis>1545176623173</millis>
  <sequence>116</sequence>
  <level>END</level>
  <class>com.kms.katalon.core.logging.KeywordLogger</class>
  <method>endTest</method>
  <thread>1</thread>
  <message>End Test Case : Test Cases/Discover/10 Test Has David Fincher ever worked with Rooney Mara</message>
  <nestedLevel>0</nestedLevel>
</record>
<record>
  <date>2018-12-18T18:43:43</date>
  <millis>1545176623173</millis>
  <sequence>117</sequence>
  <level>START</level>
  <class>com.kms.katalon.core.logging.KeywordLogger</class>
  <method>startTest</method>
  <thread>1</thread>
  <message>Start Test Case : Test Cases/Discover/11 What are the best drama Movie</message>
  <nestedLevel>1</nestedLevel>
  <property name="name">Test Cases/Discover/11 What are the best drama Movie</property>
  <property name="description"></property>
  <property name="id">Test Cases/Discover/11 What are the best drama Movie</property>
  <property name="source">C:\\Training\\API Testing\\APITestingTheMovieDB\\Test Cases\\Discover\\11 What are the best drama Movie.tc</property>
  <property name="isOptional">false</property>
</record>
<record>
  <date>2018-12-18T18:43:43</date>
  <millis>1545176623214</millis>
  <sequence>118</sequence>
  <level>INFO</level>
  <class>com.kms.katalon.core.logging.KeywordLogger</class>
  <method>logMessage</method>
  <thread>1</thread>
  <message>Evaluating variables for test case</message>
  <nestedLevel>1</nestedLevel>
</record>
<record>
  <date>2018-12-18T18:43:43</date>
  <millis>1545176623561</millis>
  <sequence>119</sequence>
  <level>START</level>
  <class>com.kms.katalon.core.logging.KeywordLogger</class>
  <method>startKeyword</method>
  <thread>1</thread>
  <message>Start action : Statement - reqObj = com.kms.katalon.core.testobject.ObjectRepository.findTestObject(Discover/Movie Discover)</message>
  <nestedLevel>1</nestedLevel>
  <property name="startLine">21</property>
  <property name="stepIndex">1</property>
</record>
<record>
  <date>2018-12-18T18:43:43</date>
  <millis>1545176623568</millis>
  <sequence>120</sequence>
  <level>INFO</level>
  <class>com.kms.katalon.core.logging.KeywordLogger</class>
  <method>logMessage</method>
  <thread>1</thread>
  <message>Finding Test Object with id &amp;apos;Object Repository/Discover/Movie Discover&amp;apos;</message>
  <nestedLevel>1</nestedLevel>
</record>
<record>
  <date>2018-12-18T18:43:43</date>
  <millis>1545176623570</millis>
  <sequence>121</sequence>
  <level>END</level>
  <class>com.kms.katalon.core.logging.KeywordLogger</class>
  <method>endKeyword</method>
  <thread>1</thread>
  <message>End action : Statement - reqObj = com.kms.katalon.core.testobject.ObjectRepository.findTestObject(Discover/Movie Discover)</message>
  <nestedLevel>1</nestedLevel>
</record>
<record>
  <date>2018-12-18T18:43:43</date>
  <millis>1545176623570</millis>
  <sequence>122</sequence>
  <level>START</level>
  <class>com.kms.katalon.core.logging.KeywordLogger</class>
  <method>startKeyword</method>
  <thread>1</thread>
  <message>Start action : Statement - params = new java.util.ArrayList()</message>
  <nestedLevel>1</nestedLevel>
  <property name="startLine">23</property>
  <property name="stepIndex">2</property>
</record>
<record>
  <date>2018-12-18T18:43:43</date>
  <millis>1545176623570</millis>
  <sequence>123</sequence>
  <level>END</level>
  <class>com.kms.katalon.core.logging.KeywordLogger</class>
  <method>endKeyword</method>
  <thread>1</thread>
  <message>End action : Statement - params = new java.util.ArrayList()</message>
  <nestedLevel>1</nestedLevel>
</record>
<record>
  <date>2018-12-18T18:43:43</date>
  <millis>1545176623570</millis>
  <sequence>124</sequence>
  <level>START</level>
  <class>com.kms.katalon.core.logging.KeywordLogger</class>
  <method>startKeyword</method>
  <thread>1</thread>
  <message>Start action : Statement - params.add(new com.kms.katalon.core.testobject.TestObjectProperty(api_key, com.kms.katalon.core.testobject.ConditionType.EQUALS, internal.GlobalVariable.apiKey))</message>
  <nestedLevel>1</nestedLevel>
  <property name="startLine">24</property>
  <property name="stepIndex">3</property>
</record>
<record>
  <date>2018-12-18T18:43:43</date>
  <millis>1545176623586</millis>
  <sequence>125</sequence>
  <level>END</level>
  <class>com.kms.katalon.core.logging.KeywordLogger</class>
  <method>endKeyword</method>
  <thread>1</thread>
  <message>End action : Statement - params.add(new com.kms.katalon.core.testobject.TestObjectProperty(api_key, com.kms.katalon.core.testobject.ConditionType.EQUALS, internal.GlobalVariable.apiKey))</message>
  <nestedLevel>1</nestedLevel>
</record>
<record>
  <date>2018-12-18T18:43:43</date>
  <millis>1545176623586</millis>
  <sequence>126</sequence>
  <level>START</level>
  <class>com.kms.katalon.core.logging.KeywordLogger</class>
  <method>startKeyword</method>
  <thread>1</thread>
  <message>Start action : Statement - params.add(new com.kms.katalon.core.testobject.TestObjectProperty(with_genres, com.kms.katalon.core.testobject.ConditionType.EQUALS, 18))</message>
  <nestedLevel>1</nestedLevel>
  <property name="startLine">26</property>
  <property name="stepIndex">4</property>
</record>
<record>
  <date>2018-12-18T18:43:43</date>
  <millis>1545176623587</millis>
  <sequence>127</sequence>
  <level>END</level>
  <class>com.kms.katalon.core.logging.KeywordLogger</class>
  <method>endKeyword</method>
  <thread>1</thread>
  <message>End action : Statement - params.add(new com.kms.katalon.core.testobject.TestObjectProperty(with_genres, com.kms.katalon.core.testobject.ConditionType.EQUALS, 18))</message>
  <nestedLevel>1</nestedLevel>
</record>
<record>
  <date>2018-12-18T18:43:43</date>
  <millis>1545176623587</millis>
  <sequence>128</sequence>
  <level>START</level>
  <class>com.kms.katalon.core.logging.KeywordLogger</class>
  <method>startKeyword</method>
  <thread>1</thread>
  <message>Start action : Statement - params.add(new com.kms.katalon.core.testobject.TestObjectProperty(sort_by, com.kms.katalon.core.testobject.ConditionType.EQUALS, vote_average.desc))</message>
  <nestedLevel>1</nestedLevel>
  <property name="startLine">27</property>
  <property name="stepIndex">5</property>
</record>
<record>
  <date>2018-12-18T18:43:43</date>
  <millis>1545176623587</millis>
  <sequence>129</sequence>
  <level>END</level>
  <class>com.kms.katalon.core.logging.KeywordLogger</class>
  <method>endKeyword</method>
  <thread>1</thread>
  <message>End action : Statement - params.add(new com.kms.katalon.core.testobject.TestObjectProperty(sort_by, com.kms.katalon.core.testobject.ConditionType.EQUALS, vote_average.desc))</message>
  <nestedLevel>1</nestedLevel>
</record>
<record>
  <date>2018-12-18T18:43:43</date>
  <millis>1545176623587</millis>
  <sequence>130</sequence>
  <level>START</level>
  <class>com.kms.katalon.core.logging.KeywordLogger</class>
  <method>startKeyword</method>
  <thread>1</thread>
  <message>Start action : Statement - params.add(new com.kms.katalon.core.testobject.TestObjectProperty(vote_count.gte, com.kms.katalon.core.testobject.ConditionType.EQUALS, 10))</message>
  <nestedLevel>1</nestedLevel>
  <property name="startLine">28</property>
  <property name="stepIndex">6</property>
</record>
<record>
  <date>2018-12-18T18:43:43</date>
  <millis>1545176623600</millis>
  <sequence>131</sequence>
  <level>END</level>
  <class>com.kms.katalon.core.logging.KeywordLogger</class>
  <method>endKeyword</method>
  <thread>1</thread>
  <message>End action : Statement - params.add(new com.kms.katalon.core.testobject.TestObjectProperty(vote_count.gte, com.kms.katalon.core.testobject.ConditionType.EQUALS, 10))</message>
  <nestedLevel>1</nestedLevel>
</record>
<record>
  <date>2018-12-18T18:43:43</date>
  <millis>1545176623601</millis>
  <sequence>132</sequence>
  <level>START</level>
  <class>com.kms.katalon.core.logging.KeywordLogger</class>
  <method>startKeyword</method>
  <thread>1</thread>
  <message>Start action : Statement - reqObj.setRestParameters(params)</message>
  <nestedLevel>1</nestedLevel>
  <property name="startLine">29</property>
  <property name="stepIndex">7</property>
</record>
<record>
  <date>2018-12-18T18:43:43</date>
  <millis>1545176623601</millis>
  <sequence>133</sequence>
  <level>END</level>
  <class>com.kms.katalon.core.logging.KeywordLogger</class>
  <method>endKeyword</method>
  <thread>1</thread>
  <message>End action : Statement - reqObj.setRestParameters(params)</message>
  <nestedLevel>1</nestedLevel>
</record>
<record>
  <date>2018-12-18T18:43:43</date>
  <millis>1545176623602</millis>
  <sequence>134</sequence>
  <level>START</level>
  <class>com.kms.katalon.core.logging.KeywordLogger</class>
  <method>startKeyword</method>
  <thread>1</thread>
  <message>Start action : Statement - resObj = com.kms.katalon.core.webservice.keyword.WSBuiltInKeywords.sendRequest(reqObj)</message>
  <nestedLevel>1</nestedLevel>
  <property name="startLine">30</property>
  <property name="stepIndex">8</property>
</record>
<record>
  <date>2018-12-18T18:43:43</date>
  <millis>1545176623602</millis>
  <sequence>135</sequence>
  <level>INFO</level>
  <class>com.kms.katalon.core.logging.KeywordLogger</class>
  <method>logMessage</method>
  <thread>1</thread>
  <message>Checking request object</message>
  <nestedLevel>1</nestedLevel>
</record>
<record>
  <date>2018-12-18T18:43:43</date>
  <millis>1545176623741</millis>
  <sequence>136</sequence>
  <level>PASSED</level>
  <class>com.kms.katalon.core.logging.KeywordLogger</class>
  <method>logMessage</method>
  <thread>1</thread>
  <message>Send request successfully</message>
  <nestedLevel>1</nestedLevel>
</record>
<record>
  <date>2018-12-18T18:43:43</date>
  <millis>1545176623741</millis>
  <sequence>137</sequence>
  <level>END</level>
  <class>com.kms.katalon.core.logging.KeywordLogger</class>
  <method>endKeyword</method>
  <thread>1</thread>
  <message>End action : Statement - resObj = com.kms.katalon.core.webservice.keyword.WSBuiltInKeywords.sendRequest(reqObj)</message>
  <nestedLevel>1</nestedLevel>
</record>
<record>
  <date>2018-12-18T18:43:43</date>
  <millis>1545176623741</millis>
  <sequence>138</sequence>
  <level>START</level>
  <class>com.kms.katalon.core.logging.KeywordLogger</class>
  <method>startKeyword</method>
  <thread>1</thread>
  <message>Start action : Statement - theMovieDB.TheMovieDBCommon.printDataValue(resObj, \&amp;quot;What are the best drama&amp;apos;s\&amp;quot;)</message>
  <nestedLevel>1</nestedLevel>
  <property name="startLine">32</property>
  <property name="stepIndex">9</property>
</record>
<record>
  <date>2018-12-18T18:43:43</date>
  <millis>1545176623757</millis>
  <sequence>139</sequence>
  <level>END</level>
  <class>com.kms.katalon.core.logging.KeywordLogger</class>
  <method>endKeyword</method>
  <thread>1</thread>
  <message>End action : Statement - theMovieDB.TheMovieDBCommon.printDataValue(resObj, \&amp;quot;What are the best drama&amp;apos;s\&amp;quot;)</message>
  <nestedLevel>1</nestedLevel>
</record>
<record>
  <date>2018-12-18T18:43:43</date>
  <millis>1545176623757</millis>
  <sequence>140</sequence>
  <level>START</level>
  <class>com.kms.katalon.core.logging.KeywordLogger</class>
  <method>startKeyword</method>
  <thread>1</thread>
  <message>Start action : verifyElementPropertyValue</message>
  <nestedLevel>1</nestedLevel>
  <property name="startLine">34</property>
  <property name="stepIndex">10</property>
</record>
<record>
  <date>2018-12-18T18:43:43</date>
  <millis>1545176623757</millis>
  <sequence>141</sequence>
  <level>INFO</level>
  <class>com.kms.katalon.core.logging.KeywordLogger</class>
  <method>logMessage</method>
  <thread>1</thread>
  <message>Checking response object</message>
  <nestedLevel>1</nestedLevel>
</record>
<record>
  <date>2018-12-18T18:43:43</date>
  <millis>1545176623798</millis>
  <sequence>142</sequence>
  <level>PASSED</level>
  <class>com.kms.katalon.core.logging.KeywordLogger</class>
  <method>logMessage</method>
  <thread>1</thread>
  <message>Verify element property value successfully</message>
  <nestedLevel>1</nestedLevel>
</record>
<record>
  <date>2018-12-18T18:43:43</date>
  <millis>1545176623798</millis>
  <sequence>143</sequence>
  <level>END</level>
  <class>com.kms.katalon.core.logging.KeywordLogger</class>
  <method>endKeyword</method>
  <thread>1</thread>
  <message>End action : verifyElementPropertyValue</message>
  <nestedLevel>1</nestedLevel>
</record>
<record>
  <date>2018-12-18T18:43:43</date>
  <millis>1545176623798</millis>
  <sequence>144</sequence>
  <level>PASSED</level>
  <class>com.kms.katalon.core.logging.KeywordLogger</class>
  <method>logMessage</method>
  <thread>1</thread>
  <message>Test Cases/Discover/11 What are the best drama Movie</message>
  <nestedLevel>1</nestedLevel>
</record>
<record>
  <date>2018-12-18T18:43:43</date>
  <millis>1545176623798</millis>
  <sequence>145</sequence>
  <level>END</level>
  <class>com.kms.katalon.core.logging.KeywordLogger</class>
  <method>endTest</method>
  <thread>1</thread>
  <message>End Test Case : Test Cases/Discover/11 What are the best drama Movie</message>
  <nestedLevel>0</nestedLevel>
</record>
<record>
  <date>2018-12-18T18:43:43</date>
  <millis>1545176623798</millis>
  <sequence>146</sequence>
  <level>START</level>
  <class>com.kms.katalon.core.logging.KeywordLogger</class>
  <method>startTest</method>
  <thread>1</thread>
  <message>Start Test Case : Test Cases/Discover/12 What are Liam Neesons highest grossing rated R movies</message>
  <nestedLevel>1</nestedLevel>
  <property name="name">Test Cases/Discover/12 What are Liam Neesons highest grossing rated R movies</property>
  <property name="description"></property>
  <property name="id">Test Cases/Discover/12 What are Liam Neesons highest grossing rated R movies</property>
  <property name="source">C:\\Training\\API Testing\\APITestingTheMovieDB\\Test Cases\\Discover\\12 What are Liam Neesons highest grossing rated R movies.tc</property>
  <property name="isOptional">false</property>
</record>
<record>
  <date>2018-12-18T18:43:43</date>
  <millis>1545176623833</millis>
  <sequence>147</sequence>
  <level>INFO</level>
  <class>com.kms.katalon.core.logging.KeywordLogger</class>
  <method>logMessage</method>
  <thread>1</thread>
  <message>Evaluating variables for test case</message>
  <nestedLevel>1</nestedLevel>
</record>
<record>
  <date>2018-12-18T18:43:44</date>
  <millis>1545176624133</millis>
  <sequence>148</sequence>
  <level>START</level>
  <class>com.kms.katalon.core.logging.KeywordLogger</class>
  <method>startKeyword</method>
  <thread>1</thread>
  <message>Start action : Statement - reqObj = com.kms.katalon.core.testobject.ObjectRepository.findTestObject(Discover/Movie Discover)</message>
  <nestedLevel>1</nestedLevel>
  <property name="startLine">21</property>
  <property name="stepIndex">1</property>
</record>
<record>
  <date>2018-12-18T18:43:44</date>
  <millis>1545176624133</millis>
  <sequence>149</sequence>
  <level>INFO</level>
  <class>com.kms.katalon.core.logging.KeywordLogger</class>
  <method>logMessage</method>
  <thread>1</thread>
  <message>Finding Test Object with id &amp;apos;Object Repository/Discover/Movie Discover&amp;apos;</message>
  <nestedLevel>1</nestedLevel>
</record>
<record>
  <date>2018-12-18T18:43:44</date>
  <millis>1545176624133</millis>
  <sequence>150</sequence>
  <level>END</level>
  <class>com.kms.katalon.core.logging.KeywordLogger</class>
  <method>endKeyword</method>
  <thread>1</thread>
  <message>End action : Statement - reqObj = com.kms.katalon.core.testobject.ObjectRepository.findTestObject(Discover/Movie Discover)</message>
  <nestedLevel>1</nestedLevel>
</record>
<record>
  <date>2018-12-18T18:43:44</date>
  <millis>1545176624133</millis>
  <sequence>151</sequence>
  <level>START</level>
  <class>com.kms.katalon.core.logging.KeywordLogger</class>
  <method>startKeyword</method>
  <thread>1</thread>
  <message>Start action : Statement - params = new java.util.ArrayList()</message>
  <nestedLevel>1</nestedLevel>
  <property name="startLine">23</property>
  <property name="stepIndex">2</property>
</record>
<record>
  <date>2018-12-18T18:43:44</date>
  <millis>1545176624149</millis>
  <sequence>152</sequence>
  <level>END</level>
  <class>com.kms.katalon.core.logging.KeywordLogger</class>
  <method>endKeyword</method>
  <thread>1</thread>
  <message>End action : Statement - params = new java.util.ArrayList()</message>
  <nestedLevel>1</nestedLevel>
</record>
<record>
  <date>2018-12-18T18:43:44</date>
  <millis>1545176624149</millis>
  <sequence>153</sequence>
  <level>START</level>
  <class>com.kms.katalon.core.logging.KeywordLogger</class>
  <method>startKeyword</method>
  <thread>1</thread>
  <message>Start action : Statement - params.add(new com.kms.katalon.core.testobject.TestObjectProperty(api_key, com.kms.katalon.core.testobject.ConditionType.EQUALS, internal.GlobalVariable.apiKey))</message>
  <nestedLevel>1</nestedLevel>
  <property name="startLine">24</property>
  <property name="stepIndex">3</property>
</record>
<record>
  <date>2018-12-18T18:43:44</date>
  <millis>1545176624149</millis>
  <sequence>154</sequence>
  <level>END</level>
  <class>com.kms.katalon.core.logging.KeywordLogger</class>
  <method>endKeyword</method>
  <thread>1</thread>
  <message>End action : Statement - params.add(new com.kms.katalon.core.testobject.TestObjectProperty(api_key, com.kms.katalon.core.testobject.ConditionType.EQUALS, internal.GlobalVariable.apiKey))</message>
  <nestedLevel>1</nestedLevel>
</record>
<record>
  <date>2018-12-18T18:43:44</date>
  <millis>1545176624149</millis>
  <sequence>155</sequence>
  <level>START</level>
  <class>com.kms.katalon.core.logging.KeywordLogger</class>
  <method>startKeyword</method>
  <thread>1</thread>
  <message>Start action : Statement - params.add(new com.kms.katalon.core.testobject.TestObjectProperty(certification_country, com.kms.katalon.core.testobject.ConditionType.EQUALS, US))</message>
  <nestedLevel>1</nestedLevel>
  <property name="startLine">25</property>
  <property name="stepIndex">4</property>
</record>
<record>
  <date>2018-12-18T18:43:44</date>
  <millis>1545176624149</millis>
  <sequence>156</sequence>
  <level>END</level>
  <class>com.kms.katalon.core.logging.KeywordLogger</class>
  <method>endKeyword</method>
  <thread>1</thread>
  <message>End action : Statement - params.add(new com.kms.katalon.core.testobject.TestObjectProperty(certification_country, com.kms.katalon.core.testobject.ConditionType.EQUALS, US))</message>
  <nestedLevel>1</nestedLevel>
</record>
<record>
  <date>2018-12-18T18:43:44</date>
  <millis>1545176624149</millis>
  <sequence>157</sequence>
  <level>START</level>
  <class>com.kms.katalon.core.logging.KeywordLogger</class>
  <method>startKeyword</method>
  <thread>1</thread>
  <message>Start action : Statement - params.add(new com.kms.katalon.core.testobject.TestObjectProperty(certification, com.kms.katalon.core.testobject.ConditionType.EQUALS, R))</message>
  <nestedLevel>1</nestedLevel>
  <property name="startLine">26</property>
  <property name="stepIndex">5</property>
</record>
<record>
  <date>2018-12-18T18:43:44</date>
  <millis>1545176624149</millis>
  <sequence>158</sequence>
  <level>END</level>
  <class>com.kms.katalon.core.logging.KeywordLogger</class>
  <method>endKeyword</method>
  <thread>1</thread>
  <message>End action : Statement - params.add(new com.kms.katalon.core.testobject.TestObjectProperty(certification, com.kms.katalon.core.testobject.ConditionType.EQUALS, R))</message>
  <nestedLevel>1</nestedLevel>
</record>
<record>
  <date>2018-12-18T18:43:44</date>
  <millis>1545176624149</millis>
  <sequence>159</sequence>
  <level>START</level>
  <class>com.kms.katalon.core.logging.KeywordLogger</class>
  <method>startKeyword</method>
  <thread>1</thread>
  <message>Start action : Statement - params.add(new com.kms.katalon.core.testobject.TestObjectProperty(sort_by, com.kms.katalon.core.testobject.ConditionType.EQUALS, revenue.desc))</message>
  <nestedLevel>1</nestedLevel>
  <property name="startLine">27</property>
  <property name="stepIndex">6</property>
</record>
<record>
  <date>2018-12-18T18:43:44</date>
  <millis>1545176624149</millis>
  <sequence>160</sequence>
  <level>END</level>
  <class>com.kms.katalon.core.logging.KeywordLogger</class>
  <method>endKeyword</method>
  <thread>1</thread>
  <message>End action : Statement - params.add(new com.kms.katalon.core.testobject.TestObjectProperty(sort_by, com.kms.katalon.core.testobject.ConditionType.EQUALS, revenue.desc))</message>
  <nestedLevel>1</nestedLevel>
</record>
<record>
  <date>2018-12-18T18:43:44</date>
  <millis>1545176624149</millis>
  <sequence>161</sequence>
  <level>START</level>
  <class>com.kms.katalon.core.logging.KeywordLogger</class>
  <method>startKeyword</method>
  <thread>1</thread>
  <message>Start action : Statement - params.add(new com.kms.katalon.core.testobject.TestObjectProperty(with_cast, com.kms.katalon.core.testobject.ConditionType.EQUALS, 3896))</message>
  <nestedLevel>1</nestedLevel>
  <property name="startLine">28</property>
  <property name="stepIndex">7</property>
</record>
<record>
  <date>2018-12-18T18:43:44</date>
  <millis>1545176624149</millis>
  <sequence>162</sequence>
  <level>END</level>
  <class>com.kms.katalon.core.logging.KeywordLogger</class>
  <method>endKeyword</method>
  <thread>1</thread>
  <message>End action : Statement - params.add(new com.kms.katalon.core.testobject.TestObjectProperty(with_cast, com.kms.katalon.core.testobject.ConditionType.EQUALS, 3896))</message>
  <nestedLevel>1</nestedLevel>
</record>
<record>
  <date>2018-12-18T18:43:44</date>
  <millis>1545176624149</millis>
  <sequence>163</sequence>
  <level>START</level>
  <class>com.kms.katalon.core.logging.KeywordLogger</class>
  <method>startKeyword</method>
  <thread>1</thread>
  <message>Start action : Statement - reqObj.setRestParameters(params)</message>
  <nestedLevel>1</nestedLevel>
  <property name="startLine">29</property>
  <property name="stepIndex">8</property>
</record>
<record>
  <date>2018-12-18T18:43:44</date>
  <millis>1545176624149</millis>
  <sequence>164</sequence>
  <level>END</level>
  <class>com.kms.katalon.core.logging.KeywordLogger</class>
  <method>endKeyword</method>
  <thread>1</thread>
  <message>End action : Statement - reqObj.setRestParameters(params)</message>
  <nestedLevel>1</nestedLevel>
</record>
<record>
  <date>2018-12-18T18:43:44</date>
  <millis>1545176624149</millis>
  <sequence>165</sequence>
  <level>START</level>
  <class>com.kms.katalon.core.logging.KeywordLogger</class>
  <method>startKeyword</method>
  <thread>1</thread>
  <message>Start action : Statement - resObj = com.kms.katalon.core.webservice.keyword.WSBuiltInKeywords.sendRequest(reqObj)</message>
  <nestedLevel>1</nestedLevel>
  <property name="startLine">30</property>
  <property name="stepIndex">9</property>
</record>
<record>
  <date>2018-12-18T18:43:44</date>
  <millis>1545176624149</millis>
  <sequence>166</sequence>
  <level>INFO</level>
  <class>com.kms.katalon.core.logging.KeywordLogger</class>
  <method>logMessage</method>
  <thread>1</thread>
  <message>Checking request object</message>
  <nestedLevel>1</nestedLevel>
</record>
<record>
  <date>2018-12-18T18:43:44</date>
  <millis>1545176624280</millis>
  <sequence>167</sequence>
  <level>PASSED</level>
  <class>com.kms.katalon.core.logging.KeywordLogger</class>
  <method>logMessage</method>
  <thread>1</thread>
  <message>Send request successfully</message>
  <nestedLevel>1</nestedLevel>
</record>
<record>
  <date>2018-12-18T18:43:44</date>
  <millis>1545176624280</millis>
  <sequence>168</sequence>
  <level>END</level>
  <class>com.kms.katalon.core.logging.KeywordLogger</class>
  <method>endKeyword</method>
  <thread>1</thread>
  <message>End action : Statement - resObj = com.kms.katalon.core.webservice.keyword.WSBuiltInKeywords.sendRequest(reqObj)</message>
  <nestedLevel>1</nestedLevel>
</record>
<record>
  <date>2018-12-18T18:43:44</date>
  <millis>1545176624280</millis>
  <sequence>169</sequence>
  <level>START</level>
  <class>com.kms.katalon.core.logging.KeywordLogger</class>
  <method>startKeyword</method>
  <thread>1</thread>
  <message>Start action : Statement - theMovieDB.TheMovieDBCommon.printDataValue(resObj, \&amp;quot;What are Liam Neeson&amp;apos;s highest grossing rated &amp;apos;R&amp;apos; movies\&amp;quot;)</message>
  <nestedLevel>1</nestedLevel>
  <property name="startLine">32</property>
  <property name="stepIndex">10</property>
</record>
<record>
  <date>2018-12-18T18:43:44</date>
  <millis>1545176624308</millis>
  <sequence>170</sequence>
  <level>END</level>
  <class>com.kms.katalon.core.logging.KeywordLogger</class>
  <method>endKeyword</method>
  <thread>1</thread>
  <message>End action : Statement - theMovieDB.TheMovieDBCommon.printDataValue(resObj, \&amp;quot;What are Liam Neeson&amp;apos;s highest grossing rated &amp;apos;R&amp;apos; movies\&amp;quot;)</message>
  <nestedLevel>1</nestedLevel>
</record>
<record>
  <date>2018-12-18T18:43:44</date>
  <millis>1545176624309</millis>
  <sequence>171</sequence>
  <level>START</level>
  <class>com.kms.katalon.core.logging.KeywordLogger</class>
  <method>startKeyword</method>
  <thread>1</thread>
  <message>Start action : verifyElementPropertyValue</message>
  <nestedLevel>1</nestedLevel>
  <property name="startLine">34</property>
  <property name="stepIndex">11</property>
</record>
<record>
  <date>2018-12-18T18:43:44</date>
  <millis>1545176624309</millis>
  <sequence>172</sequence>
  <level>INFO</level>
  <class>com.kms.katalon.core.logging.KeywordLogger</class>
  <method>logMessage</method>
  <thread>1</thread>
  <message>Checking response object</message>
  <nestedLevel>1</nestedLevel>
</record>
<record>
  <date>2018-12-18T18:43:44</date>
  <millis>1545176624326</millis>
  <sequence>173</sequence>
  <level>PASSED</level>
  <class>com.kms.katalon.core.logging.KeywordLogger</class>
  <method>logMessage</method>
  <thread>1</thread>
  <message>Verify element property value successfully</message>
  <nestedLevel>1</nestedLevel>
</record>
<record>
  <date>2018-12-18T18:43:44</date>
  <millis>1545176624326</millis>
  <sequence>174</sequence>
  <level>END</level>
  <class>com.kms.katalon.core.logging.KeywordLogger</class>
  <method>endKeyword</method>
  <thread>1</thread>
  <message>End action : verifyElementPropertyValue</message>
  <nestedLevel>1</nestedLevel>
</record>
<record>
  <date>2018-12-18T18:43:44</date>
  <millis>1545176624326</millis>
  <sequence>175</sequence>
  <level>PASSED</level>
  <class>com.kms.katalon.core.logging.KeywordLogger</class>
  <method>logMessage</method>
  <thread>1</thread>
  <message>Test Cases/Discover/12 What are Liam Neesons highest grossing rated R movies</message>
  <nestedLevel>1</nestedLevel>
</record>
<record>
  <date>2018-12-18T18:43:44</date>
  <millis>1545176624326</millis>
  <sequence>176</sequence>
  <level>END</level>
  <class>com.kms.katalon.core.logging.KeywordLogger</class>
  <method>endTest</method>
  <thread>1</thread>
  <message>End Test Case : Test Cases/Discover/12 What are Liam Neesons highest grossing rated R movies</message>
  <nestedLevel>0</nestedLevel>
</record>
<record>
  <date>2018-12-18T18:43:44</date>
  <millis>1545176624370</millis>
  <sequence>177</sequence>
  <level>END</level>
  <class>com.kms.katalon.core.logging.KeywordLogger</class>
  <method>endSuite</method>
  <thread>1</thread>
  <message>End Test Suite : Test Suites/Discover/Discovers 02</message>
  <nestedLevel>0</nestedLevel>
</record>
</log>
