<?xml version="1.0" encoding="UTF-8" standalone="no"?>
<!DOCTYPE log SYSTEM "logger.dtd">
<log>
<record>
  <date>2018-12-18T17:00:35</date>
  <millis>1545170435968</millis>
  <sequence>0</sequence>
  <level>START</level>
  <class>com.kms.katalon.core.logging.KeywordLogger</class>
  <method>startSuite</method>
  <thread>1</thread>
  <message>Start Test Suite : Test Suites/Movie/Movie 02 Get Popular Then</message>
  <nestedLevel>0</nestedLevel>
  <property name="name">Movie 02 Get Popular Then</property>
  <property name="description"></property>
  <property name="id">Test Suites/Movie/Movie 02 Get Popular Then</property>
</record>
<record>
  <date>2018-12-18T17:00:36</date>
  <millis>1545170436000</millis>
  <sequence>1</sequence>
  <level>RUN_DATA</level>
  <class>com.kms.katalon.core.logging.KeywordLogger</class>
  <method>logMessage</method>
  <thread>1</thread>
  <message>Logging run data &amp;apos;hostName&amp;apos; with value &amp;apos;DESKTOP-EG6P0UN$ - DESKTOP-EG6P0UN.attlocal.net&amp;apos;</message>
  <nestedLevel>0</nestedLevel>
  <property name="hostName">DESKTOP-EG6P0UN$ - DESKTOP-EG6P0UN.attlocal.net</property>
</record>
<record>
  <date>2018-12-18T17:00:36</date>
  <millis>1545170436001</millis>
  <sequence>2</sequence>
  <level>RUN_DATA</level>
  <class>com.kms.katalon.core.logging.KeywordLogger</class>
  <method>logMessage</method>
  <thread>1</thread>
  <message>Logging run data &amp;apos;os&amp;apos; with value &amp;apos;Windows 10 64bit&amp;apos;</message>
  <nestedLevel>0</nestedLevel>
  <property name="os">Windows 10 64bit</property>
</record>
<record>
  <date>2018-12-18T17:00:36</date>
  <millis>1545170436001</millis>
  <sequence>3</sequence>
  <level>RUN_DATA</level>
  <class>com.kms.katalon.core.logging.KeywordLogger</class>
  <method>logMessage</method>
  <thread>1</thread>
  <message>Logging run data &amp;apos;hostAddress&amp;apos; with value &amp;apos;192.168.1.80&amp;apos;</message>
  <nestedLevel>0</nestedLevel>
  <property name="hostAddress">192.168.1.80</property>
</record>
<record>
  <date>2018-12-18T17:00:36</date>
  <millis>1545170436003</millis>
  <sequence>4</sequence>
  <level>RUN_DATA</level>
  <class>com.kms.katalon.core.logging.KeywordLogger</class>
  <method>logMessage</method>
  <thread>1</thread>
  <message>Logging run data &amp;apos;katalonVersion&amp;apos; with value &amp;apos;5.8.5.1&amp;apos;</message>
  <nestedLevel>0</nestedLevel>
  <property name="katalonVersion">5.8.5.1</property>
</record>
<record>
  <date>2018-12-18T17:00:36</date>
  <millis>1545170436368</millis>
  <sequence>5</sequence>
  <level>START</level>
  <class>com.kms.katalon.core.logging.KeywordLogger</class>
  <method>startTest</method>
  <thread>1</thread>
  <message>Start Test Case : Test Cases/Movie/04 Get Popular Get Changes</message>
  <nestedLevel>1</nestedLevel>
  <property name="name">Test Cases/Movie/04 Get Popular Get Changes</property>
  <property name="description"></property>
  <property name="id">Test Cases/Movie/04 Get Popular Get Changes</property>
  <property name="source">C:\\Training\\API Testing\\APITestingTheMovieDB\\Test Cases\\Movie\\04 Get Popular Get Changes.tc</property>
  <property name="isOptional">false</property>
</record>
<record>
  <date>2018-12-18T17:00:36</date>
  <millis>1545170436394</millis>
  <sequence>6</sequence>
  <level>INFO</level>
  <class>com.kms.katalon.core.logging.KeywordLogger</class>
  <method>logMessage</method>
  <thread>1</thread>
  <message>Evaluating variables for test case</message>
  <nestedLevel>1</nestedLevel>
</record>
<record>
  <date>2018-12-18T17:00:37</date>
  <millis>1545170437005</millis>
  <sequence>7</sequence>
  <level>START</level>
  <class>com.kms.katalon.core.logging.KeywordLogger</class>
  <method>startKeyword</method>
  <thread>1</thread>
  <message>Start action : Statement - response1 = com.kms.katalon.core.webservice.keyword.WSBuiltInKeywords.sendRequest(com.kms.katalon.core.testobject.ObjectRepository.findTestObject(Movies/Get Popular))</message>
  <nestedLevel>1</nestedLevel>
  <property name="startLine">22</property>
  <property name="stepIndex">1</property>
</record>
<record>
  <date>2018-12-18T17:00:37</date>
  <millis>1545170437024</millis>
  <sequence>8</sequence>
  <level>INFO</level>
  <class>com.kms.katalon.core.logging.KeywordLogger</class>
  <method>logMessage</method>
  <thread>1</thread>
  <message>Finding Test Object with id &amp;apos;Object Repository/Movies/Get Popular&amp;apos;</message>
  <nestedLevel>1</nestedLevel>
</record>
<record>
  <date>2018-12-18T17:00:37</date>
  <millis>1545170437116</millis>
  <sequence>9</sequence>
  <level>INFO</level>
  <class>com.kms.katalon.core.logging.KeywordLogger</class>
  <method>logMessage</method>
  <thread>1</thread>
  <message>Checking request object</message>
  <nestedLevel>1</nestedLevel>
</record>
<record>
  <date>2018-12-18T17:00:38</date>
  <millis>1545170438930</millis>
  <sequence>10</sequence>
  <level>PASSED</level>
  <class>com.kms.katalon.core.logging.KeywordLogger</class>
  <method>logMessage</method>
  <thread>1</thread>
  <message>Send request successfully</message>
  <nestedLevel>1</nestedLevel>
</record>
<record>
  <date>2018-12-18T17:00:38</date>
  <millis>1545170438931</millis>
  <sequence>11</sequence>
  <level>END</level>
  <class>com.kms.katalon.core.logging.KeywordLogger</class>
  <method>endKeyword</method>
  <thread>1</thread>
  <message>End action : Statement - response1 = com.kms.katalon.core.webservice.keyword.WSBuiltInKeywords.sendRequest(com.kms.katalon.core.testobject.ObjectRepository.findTestObject(Movies/Get Popular))</message>
  <nestedLevel>1</nestedLevel>
</record>
<record>
  <date>2018-12-18T17:00:38</date>
  <millis>1545170438932</millis>
  <sequence>12</sequence>
  <level>START</level>
  <class>com.kms.katalon.core.logging.KeywordLogger</class>
  <method>startKeyword</method>
  <thread>1</thread>
  <message>Start action : Statement - movieID = theMovieDB.Movie.getRandomMovie(response1)</message>
  <nestedLevel>1</nestedLevel>
  <property name="startLine">24</property>
  <property name="stepIndex">2</property>
</record>
<record>
  <date>2018-12-18T17:00:39</date>
  <millis>1545170439016</millis>
  <sequence>13</sequence>
  <level>END</level>
  <class>com.kms.katalon.core.logging.KeywordLogger</class>
  <method>endKeyword</method>
  <thread>1</thread>
  <message>End action : Statement - movieID = theMovieDB.Movie.getRandomMovie(response1)</message>
  <nestedLevel>1</nestedLevel>
</record>
<record>
  <date>2018-12-18T17:00:39</date>
  <millis>1545170439017</millis>
  <sequence>14</sequence>
  <level>START</level>
  <class>com.kms.katalon.core.logging.KeywordLogger</class>
  <method>startKeyword</method>
  <thread>1</thread>
  <message>Start action : Statement - If (movieID != -1)</message>
  <nestedLevel>1</nestedLevel>
  <property name="startLine">26</property>
  <property name="stepIndex">3</property>
</record>
<record>
  <date>2018-12-18T17:00:39</date>
  <millis>1545170439022</millis>
  <sequence>15</sequence>
  <level>START</level>
  <class>com.kms.katalon.core.logging.KeywordLogger</class>
  <method>startKeyword</method>
  <thread>1</thread>
  <message>Start action : Statement - response1 = theMovieDB.Movie.getChanges(movieID)</message>
  <nestedLevel>2</nestedLevel>
  <property name="startLine">27</property>
  <property name="stepIndex">1</property>
</record>
<record>
  <date>2018-12-18T17:00:39</date>
  <millis>1545170439029</millis>
  <sequence>16</sequence>
  <level>INFO</level>
  <class>com.kms.katalon.core.logging.KeywordLogger</class>
  <method>logMessage</method>
  <thread>1</thread>
  <message>Finding Test Object with id &amp;apos;Object Repository/Movies/Get Changes&amp;apos;</message>
  <nestedLevel>1</nestedLevel>
</record>
<record>
  <date>2018-12-18T17:00:39</date>
  <millis>1545170439107</millis>
  <sequence>17</sequence>
  <level>INFO</level>
  <class>com.kms.katalon.core.logging.KeywordLogger</class>
  <method>logMessage</method>
  <thread>1</thread>
  <message>Checking request object</message>
  <nestedLevel>1</nestedLevel>
</record>
<record>
  <date>2018-12-18T17:00:39</date>
  <millis>1545170439274</millis>
  <sequence>18</sequence>
  <level>PASSED</level>
  <class>com.kms.katalon.core.logging.KeywordLogger</class>
  <method>logMessage</method>
  <thread>1</thread>
  <message>Send request successfully</message>
  <nestedLevel>1</nestedLevel>
</record>
<record>
  <date>2018-12-18T17:00:39</date>
  <millis>1545170439275</millis>
  <sequence>19</sequence>
  <level>END</level>
  <class>com.kms.katalon.core.logging.KeywordLogger</class>
  <method>endKeyword</method>
  <thread>1</thread>
  <message>End action : Statement - response1 = theMovieDB.Movie.getChanges(movieID)</message>
  <nestedLevel>2</nestedLevel>
</record>
<record>
  <date>2018-12-18T17:00:39</date>
  <millis>1545170439275</millis>
  <sequence>20</sequence>
  <level>START</level>
  <class>com.kms.katalon.core.logging.KeywordLogger</class>
  <method>startKeyword</method>
  <thread>1</thread>
  <message>Start action : Statement - theMovieDB.TheMovieDBCommon.printDataValue(response1, \&amp;quot;Movies/Get Changes\&amp;quot;)</message>
  <nestedLevel>2</nestedLevel>
  <property name="startLine">28</property>
  <property name="stepIndex">2</property>
</record>
<record>
  <date>2018-12-18T17:00:39</date>
  <millis>1545170439361</millis>
  <sequence>21</sequence>
  <level>END</level>
  <class>com.kms.katalon.core.logging.KeywordLogger</class>
  <method>endKeyword</method>
  <thread>1</thread>
  <message>End action : Statement - theMovieDB.TheMovieDBCommon.printDataValue(response1, \&amp;quot;Movies/Get Changes\&amp;quot;)</message>
  <nestedLevel>2</nestedLevel>
</record>
<record>
  <date>2018-12-18T17:00:39</date>
  <millis>1545170439361</millis>
  <sequence>22</sequence>
  <level>END</level>
  <class>com.kms.katalon.core.logging.KeywordLogger</class>
  <method>endKeyword</method>
  <thread>1</thread>
  <message>End action : Statement - If (movieID != -1)</message>
  <nestedLevel>1</nestedLevel>
</record>
<record>
  <date>2018-12-18T17:00:39</date>
  <millis>1545170439362</millis>
  <sequence>23</sequence>
  <level>PASSED</level>
  <class>com.kms.katalon.core.logging.KeywordLogger</class>
  <method>logMessage</method>
  <thread>1</thread>
  <message>Test Cases/Movie/04 Get Popular Get Changes</message>
  <nestedLevel>1</nestedLevel>
</record>
<record>
  <date>2018-12-18T17:00:39</date>
  <millis>1545170439364</millis>
  <sequence>24</sequence>
  <level>END</level>
  <class>com.kms.katalon.core.logging.KeywordLogger</class>
  <method>endTest</method>
  <thread>1</thread>
  <message>End Test Case : Test Cases/Movie/04 Get Popular Get Changes</message>
  <nestedLevel>0</nestedLevel>
</record>
<record>
  <date>2018-12-18T17:00:39</date>
  <millis>1545170439371</millis>
  <sequence>25</sequence>
  <level>START</level>
  <class>com.kms.katalon.core.logging.KeywordLogger</class>
  <method>startTest</method>
  <thread>1</thread>
  <message>Start Test Case : Test Cases/Movie/05 Get Popular Get Alternative Titles</message>
  <nestedLevel>1</nestedLevel>
  <property name="name">Test Cases/Movie/05 Get Popular Get Alternative Titles</property>
  <property name="description"></property>
  <property name="id">Test Cases/Movie/05 Get Popular Get Alternative Titles</property>
  <property name="source">C:\\Training\\API Testing\\APITestingTheMovieDB\\Test Cases\\Movie\\05 Get Popular Get Alternative Titles.tc</property>
  <property name="isOptional">false</property>
</record>
<record>
  <date>2018-12-18T17:00:39</date>
  <millis>1545170439385</millis>
  <sequence>26</sequence>
  <level>INFO</level>
  <class>com.kms.katalon.core.logging.KeywordLogger</class>
  <method>logMessage</method>
  <thread>1</thread>
  <message>Evaluating variables for test case</message>
  <nestedLevel>1</nestedLevel>
</record>
<record>
  <date>2018-12-18T17:00:39</date>
  <millis>1545170439836</millis>
  <sequence>27</sequence>
  <level>START</level>
  <class>com.kms.katalon.core.logging.KeywordLogger</class>
  <method>startKeyword</method>
  <thread>1</thread>
  <message>Start action : Statement - response1 = com.kms.katalon.core.webservice.keyword.WSBuiltInKeywords.sendRequest(com.kms.katalon.core.testobject.ObjectRepository.findTestObject(Movies/Get Popular))</message>
  <nestedLevel>1</nestedLevel>
  <property name="startLine">22</property>
  <property name="stepIndex">1</property>
</record>
<record>
  <date>2018-12-18T17:00:39</date>
  <millis>1545170439838</millis>
  <sequence>28</sequence>
  <level>INFO</level>
  <class>com.kms.katalon.core.logging.KeywordLogger</class>
  <method>logMessage</method>
  <thread>1</thread>
  <message>Finding Test Object with id &amp;apos;Object Repository/Movies/Get Popular&amp;apos;</message>
  <nestedLevel>1</nestedLevel>
</record>
<record>
  <date>2018-12-18T17:00:39</date>
  <millis>1545170439847</millis>
  <sequence>29</sequence>
  <level>INFO</level>
  <class>com.kms.katalon.core.logging.KeywordLogger</class>
  <method>logMessage</method>
  <thread>1</thread>
  <message>Checking request object</message>
  <nestedLevel>1</nestedLevel>
</record>
<record>
  <date>2018-12-18T17:00:39</date>
  <millis>1545170439999</millis>
  <sequence>30</sequence>
  <level>PASSED</level>
  <class>com.kms.katalon.core.logging.KeywordLogger</class>
  <method>logMessage</method>
  <thread>1</thread>
  <message>Send request successfully</message>
  <nestedLevel>1</nestedLevel>
</record>
<record>
  <date>2018-12-18T17:00:40</date>
  <millis>1545170440000</millis>
  <sequence>31</sequence>
  <level>END</level>
  <class>com.kms.katalon.core.logging.KeywordLogger</class>
  <method>endKeyword</method>
  <thread>1</thread>
  <message>End action : Statement - response1 = com.kms.katalon.core.webservice.keyword.WSBuiltInKeywords.sendRequest(com.kms.katalon.core.testobject.ObjectRepository.findTestObject(Movies/Get Popular))</message>
  <nestedLevel>1</nestedLevel>
</record>
<record>
  <date>2018-12-18T17:00:40</date>
  <millis>1545170440001</millis>
  <sequence>32</sequence>
  <level>START</level>
  <class>com.kms.katalon.core.logging.KeywordLogger</class>
  <method>startKeyword</method>
  <thread>1</thread>
  <message>Start action : Statement - movieID = theMovieDB.Movie.getRandomMovie(response1)</message>
  <nestedLevel>1</nestedLevel>
  <property name="startLine">24</property>
  <property name="stepIndex">2</property>
</record>
<record>
  <date>2018-12-18T17:00:40</date>
  <millis>1545170440004</millis>
  <sequence>33</sequence>
  <level>END</level>
  <class>com.kms.katalon.core.logging.KeywordLogger</class>
  <method>endKeyword</method>
  <thread>1</thread>
  <message>End action : Statement - movieID = theMovieDB.Movie.getRandomMovie(response1)</message>
  <nestedLevel>1</nestedLevel>
</record>
<record>
  <date>2018-12-18T17:00:40</date>
  <millis>1545170440006</millis>
  <sequence>34</sequence>
  <level>START</level>
  <class>com.kms.katalon.core.logging.KeywordLogger</class>
  <method>startKeyword</method>
  <thread>1</thread>
  <message>Start action : Statement - If (movieID != -1)</message>
  <nestedLevel>1</nestedLevel>
  <property name="startLine">26</property>
  <property name="stepIndex">3</property>
</record>
<record>
  <date>2018-12-18T17:00:40</date>
  <millis>1545170440010</millis>
  <sequence>35</sequence>
  <level>START</level>
  <class>com.kms.katalon.core.logging.KeywordLogger</class>
  <method>startKeyword</method>
  <thread>1</thread>
  <message>Start action : Statement - response1 = theMovieDB.Movie.getAlternativeTitles(movieID)</message>
  <nestedLevel>2</nestedLevel>
  <property name="startLine">27</property>
  <property name="stepIndex">1</property>
</record>
<record>
  <date>2018-12-18T17:00:40</date>
  <millis>1545170440011</millis>
  <sequence>36</sequence>
  <level>INFO</level>
  <class>com.kms.katalon.core.logging.KeywordLogger</class>
  <method>logMessage</method>
  <thread>1</thread>
  <message>Finding Test Object with id &amp;apos;Object Repository/Movies/Get Alternative Titles&amp;apos;</message>
  <nestedLevel>1</nestedLevel>
</record>
<record>
  <date>2018-12-18T17:00:40</date>
  <millis>1545170440017</millis>
  <sequence>37</sequence>
  <level>INFO</level>
  <class>com.kms.katalon.core.logging.KeywordLogger</class>
  <method>logMessage</method>
  <thread>1</thread>
  <message>Checking request object</message>
  <nestedLevel>1</nestedLevel>
</record>
<record>
  <date>2018-12-18T17:00:40</date>
  <millis>1545170440153</millis>
  <sequence>38</sequence>
  <level>PASSED</level>
  <class>com.kms.katalon.core.logging.KeywordLogger</class>
  <method>logMessage</method>
  <thread>1</thread>
  <message>Send request successfully</message>
  <nestedLevel>1</nestedLevel>
</record>
<record>
  <date>2018-12-18T17:00:40</date>
  <millis>1545170440153</millis>
  <sequence>39</sequence>
  <level>END</level>
  <class>com.kms.katalon.core.logging.KeywordLogger</class>
  <method>endKeyword</method>
  <thread>1</thread>
  <message>End action : Statement - response1 = theMovieDB.Movie.getAlternativeTitles(movieID)</message>
  <nestedLevel>2</nestedLevel>
</record>
<record>
  <date>2018-12-18T17:00:40</date>
  <millis>1545170440154</millis>
  <sequence>40</sequence>
  <level>START</level>
  <class>com.kms.katalon.core.logging.KeywordLogger</class>
  <method>startKeyword</method>
  <thread>1</thread>
  <message>Start action : Statement - theMovieDB.TheMovieDBCommon.printDataValue(response1, \&amp;quot;Movies/Get Alternative Titles\&amp;quot;)</message>
  <nestedLevel>2</nestedLevel>
  <property name="startLine">28</property>
  <property name="stepIndex">2</property>
</record>
<record>
  <date>2018-12-18T17:00:40</date>
  <millis>1545170440156</millis>
  <sequence>41</sequence>
  <level>END</level>
  <class>com.kms.katalon.core.logging.KeywordLogger</class>
  <method>endKeyword</method>
  <thread>1</thread>
  <message>End action : Statement - theMovieDB.TheMovieDBCommon.printDataValue(response1, \&amp;quot;Movies/Get Alternative Titles\&amp;quot;)</message>
  <nestedLevel>2</nestedLevel>
</record>
<record>
  <date>2018-12-18T17:00:40</date>
  <millis>1545170440157</millis>
  <sequence>42</sequence>
  <level>END</level>
  <class>com.kms.katalon.core.logging.KeywordLogger</class>
  <method>endKeyword</method>
  <thread>1</thread>
  <message>End action : Statement - If (movieID != -1)</message>
  <nestedLevel>1</nestedLevel>
</record>
<record>
  <date>2018-12-18T17:00:40</date>
  <millis>1545170440157</millis>
  <sequence>43</sequence>
  <level>PASSED</level>
  <class>com.kms.katalon.core.logging.KeywordLogger</class>
  <method>logMessage</method>
  <thread>1</thread>
  <message>Test Cases/Movie/05 Get Popular Get Alternative Titles</message>
  <nestedLevel>1</nestedLevel>
</record>
<record>
  <date>2018-12-18T17:00:40</date>
  <millis>1545170440158</millis>
  <sequence>44</sequence>
  <level>END</level>
  <class>com.kms.katalon.core.logging.KeywordLogger</class>
  <method>endTest</method>
  <thread>1</thread>
  <message>End Test Case : Test Cases/Movie/05 Get Popular Get Alternative Titles</message>
  <nestedLevel>0</nestedLevel>
</record>
<record>
  <date>2018-12-18T17:00:40</date>
  <millis>1545170440161</millis>
  <sequence>45</sequence>
  <level>START</level>
  <class>com.kms.katalon.core.logging.KeywordLogger</class>
  <method>startTest</method>
  <thread>1</thread>
  <message>Start Test Case : Test Cases/Movie/06 Get Popular Get Account States</message>
  <nestedLevel>1</nestedLevel>
  <property name="name">Test Cases/Movie/06 Get Popular Get Account States</property>
  <property name="description"></property>
  <property name="id">Test Cases/Movie/06 Get Popular Get Account States</property>
  <property name="source">C:\\Training\\API Testing\\APITestingTheMovieDB\\Test Cases\\Movie\\06 Get Popular Get Account States.tc</property>
  <property name="isOptional">false</property>
</record>
<record>
  <date>2018-12-18T17:00:40</date>
  <millis>1545170440170</millis>
  <sequence>46</sequence>
  <level>INFO</level>
  <class>com.kms.katalon.core.logging.KeywordLogger</class>
  <method>logMessage</method>
  <thread>1</thread>
  <message>Evaluating variables for test case</message>
  <nestedLevel>1</nestedLevel>
</record>
<record>
  <date>2018-12-18T17:00:40</date>
  <millis>1545170440540</millis>
  <sequence>47</sequence>
  <level>START</level>
  <class>com.kms.katalon.core.logging.KeywordLogger</class>
  <method>startKeyword</method>
  <thread>1</thread>
  <message>Start action : Statement - response1 = com.kms.katalon.core.webservice.keyword.WSBuiltInKeywords.sendRequest(com.kms.katalon.core.testobject.ObjectRepository.findTestObject(Movies/Get Popular))</message>
  <nestedLevel>1</nestedLevel>
  <property name="startLine">22</property>
  <property name="stepIndex">1</property>
</record>
<record>
  <date>2018-12-18T17:00:40</date>
  <millis>1545170440541</millis>
  <sequence>48</sequence>
  <level>INFO</level>
  <class>com.kms.katalon.core.logging.KeywordLogger</class>
  <method>logMessage</method>
  <thread>1</thread>
  <message>Finding Test Object with id &amp;apos;Object Repository/Movies/Get Popular&amp;apos;</message>
  <nestedLevel>1</nestedLevel>
</record>
<record>
  <date>2018-12-18T17:00:40</date>
  <millis>1545170440545</millis>
  <sequence>49</sequence>
  <level>INFO</level>
  <class>com.kms.katalon.core.logging.KeywordLogger</class>
  <method>logMessage</method>
  <thread>1</thread>
  <message>Checking request object</message>
  <nestedLevel>1</nestedLevel>
</record>
<record>
  <date>2018-12-18T17:00:40</date>
  <millis>1545170440704</millis>
  <sequence>50</sequence>
  <level>PASSED</level>
  <class>com.kms.katalon.core.logging.KeywordLogger</class>
  <method>logMessage</method>
  <thread>1</thread>
  <message>Send request successfully</message>
  <nestedLevel>1</nestedLevel>
</record>
<record>
  <date>2018-12-18T17:00:40</date>
  <millis>1545170440705</millis>
  <sequence>51</sequence>
  <level>END</level>
  <class>com.kms.katalon.core.logging.KeywordLogger</class>
  <method>endKeyword</method>
  <thread>1</thread>
  <message>End action : Statement - response1 = com.kms.katalon.core.webservice.keyword.WSBuiltInKeywords.sendRequest(com.kms.katalon.core.testobject.ObjectRepository.findTestObject(Movies/Get Popular))</message>
  <nestedLevel>1</nestedLevel>
</record>
<record>
  <date>2018-12-18T17:00:40</date>
  <millis>1545170440705</millis>
  <sequence>52</sequence>
  <level>START</level>
  <class>com.kms.katalon.core.logging.KeywordLogger</class>
  <method>startKeyword</method>
  <thread>1</thread>
  <message>Start action : Statement - movieID = theMovieDB.Movie.getRandomMovie(response1)</message>
  <nestedLevel>1</nestedLevel>
  <property name="startLine">24</property>
  <property name="stepIndex">2</property>
</record>
<record>
  <date>2018-12-18T17:00:40</date>
  <millis>1545170440708</millis>
  <sequence>53</sequence>
  <level>END</level>
  <class>com.kms.katalon.core.logging.KeywordLogger</class>
  <method>endKeyword</method>
  <thread>1</thread>
  <message>End action : Statement - movieID = theMovieDB.Movie.getRandomMovie(response1)</message>
  <nestedLevel>1</nestedLevel>
</record>
<record>
  <date>2018-12-18T17:00:40</date>
  <millis>1545170440708</millis>
  <sequence>54</sequence>
  <level>START</level>
  <class>com.kms.katalon.core.logging.KeywordLogger</class>
  <method>startKeyword</method>
  <thread>1</thread>
  <message>Start action : Statement - If (movieID != -1)</message>
  <nestedLevel>1</nestedLevel>
  <property name="startLine">26</property>
  <property name="stepIndex">3</property>
</record>
<record>
  <date>2018-12-18T17:00:40</date>
  <millis>1545170440709</millis>
  <sequence>55</sequence>
  <level>START</level>
  <class>com.kms.katalon.core.logging.KeywordLogger</class>
  <method>startKeyword</method>
  <thread>1</thread>
  <message>Start action : Statement - response1 = theMovieDB.Movie.getAccountStates(movieID)</message>
  <nestedLevel>2</nestedLevel>
  <property name="startLine">28</property>
  <property name="stepIndex">1</property>
</record>
<record>
  <date>2018-12-18T17:00:40</date>
  <millis>1545170440711</millis>
  <sequence>56</sequence>
  <level>INFO</level>
  <class>com.kms.katalon.core.logging.KeywordLogger</class>
  <method>logMessage</method>
  <thread>1</thread>
  <message>Finding Test Object with id &amp;apos;Object Repository/Movies/Get Account States&amp;apos;</message>
  <nestedLevel>1</nestedLevel>
</record>
<record>
  <date>2018-12-18T17:00:40</date>
  <millis>1545170440715</millis>
  <sequence>57</sequence>
  <level>INFO</level>
  <class>com.kms.katalon.core.logging.KeywordLogger</class>
  <method>logMessage</method>
  <thread>1</thread>
  <message>Checking request object</message>
  <nestedLevel>1</nestedLevel>
</record>
<record>
  <date>2018-12-18T17:00:40</date>
  <millis>1545170440849</millis>
  <sequence>58</sequence>
  <level>PASSED</level>
  <class>com.kms.katalon.core.logging.KeywordLogger</class>
  <method>logMessage</method>
  <thread>1</thread>
  <message>Send request successfully</message>
  <nestedLevel>1</nestedLevel>
</record>
<record>
  <date>2018-12-18T17:00:40</date>
  <millis>1545170440850</millis>
  <sequence>59</sequence>
  <level>END</level>
  <class>com.kms.katalon.core.logging.KeywordLogger</class>
  <method>endKeyword</method>
  <thread>1</thread>
  <message>End action : Statement - response1 = theMovieDB.Movie.getAccountStates(movieID)</message>
  <nestedLevel>2</nestedLevel>
</record>
<record>
  <date>2018-12-18T17:00:40</date>
  <millis>1545170440850</millis>
  <sequence>60</sequence>
  <level>START</level>
  <class>com.kms.katalon.core.logging.KeywordLogger</class>
  <method>startKeyword</method>
  <thread>1</thread>
  <message>Start action : Statement - theMovieDB.TheMovieDBCommon.printDataValue(response1, \&amp;quot;Movies/Get Account States\&amp;quot;)</message>
  <nestedLevel>2</nestedLevel>
  <property name="startLine">29</property>
  <property name="stepIndex">2</property>
</record>
<record>
  <date>2018-12-18T17:00:40</date>
  <millis>1545170440851</millis>
  <sequence>61</sequence>
  <level>END</level>
  <class>com.kms.katalon.core.logging.KeywordLogger</class>
  <method>endKeyword</method>
  <thread>1</thread>
  <message>End action : Statement - theMovieDB.TheMovieDBCommon.printDataValue(response1, \&amp;quot;Movies/Get Account States\&amp;quot;)</message>
  <nestedLevel>2</nestedLevel>
</record>
<record>
  <date>2018-12-18T17:00:40</date>
  <millis>1545170440852</millis>
  <sequence>62</sequence>
  <level>END</level>
  <class>com.kms.katalon.core.logging.KeywordLogger</class>
  <method>endKeyword</method>
  <thread>1</thread>
  <message>End action : Statement - If (movieID != -1)</message>
  <nestedLevel>1</nestedLevel>
</record>
<record>
  <date>2018-12-18T17:00:40</date>
  <millis>1545170440852</millis>
  <sequence>63</sequence>
  <level>PASSED</level>
  <class>com.kms.katalon.core.logging.KeywordLogger</class>
  <method>logMessage</method>
  <thread>1</thread>
  <message>Test Cases/Movie/06 Get Popular Get Account States</message>
  <nestedLevel>1</nestedLevel>
</record>
<record>
  <date>2018-12-18T17:00:40</date>
  <millis>1545170440852</millis>
  <sequence>64</sequence>
  <level>END</level>
  <class>com.kms.katalon.core.logging.KeywordLogger</class>
  <method>endTest</method>
  <thread>1</thread>
  <message>End Test Case : Test Cases/Movie/06 Get Popular Get Account States</message>
  <nestedLevel>0</nestedLevel>
</record>
<record>
  <date>2018-12-18T17:00:40</date>
  <millis>1545170440855</millis>
  <sequence>65</sequence>
  <level>START</level>
  <class>com.kms.katalon.core.logging.KeywordLogger</class>
  <method>startTest</method>
  <thread>1</thread>
  <message>Start Test Case : Test Cases/Movie/07 Get Popular Get Credits then Get Credit Details</message>
  <nestedLevel>1</nestedLevel>
  <property name="name">Test Cases/Movie/07 Get Popular Get Credits then Get Credit Details</property>
  <property name="description"></property>
  <property name="id">Test Cases/Movie/07 Get Popular Get Credits then Get Credit Details</property>
  <property name="source">C:\\Training\\API Testing\\APITestingTheMovieDB\\Test Cases\\Movie\\07 Get Popular Get Credits then Get Credit Details.tc</property>
  <property name="isOptional">false</property>
</record>
<record>
  <date>2018-12-18T17:00:40</date>
  <millis>1545170440870</millis>
  <sequence>66</sequence>
  <level>INFO</level>
  <class>com.kms.katalon.core.logging.KeywordLogger</class>
  <method>logMessage</method>
  <thread>1</thread>
  <message>Evaluating variables for test case</message>
  <nestedLevel>1</nestedLevel>
</record>
<record>
  <date>2018-12-18T17:00:41</date>
  <millis>1545170441214</millis>
  <sequence>67</sequence>
  <level>START</level>
  <class>com.kms.katalon.core.logging.KeywordLogger</class>
  <method>startKeyword</method>
  <thread>1</thread>
  <message>Start action : Statement - response1 = com.kms.katalon.core.webservice.keyword.WSBuiltInKeywords.sendRequest(com.kms.katalon.core.testobject.ObjectRepository.findTestObject(Movies/Get Popular))</message>
  <nestedLevel>1</nestedLevel>
  <property name="startLine">22</property>
  <property name="stepIndex">1</property>
</record>
<record>
  <date>2018-12-18T17:00:41</date>
  <millis>1545170441217</millis>
  <sequence>68</sequence>
  <level>INFO</level>
  <class>com.kms.katalon.core.logging.KeywordLogger</class>
  <method>logMessage</method>
  <thread>1</thread>
  <message>Finding Test Object with id &amp;apos;Object Repository/Movies/Get Popular&amp;apos;</message>
  <nestedLevel>1</nestedLevel>
</record>
<record>
  <date>2018-12-18T17:00:41</date>
  <millis>1545170441232</millis>
  <sequence>69</sequence>
  <level>INFO</level>
  <class>com.kms.katalon.core.logging.KeywordLogger</class>
  <method>logMessage</method>
  <thread>1</thread>
  <message>Checking request object</message>
  <nestedLevel>1</nestedLevel>
</record>
<record>
  <date>2018-12-18T17:00:41</date>
  <millis>1545170441382</millis>
  <sequence>70</sequence>
  <level>PASSED</level>
  <class>com.kms.katalon.core.logging.KeywordLogger</class>
  <method>logMessage</method>
  <thread>1</thread>
  <message>Send request successfully</message>
  <nestedLevel>1</nestedLevel>
</record>
<record>
  <date>2018-12-18T17:00:41</date>
  <millis>1545170441383</millis>
  <sequence>71</sequence>
  <level>END</level>
  <class>com.kms.katalon.core.logging.KeywordLogger</class>
  <method>endKeyword</method>
  <thread>1</thread>
  <message>End action : Statement - response1 = com.kms.katalon.core.webservice.keyword.WSBuiltInKeywords.sendRequest(com.kms.katalon.core.testobject.ObjectRepository.findTestObject(Movies/Get Popular))</message>
  <nestedLevel>1</nestedLevel>
</record>
<record>
  <date>2018-12-18T17:00:41</date>
  <millis>1545170441383</millis>
  <sequence>72</sequence>
  <level>START</level>
  <class>com.kms.katalon.core.logging.KeywordLogger</class>
  <method>startKeyword</method>
  <thread>1</thread>
  <message>Start action : Statement - movieID = theMovieDB.Movie.getRandomMovie(response1)</message>
  <nestedLevel>1</nestedLevel>
  <property name="startLine">24</property>
  <property name="stepIndex">2</property>
</record>
<record>
  <date>2018-12-18T17:00:41</date>
  <millis>1545170441387</millis>
  <sequence>73</sequence>
  <level>END</level>
  <class>com.kms.katalon.core.logging.KeywordLogger</class>
  <method>endKeyword</method>
  <thread>1</thread>
  <message>End action : Statement - movieID = theMovieDB.Movie.getRandomMovie(response1)</message>
  <nestedLevel>1</nestedLevel>
</record>
<record>
  <date>2018-12-18T17:00:41</date>
  <millis>1545170441387</millis>
  <sequence>74</sequence>
  <level>START</level>
  <class>com.kms.katalon.core.logging.KeywordLogger</class>
  <method>startKeyword</method>
  <thread>1</thread>
  <message>Start action : Statement - If (movieID != -1)</message>
  <nestedLevel>1</nestedLevel>
  <property name="startLine">26</property>
  <property name="stepIndex">3</property>
</record>
<record>
  <date>2018-12-18T17:00:41</date>
  <millis>1545170441388</millis>
  <sequence>75</sequence>
  <level>START</level>
  <class>com.kms.katalon.core.logging.KeywordLogger</class>
  <method>startKeyword</method>
  <thread>1</thread>
  <message>Start action : Statement - response1 = theMovieDB.Movie.getCredits(movieID)</message>
  <nestedLevel>2</nestedLevel>
  <property name="startLine">27</property>
  <property name="stepIndex">1</property>
</record>
<record>
  <date>2018-12-18T17:00:41</date>
  <millis>1545170441389</millis>
  <sequence>76</sequence>
  <level>INFO</level>
  <class>com.kms.katalon.core.logging.KeywordLogger</class>
  <method>logMessage</method>
  <thread>1</thread>
  <message>Finding Test Object with id &amp;apos;Object Repository/Movies/Get Credits&amp;apos;</message>
  <nestedLevel>1</nestedLevel>
</record>
<record>
  <date>2018-12-18T17:00:41</date>
  <millis>1545170441393</millis>
  <sequence>77</sequence>
  <level>INFO</level>
  <class>com.kms.katalon.core.logging.KeywordLogger</class>
  <method>logMessage</method>
  <thread>1</thread>
  <message>Checking request object</message>
  <nestedLevel>1</nestedLevel>
</record>
<record>
  <date>2018-12-18T17:00:41</date>
  <millis>1545170441559</millis>
  <sequence>78</sequence>
  <level>PASSED</level>
  <class>com.kms.katalon.core.logging.KeywordLogger</class>
  <method>logMessage</method>
  <thread>1</thread>
  <message>Send request successfully</message>
  <nestedLevel>1</nestedLevel>
</record>
<record>
  <date>2018-12-18T17:00:41</date>
  <millis>1545170441560</millis>
  <sequence>79</sequence>
  <level>END</level>
  <class>com.kms.katalon.core.logging.KeywordLogger</class>
  <method>endKeyword</method>
  <thread>1</thread>
  <message>End action : Statement - response1 = theMovieDB.Movie.getCredits(movieID)</message>
  <nestedLevel>2</nestedLevel>
</record>
<record>
  <date>2018-12-18T17:00:41</date>
  <millis>1545170441560</millis>
  <sequence>80</sequence>
  <level>START</level>
  <class>com.kms.katalon.core.logging.KeywordLogger</class>
  <method>startKeyword</method>
  <thread>1</thread>
  <message>Start action : Statement - theMovieDB.TheMovieDBCommon.printDataValue(response1, \&amp;quot;Movies/Get Credits\&amp;quot;)</message>
  <nestedLevel>2</nestedLevel>
  <property name="startLine">28</property>
  <property name="stepIndex">2</property>
</record>
<record>
  <date>2018-12-18T17:00:41</date>
  <millis>1545170441613</millis>
  <sequence>81</sequence>
  <level>END</level>
  <class>com.kms.katalon.core.logging.KeywordLogger</class>
  <method>endKeyword</method>
  <thread>1</thread>
  <message>End action : Statement - theMovieDB.TheMovieDBCommon.printDataValue(response1, \&amp;quot;Movies/Get Credits\&amp;quot;)</message>
  <nestedLevel>2</nestedLevel>
</record>
<record>
  <date>2018-12-18T17:00:41</date>
  <millis>1545170441613</millis>
  <sequence>82</sequence>
  <level>START</level>
  <class>com.kms.katalon.core.logging.KeywordLogger</class>
  <method>startKeyword</method>
  <thread>1</thread>
  <message>Start action : Statement - creditID = theMovieDB.Movie.getRandomCredit(response1)</message>
  <nestedLevel>2</nestedLevel>
  <property name="startLine">30</property>
  <property name="stepIndex">3</property>
</record>
<record>
  <date>2018-12-18T17:00:41</date>
  <millis>1545170441645</millis>
  <sequence>83</sequence>
  <level>END</level>
  <class>com.kms.katalon.core.logging.KeywordLogger</class>
  <method>endKeyword</method>
  <thread>1</thread>
  <message>End action : Statement - creditID = theMovieDB.Movie.getRandomCredit(response1)</message>
  <nestedLevel>2</nestedLevel>
</record>
<record>
  <date>2018-12-18T17:00:41</date>
  <millis>1545170441646</millis>
  <sequence>84</sequence>
  <level>START</level>
  <class>com.kms.katalon.core.logging.KeywordLogger</class>
  <method>startKeyword</method>
  <thread>1</thread>
  <message>Start action : Statement - If (creditID != null)</message>
  <nestedLevel>2</nestedLevel>
  <property name="startLine">32</property>
  <property name="stepIndex">4</property>
</record>
<record>
  <date>2018-12-18T17:00:41</date>
  <millis>1545170441649</millis>
  <sequence>85</sequence>
  <level>START</level>
  <class>com.kms.katalon.core.logging.KeywordLogger</class>
  <method>startKeyword</method>
  <thread>1</thread>
  <message>Start action : Statement - response1 = theMovieDB.Credits.getDetails(creditID)</message>
  <nestedLevel>3</nestedLevel>
  <property name="startLine">33</property>
  <property name="stepIndex">1</property>
</record>
<record>
  <date>2018-12-18T17:00:41</date>
  <millis>1545170441657</millis>
  <sequence>86</sequence>
  <level>INFO</level>
  <class>com.kms.katalon.core.logging.KeywordLogger</class>
  <method>logMessage</method>
  <thread>1</thread>
  <message>Finding Test Object with id &amp;apos;Object Repository/Credits/Get Details&amp;apos;</message>
  <nestedLevel>1</nestedLevel>
</record>
<record>
  <date>2018-12-18T17:00:41</date>
  <millis>1545170441663</millis>
  <sequence>87</sequence>
  <level>INFO</level>
  <class>com.kms.katalon.core.logging.KeywordLogger</class>
  <method>logMessage</method>
  <thread>1</thread>
  <message>Checking request object</message>
  <nestedLevel>1</nestedLevel>
</record>
<record>
  <date>2018-12-18T17:00:41</date>
  <millis>1545170441805</millis>
  <sequence>88</sequence>
  <level>PASSED</level>
  <class>com.kms.katalon.core.logging.KeywordLogger</class>
  <method>logMessage</method>
  <thread>1</thread>
  <message>Send request successfully</message>
  <nestedLevel>1</nestedLevel>
</record>
<record>
  <date>2018-12-18T17:00:41</date>
  <millis>1545170441806</millis>
  <sequence>89</sequence>
  <level>END</level>
  <class>com.kms.katalon.core.logging.KeywordLogger</class>
  <method>endKeyword</method>
  <thread>1</thread>
  <message>End action : Statement - response1 = theMovieDB.Credits.getDetails(creditID)</message>
  <nestedLevel>3</nestedLevel>
</record>
<record>
  <date>2018-12-18T17:00:41</date>
  <millis>1545170441806</millis>
  <sequence>90</sequence>
  <level>START</level>
  <class>com.kms.katalon.core.logging.KeywordLogger</class>
  <method>startKeyword</method>
  <thread>1</thread>
  <message>Start action : Statement - theMovieDB.TheMovieDBCommon.printDataValue(response1, \&amp;quot;Credit/Get Details\&amp;quot;)</message>
  <nestedLevel>3</nestedLevel>
  <property name="startLine">34</property>
  <property name="stepIndex">2</property>
</record>
<record>
  <date>2018-12-18T17:00:41</date>
  <millis>1545170441808</millis>
  <sequence>91</sequence>
  <level>END</level>
  <class>com.kms.katalon.core.logging.KeywordLogger</class>
  <method>endKeyword</method>
  <thread>1</thread>
  <message>End action : Statement - theMovieDB.TheMovieDBCommon.printDataValue(response1, \&amp;quot;Credit/Get Details\&amp;quot;)</message>
  <nestedLevel>3</nestedLevel>
</record>
<record>
  <date>2018-12-18T17:00:41</date>
  <millis>1545170441809</millis>
  <sequence>92</sequence>
  <level>END</level>
  <class>com.kms.katalon.core.logging.KeywordLogger</class>
  <method>endKeyword</method>
  <thread>1</thread>
  <message>End action : Statement - If (creditID != null)</message>
  <nestedLevel>2</nestedLevel>
</record>
<record>
  <date>2018-12-18T17:00:41</date>
  <millis>1545170441809</millis>
  <sequence>93</sequence>
  <level>END</level>
  <class>com.kms.katalon.core.logging.KeywordLogger</class>
  <method>endKeyword</method>
  <thread>1</thread>
  <message>End action : Statement - If (movieID != -1)</message>
  <nestedLevel>1</nestedLevel>
</record>
<record>
  <date>2018-12-18T17:00:41</date>
  <millis>1545170441809</millis>
  <sequence>94</sequence>
  <level>PASSED</level>
  <class>com.kms.katalon.core.logging.KeywordLogger</class>
  <method>logMessage</method>
  <thread>1</thread>
  <message>Test Cases/Movie/07 Get Popular Get Credits then Get Credit Details</message>
  <nestedLevel>1</nestedLevel>
</record>
<record>
  <date>2018-12-18T17:00:41</date>
  <millis>1545170441810</millis>
  <sequence>95</sequence>
  <level>END</level>
  <class>com.kms.katalon.core.logging.KeywordLogger</class>
  <method>endTest</method>
  <thread>1</thread>
  <message>End Test Case : Test Cases/Movie/07 Get Popular Get Credits then Get Credit Details</message>
  <nestedLevel>0</nestedLevel>
</record>
<record>
  <date>2018-12-18T17:00:41</date>
  <millis>1545170441812</millis>
  <sequence>96</sequence>
  <level>START</level>
  <class>com.kms.katalon.core.logging.KeywordLogger</class>
  <method>startTest</method>
  <thread>1</thread>
  <message>Start Test Case : Test Cases/Movie/08 Get Popular Get Details</message>
  <nestedLevel>1</nestedLevel>
  <property name="name">Test Cases/Movie/08 Get Popular Get Details</property>
  <property name="description"></property>
  <property name="id">Test Cases/Movie/08 Get Popular Get Details</property>
  <property name="source">C:\\Training\\API Testing\\APITestingTheMovieDB\\Test Cases\\Movie\\08 Get Popular Get Details.tc</property>
  <property name="isOptional">false</property>
</record>
<record>
  <date>2018-12-18T17:00:41</date>
  <millis>1545170441818</millis>
  <sequence>97</sequence>
  <level>INFO</level>
  <class>com.kms.katalon.core.logging.KeywordLogger</class>
  <method>logMessage</method>
  <thread>1</thread>
  <message>Evaluating variables for test case</message>
  <nestedLevel>1</nestedLevel>
</record>
<record>
  <date>2018-12-18T17:00:42</date>
  <millis>1545170442091</millis>
  <sequence>98</sequence>
  <level>START</level>
  <class>com.kms.katalon.core.logging.KeywordLogger</class>
  <method>startKeyword</method>
  <thread>1</thread>
  <message>Start action : Statement - response1 = com.kms.katalon.core.webservice.keyword.WSBuiltInKeywords.sendRequest(com.kms.katalon.core.testobject.ObjectRepository.findTestObject(Movies/Get Popular))</message>
  <nestedLevel>1</nestedLevel>
  <property name="startLine">22</property>
  <property name="stepIndex">1</property>
</record>
<record>
  <date>2018-12-18T17:00:42</date>
  <millis>1545170442091</millis>
  <sequence>99</sequence>
  <level>INFO</level>
  <class>com.kms.katalon.core.logging.KeywordLogger</class>
  <method>logMessage</method>
  <thread>1</thread>
  <message>Finding Test Object with id &amp;apos;Object Repository/Movies/Get Popular&amp;apos;</message>
  <nestedLevel>1</nestedLevel>
</record>
<record>
  <date>2018-12-18T17:00:42</date>
  <millis>1545170442095</millis>
  <sequence>100</sequence>
  <level>INFO</level>
  <class>com.kms.katalon.core.logging.KeywordLogger</class>
  <method>logMessage</method>
  <thread>1</thread>
  <message>Checking request object</message>
  <nestedLevel>1</nestedLevel>
</record>
<record>
  <date>2018-12-18T17:00:42</date>
  <millis>1545170442313</millis>
  <sequence>101</sequence>
  <level>PASSED</level>
  <class>com.kms.katalon.core.logging.KeywordLogger</class>
  <method>logMessage</method>
  <thread>1</thread>
  <message>Send request successfully</message>
  <nestedLevel>1</nestedLevel>
</record>
<record>
  <date>2018-12-18T17:00:42</date>
  <millis>1545170442313</millis>
  <sequence>102</sequence>
  <level>END</level>
  <class>com.kms.katalon.core.logging.KeywordLogger</class>
  <method>endKeyword</method>
  <thread>1</thread>
  <message>End action : Statement - response1 = com.kms.katalon.core.webservice.keyword.WSBuiltInKeywords.sendRequest(com.kms.katalon.core.testobject.ObjectRepository.findTestObject(Movies/Get Popular))</message>
  <nestedLevel>1</nestedLevel>
</record>
<record>
  <date>2018-12-18T17:00:42</date>
  <millis>1545170442314</millis>
  <sequence>103</sequence>
  <level>START</level>
  <class>com.kms.katalon.core.logging.KeywordLogger</class>
  <method>startKeyword</method>
  <thread>1</thread>
  <message>Start action : Statement - movieID = theMovieDB.Movie.getRandomMovie(response1)</message>
  <nestedLevel>1</nestedLevel>
  <property name="startLine">24</property>
  <property name="stepIndex">2</property>
</record>
<record>
  <date>2018-12-18T17:00:42</date>
  <millis>1545170442315</millis>
  <sequence>104</sequence>
  <level>END</level>
  <class>com.kms.katalon.core.logging.KeywordLogger</class>
  <method>endKeyword</method>
  <thread>1</thread>
  <message>End action : Statement - movieID = theMovieDB.Movie.getRandomMovie(response1)</message>
  <nestedLevel>1</nestedLevel>
</record>
<record>
  <date>2018-12-18T17:00:42</date>
  <millis>1545170442315</millis>
  <sequence>105</sequence>
  <level>START</level>
  <class>com.kms.katalon.core.logging.KeywordLogger</class>
  <method>startKeyword</method>
  <thread>1</thread>
  <message>Start action : Statement - If (movieID != -1)</message>
  <nestedLevel>1</nestedLevel>
  <property name="startLine">26</property>
  <property name="stepIndex">3</property>
</record>
<record>
  <date>2018-12-18T17:00:42</date>
  <millis>1545170442315</millis>
  <sequence>106</sequence>
  <level>START</level>
  <class>com.kms.katalon.core.logging.KeywordLogger</class>
  <method>startKeyword</method>
  <thread>1</thread>
  <message>Start action : Statement - response1 = theMovieDB.Movie.getDetails(movieID)</message>
  <nestedLevel>2</nestedLevel>
  <property name="startLine">27</property>
  <property name="stepIndex">1</property>
</record>
<record>
  <date>2018-12-18T17:00:42</date>
  <millis>1545170442316</millis>
  <sequence>107</sequence>
  <level>INFO</level>
  <class>com.kms.katalon.core.logging.KeywordLogger</class>
  <method>logMessage</method>
  <thread>1</thread>
  <message>Finding Test Object with id &amp;apos;Object Repository/Movies/Get Details&amp;apos;</message>
  <nestedLevel>1</nestedLevel>
</record>
<record>
  <date>2018-12-18T17:00:42</date>
  <millis>1545170442321</millis>
  <sequence>108</sequence>
  <level>INFO</level>
  <class>com.kms.katalon.core.logging.KeywordLogger</class>
  <method>logMessage</method>
  <thread>1</thread>
  <message>Checking request object</message>
  <nestedLevel>1</nestedLevel>
</record>
<record>
  <date>2018-12-18T17:00:42</date>
  <millis>1545170442462</millis>
  <sequence>109</sequence>
  <level>PASSED</level>
  <class>com.kms.katalon.core.logging.KeywordLogger</class>
  <method>logMessage</method>
  <thread>1</thread>
  <message>Send request successfully</message>
  <nestedLevel>1</nestedLevel>
</record>
<record>
  <date>2018-12-18T17:00:42</date>
  <millis>1545170442469</millis>
  <sequence>110</sequence>
  <level>END</level>
  <class>com.kms.katalon.core.logging.KeywordLogger</class>
  <method>endKeyword</method>
  <thread>1</thread>
  <message>End action : Statement - response1 = theMovieDB.Movie.getDetails(movieID)</message>
  <nestedLevel>2</nestedLevel>
</record>
<record>
  <date>2018-12-18T17:00:42</date>
  <millis>1545170442469</millis>
  <sequence>111</sequence>
  <level>START</level>
  <class>com.kms.katalon.core.logging.KeywordLogger</class>
  <method>startKeyword</method>
  <thread>1</thread>
  <message>Start action : Statement - theMovieDB.TheMovieDBCommon.printDataValue(response1, \&amp;quot;Movies/Get Details\&amp;quot;)</message>
  <nestedLevel>2</nestedLevel>
  <property name="startLine">28</property>
  <property name="stepIndex">2</property>
</record>
<record>
  <date>2018-12-18T17:00:42</date>
  <millis>1545170442473</millis>
  <sequence>112</sequence>
  <level>END</level>
  <class>com.kms.katalon.core.logging.KeywordLogger</class>
  <method>endKeyword</method>
  <thread>1</thread>
  <message>End action : Statement - theMovieDB.TheMovieDBCommon.printDataValue(response1, \&amp;quot;Movies/Get Details\&amp;quot;)</message>
  <nestedLevel>2</nestedLevel>
</record>
<record>
  <date>2018-12-18T17:00:42</date>
  <millis>1545170442473</millis>
  <sequence>113</sequence>
  <level>END</level>
  <class>com.kms.katalon.core.logging.KeywordLogger</class>
  <method>endKeyword</method>
  <thread>1</thread>
  <message>End action : Statement - If (movieID != -1)</message>
  <nestedLevel>1</nestedLevel>
</record>
<record>
  <date>2018-12-18T17:00:42</date>
  <millis>1545170442474</millis>
  <sequence>114</sequence>
  <level>PASSED</level>
  <class>com.kms.katalon.core.logging.KeywordLogger</class>
  <method>logMessage</method>
  <thread>1</thread>
  <message>Test Cases/Movie/08 Get Popular Get Details</message>
  <nestedLevel>1</nestedLevel>
</record>
<record>
  <date>2018-12-18T17:00:42</date>
  <millis>1545170442474</millis>
  <sequence>115</sequence>
  <level>END</level>
  <class>com.kms.katalon.core.logging.KeywordLogger</class>
  <method>endTest</method>
  <thread>1</thread>
  <message>End Test Case : Test Cases/Movie/08 Get Popular Get Details</message>
  <nestedLevel>0</nestedLevel>
</record>
<record>
  <date>2018-12-18T17:00:42</date>
  <millis>1545170442477</millis>
  <sequence>116</sequence>
  <level>START</level>
  <class>com.kms.katalon.core.logging.KeywordLogger</class>
  <method>startTest</method>
  <thread>1</thread>
  <message>Start Test Case : Test Cases/Movie/09 Get Popular Get Lists then Get List Details</message>
  <nestedLevel>1</nestedLevel>
  <property name="name">Test Cases/Movie/09 Get Popular Get Lists then Get List Details</property>
  <property name="description"></property>
  <property name="id">Test Cases/Movie/09 Get Popular Get Lists then Get List Details</property>
  <property name="source">C:\\Training\\API Testing\\APITestingTheMovieDB\\Test Cases\\Movie\\09 Get Popular Get Lists then Get List Details.tc</property>
  <property name="isOptional">false</property>
</record>
<record>
  <date>2018-12-18T17:00:42</date>
  <millis>1545170442485</millis>
  <sequence>117</sequence>
  <level>INFO</level>
  <class>com.kms.katalon.core.logging.KeywordLogger</class>
  <method>logMessage</method>
  <thread>1</thread>
  <message>Evaluating variables for test case</message>
  <nestedLevel>1</nestedLevel>
</record>
<record>
  <date>2018-12-18T17:00:42</date>
  <millis>1545170442795</millis>
  <sequence>118</sequence>
  <level>START</level>
  <class>com.kms.katalon.core.logging.KeywordLogger</class>
  <method>startKeyword</method>
  <thread>1</thread>
  <message>Start action : Statement - response1 = com.kms.katalon.core.webservice.keyword.WSBuiltInKeywords.sendRequest(com.kms.katalon.core.testobject.ObjectRepository.findTestObject(Movies/Get Popular))</message>
  <nestedLevel>1</nestedLevel>
  <property name="startLine">22</property>
  <property name="stepIndex">1</property>
</record>
<record>
  <date>2018-12-18T17:00:42</date>
  <millis>1545170442798</millis>
  <sequence>119</sequence>
  <level>INFO</level>
  <class>com.kms.katalon.core.logging.KeywordLogger</class>
  <method>logMessage</method>
  <thread>1</thread>
  <message>Finding Test Object with id &amp;apos;Object Repository/Movies/Get Popular&amp;apos;</message>
  <nestedLevel>1</nestedLevel>
</record>
<record>
  <date>2018-12-18T17:00:42</date>
  <millis>1545170442805</millis>
  <sequence>120</sequence>
  <level>INFO</level>
  <class>com.kms.katalon.core.logging.KeywordLogger</class>
  <method>logMessage</method>
  <thread>1</thread>
  <message>Checking request object</message>
  <nestedLevel>1</nestedLevel>
</record>
<record>
  <date>2018-12-18T17:00:42</date>
  <millis>1545170442969</millis>
  <sequence>121</sequence>
  <level>PASSED</level>
  <class>com.kms.katalon.core.logging.KeywordLogger</class>
  <method>logMessage</method>
  <thread>1</thread>
  <message>Send request successfully</message>
  <nestedLevel>1</nestedLevel>
</record>
<record>
  <date>2018-12-18T17:00:42</date>
  <millis>1545170442970</millis>
  <sequence>122</sequence>
  <level>END</level>
  <class>com.kms.katalon.core.logging.KeywordLogger</class>
  <method>endKeyword</method>
  <thread>1</thread>
  <message>End action : Statement - response1 = com.kms.katalon.core.webservice.keyword.WSBuiltInKeywords.sendRequest(com.kms.katalon.core.testobject.ObjectRepository.findTestObject(Movies/Get Popular))</message>
  <nestedLevel>1</nestedLevel>
</record>
<record>
  <date>2018-12-18T17:00:42</date>
  <millis>1545170442970</millis>
  <sequence>123</sequence>
  <level>START</level>
  <class>com.kms.katalon.core.logging.KeywordLogger</class>
  <method>startKeyword</method>
  <thread>1</thread>
  <message>Start action : Statement - movieID = theMovieDB.Movie.getRandomMovie(response1)</message>
  <nestedLevel>1</nestedLevel>
  <property name="startLine">24</property>
  <property name="stepIndex">2</property>
</record>
<record>
  <date>2018-12-18T17:00:42</date>
  <millis>1545170442971</millis>
  <sequence>124</sequence>
  <level>END</level>
  <class>com.kms.katalon.core.logging.KeywordLogger</class>
  <method>endKeyword</method>
  <thread>1</thread>
  <message>End action : Statement - movieID = theMovieDB.Movie.getRandomMovie(response1)</message>
  <nestedLevel>1</nestedLevel>
</record>
<record>
  <date>2018-12-18T17:00:42</date>
  <millis>1545170442972</millis>
  <sequence>125</sequence>
  <level>START</level>
  <class>com.kms.katalon.core.logging.KeywordLogger</class>
  <method>startKeyword</method>
  <thread>1</thread>
  <message>Start action : Statement - If (movieID != -1)</message>
  <nestedLevel>1</nestedLevel>
  <property name="startLine">26</property>
  <property name="stepIndex">3</property>
</record>
<record>
  <date>2018-12-18T17:00:42</date>
  <millis>1545170442972</millis>
  <sequence>126</sequence>
  <level>START</level>
  <class>com.kms.katalon.core.logging.KeywordLogger</class>
  <method>startKeyword</method>
  <thread>1</thread>
  <message>Start action : Statement - response1 = theMovieDB.Movie.getLists(movieID)</message>
  <nestedLevel>2</nestedLevel>
  <property name="startLine">28</property>
  <property name="stepIndex">1</property>
</record>
<record>
  <date>2018-12-18T17:00:42</date>
  <millis>1545170442973</millis>
  <sequence>127</sequence>
  <level>INFO</level>
  <class>com.kms.katalon.core.logging.KeywordLogger</class>
  <method>logMessage</method>
  <thread>1</thread>
  <message>Finding Test Object with id &amp;apos;Object Repository/Movies/Get Lists&amp;apos;</message>
  <nestedLevel>1</nestedLevel>
</record>
<record>
  <date>2018-12-18T17:00:42</date>
  <millis>1545170442977</millis>
  <sequence>128</sequence>
  <level>INFO</level>
  <class>com.kms.katalon.core.logging.KeywordLogger</class>
  <method>logMessage</method>
  <thread>1</thread>
  <message>Checking request object</message>
  <nestedLevel>1</nestedLevel>
</record>
<record>
  <date>2018-12-18T17:00:43</date>
  <millis>1545170443179</millis>
  <sequence>129</sequence>
  <level>PASSED</level>
  <class>com.kms.katalon.core.logging.KeywordLogger</class>
  <method>logMessage</method>
  <thread>1</thread>
  <message>Send request successfully</message>
  <nestedLevel>1</nestedLevel>
</record>
<record>
  <date>2018-12-18T17:00:43</date>
  <millis>1545170443181</millis>
  <sequence>130</sequence>
  <level>END</level>
  <class>com.kms.katalon.core.logging.KeywordLogger</class>
  <method>endKeyword</method>
  <thread>1</thread>
  <message>End action : Statement - response1 = theMovieDB.Movie.getLists(movieID)</message>
  <nestedLevel>2</nestedLevel>
</record>
<record>
  <date>2018-12-18T17:00:43</date>
  <millis>1545170443181</millis>
  <sequence>131</sequence>
  <level>START</level>
  <class>com.kms.katalon.core.logging.KeywordLogger</class>
  <method>startKeyword</method>
  <thread>1</thread>
  <message>Start action : Statement - theMovieDB.TheMovieDBCommon.printDataValue(response1, \&amp;quot;Movies/Get Lists\&amp;quot;)</message>
  <nestedLevel>2</nestedLevel>
  <property name="startLine">30</property>
  <property name="stepIndex">2</property>
</record>
<record>
  <date>2018-12-18T17:00:43</date>
  <millis>1545170443190</millis>
  <sequence>132</sequence>
  <level>END</level>
  <class>com.kms.katalon.core.logging.KeywordLogger</class>
  <method>endKeyword</method>
  <thread>1</thread>
  <message>End action : Statement - theMovieDB.TheMovieDBCommon.printDataValue(response1, \&amp;quot;Movies/Get Lists\&amp;quot;)</message>
  <nestedLevel>2</nestedLevel>
</record>
<record>
  <date>2018-12-18T17:00:43</date>
  <millis>1545170443190</millis>
  <sequence>133</sequence>
  <level>START</level>
  <class>com.kms.katalon.core.logging.KeywordLogger</class>
  <method>startKeyword</method>
  <thread>1</thread>
  <message>Start action : Statement - listID = theMovieDB.Movie.getRandomMovie(response1)</message>
  <nestedLevel>2</nestedLevel>
  <property name="startLine">32</property>
  <property name="stepIndex">3</property>
</record>
<record>
  <date>2018-12-18T17:00:43</date>
  <millis>1545170443191</millis>
  <sequence>134</sequence>
  <level>END</level>
  <class>com.kms.katalon.core.logging.KeywordLogger</class>
  <method>endKeyword</method>
  <thread>1</thread>
  <message>End action : Statement - listID = theMovieDB.Movie.getRandomMovie(response1)</message>
  <nestedLevel>2</nestedLevel>
</record>
<record>
  <date>2018-12-18T17:00:43</date>
  <millis>1545170443192</millis>
  <sequence>135</sequence>
  <level>START</level>
  <class>com.kms.katalon.core.logging.KeywordLogger</class>
  <method>startKeyword</method>
  <thread>1</thread>
  <message>Start action : Statement - If (listID != -1)</message>
  <nestedLevel>2</nestedLevel>
  <property name="startLine">34</property>
  <property name="stepIndex">4</property>
</record>
<record>
  <date>2018-12-18T17:00:43</date>
  <millis>1545170443192</millis>
  <sequence>136</sequence>
  <level>START</level>
  <class>com.kms.katalon.core.logging.KeywordLogger</class>
  <method>startKeyword</method>
  <thread>1</thread>
  <message>Start action : Statement - response1 = theMovieDB.Lists.getDetails(listID)</message>
  <nestedLevel>3</nestedLevel>
  <property name="startLine">36</property>
  <property name="stepIndex">1</property>
</record>
<record>
  <date>2018-12-18T17:00:43</date>
  <millis>1545170443198</millis>
  <sequence>137</sequence>
  <level>INFO</level>
  <class>com.kms.katalon.core.logging.KeywordLogger</class>
  <method>logMessage</method>
  <thread>1</thread>
  <message>Finding Test Object with id &amp;apos;Object Repository/List/Get Details&amp;apos;</message>
  <nestedLevel>1</nestedLevel>
</record>
<record>
  <date>2018-12-18T17:00:43</date>
  <millis>1545170443202</millis>
  <sequence>138</sequence>
  <level>INFO</level>
  <class>com.kms.katalon.core.logging.KeywordLogger</class>
  <method>logMessage</method>
  <thread>1</thread>
  <message>Checking request object</message>
  <nestedLevel>1</nestedLevel>
</record>
<record>
  <date>2018-12-18T17:00:43</date>
  <millis>1545170443369</millis>
  <sequence>139</sequence>
  <level>PASSED</level>
  <class>com.kms.katalon.core.logging.KeywordLogger</class>
  <method>logMessage</method>
  <thread>1</thread>
  <message>Send request successfully</message>
  <nestedLevel>1</nestedLevel>
</record>
<record>
  <date>2018-12-18T17:00:43</date>
  <millis>1545170443370</millis>
  <sequence>140</sequence>
  <level>END</level>
  <class>com.kms.katalon.core.logging.KeywordLogger</class>
  <method>endKeyword</method>
  <thread>1</thread>
  <message>End action : Statement - response1 = theMovieDB.Lists.getDetails(listID)</message>
  <nestedLevel>3</nestedLevel>
</record>
<record>
  <date>2018-12-18T17:00:43</date>
  <millis>1545170443370</millis>
  <sequence>141</sequence>
  <level>START</level>
  <class>com.kms.katalon.core.logging.KeywordLogger</class>
  <method>startKeyword</method>
  <thread>1</thread>
  <message>Start action : Statement - theMovieDB.TheMovieDBCommon.printDataValue(response1, \&amp;quot;Lists/Get Details\&amp;quot;)</message>
  <nestedLevel>3</nestedLevel>
  <property name="startLine">38</property>
  <property name="stepIndex">2</property>
</record>
<record>
  <date>2018-12-18T17:00:43</date>
  <millis>1545170443374</millis>
  <sequence>142</sequence>
  <level>END</level>
  <class>com.kms.katalon.core.logging.KeywordLogger</class>
  <method>endKeyword</method>
  <thread>1</thread>
  <message>End action : Statement - theMovieDB.TheMovieDBCommon.printDataValue(response1, \&amp;quot;Lists/Get Details\&amp;quot;)</message>
  <nestedLevel>3</nestedLevel>
</record>
<record>
  <date>2018-12-18T17:00:43</date>
  <millis>1545170443375</millis>
  <sequence>143</sequence>
  <level>END</level>
  <class>com.kms.katalon.core.logging.KeywordLogger</class>
  <method>endKeyword</method>
  <thread>1</thread>
  <message>End action : Statement - If (listID != -1)</message>
  <nestedLevel>2</nestedLevel>
</record>
<record>
  <date>2018-12-18T17:00:43</date>
  <millis>1545170443375</millis>
  <sequence>144</sequence>
  <level>END</level>
  <class>com.kms.katalon.core.logging.KeywordLogger</class>
  <method>endKeyword</method>
  <thread>1</thread>
  <message>End action : Statement - If (movieID != -1)</message>
  <nestedLevel>1</nestedLevel>
</record>
<record>
  <date>2018-12-18T17:00:43</date>
  <millis>1545170443375</millis>
  <sequence>145</sequence>
  <level>PASSED</level>
  <class>com.kms.katalon.core.logging.KeywordLogger</class>
  <method>logMessage</method>
  <thread>1</thread>
  <message>Test Cases/Movie/09 Get Popular Get Lists then Get List Details</message>
  <nestedLevel>1</nestedLevel>
</record>
<record>
  <date>2018-12-18T17:00:43</date>
  <millis>1545170443376</millis>
  <sequence>146</sequence>
  <level>END</level>
  <class>com.kms.katalon.core.logging.KeywordLogger</class>
  <method>endTest</method>
  <thread>1</thread>
  <message>End Test Case : Test Cases/Movie/09 Get Popular Get Lists then Get List Details</message>
  <nestedLevel>0</nestedLevel>
</record>
<record>
  <date>2018-12-18T17:00:43</date>
  <millis>1545170443378</millis>
  <sequence>147</sequence>
  <level>START</level>
  <class>com.kms.katalon.core.logging.KeywordLogger</class>
  <method>startTest</method>
  <thread>1</thread>
  <message>Start Test Case : Test Cases/Movie/09 Get Popular Get Reviews then Get Review Details</message>
  <nestedLevel>1</nestedLevel>
  <property name="name">Test Cases/Movie/09 Get Popular Get Reviews then Get Review Details</property>
  <property name="description"></property>
  <property name="id">Test Cases/Movie/09 Get Popular Get Reviews then Get Review Details</property>
  <property name="source">C:\\Training\\API Testing\\APITestingTheMovieDB\\Test Cases\\Movie\\09 Get Popular Get Reviews then Get Review Details.tc</property>
  <property name="isOptional">false</property>
</record>
<record>
  <date>2018-12-18T17:00:43</date>
  <millis>1545170443386</millis>
  <sequence>148</sequence>
  <level>INFO</level>
  <class>com.kms.katalon.core.logging.KeywordLogger</class>
  <method>logMessage</method>
  <thread>1</thread>
  <message>Evaluating variables for test case</message>
  <nestedLevel>1</nestedLevel>
</record>
<record>
  <date>2018-12-18T17:00:43</date>
  <millis>1545170443699</millis>
  <sequence>149</sequence>
  <level>START</level>
  <class>com.kms.katalon.core.logging.KeywordLogger</class>
  <method>startKeyword</method>
  <thread>1</thread>
  <message>Start action : Statement - response1 = com.kms.katalon.core.webservice.keyword.WSBuiltInKeywords.sendRequest(com.kms.katalon.core.testobject.ObjectRepository.findTestObject(Movies/Get Popular))</message>
  <nestedLevel>1</nestedLevel>
  <property name="startLine">22</property>
  <property name="stepIndex">1</property>
</record>
<record>
  <date>2018-12-18T17:00:43</date>
  <millis>1545170443700</millis>
  <sequence>150</sequence>
  <level>INFO</level>
  <class>com.kms.katalon.core.logging.KeywordLogger</class>
  <method>logMessage</method>
  <thread>1</thread>
  <message>Finding Test Object with id &amp;apos;Object Repository/Movies/Get Popular&amp;apos;</message>
  <nestedLevel>1</nestedLevel>
</record>
<record>
  <date>2018-12-18T17:00:43</date>
  <millis>1545170443705</millis>
  <sequence>151</sequence>
  <level>INFO</level>
  <class>com.kms.katalon.core.logging.KeywordLogger</class>
  <method>logMessage</method>
  <thread>1</thread>
  <message>Checking request object</message>
  <nestedLevel>1</nestedLevel>
</record>
<record>
  <date>2018-12-18T17:00:43</date>
  <millis>1545170443849</millis>
  <sequence>152</sequence>
  <level>PASSED</level>
  <class>com.kms.katalon.core.logging.KeywordLogger</class>
  <method>logMessage</method>
  <thread>1</thread>
  <message>Send request successfully</message>
  <nestedLevel>1</nestedLevel>
</record>
<record>
  <date>2018-12-18T17:00:43</date>
  <millis>1545170443850</millis>
  <sequence>153</sequence>
  <level>END</level>
  <class>com.kms.katalon.core.logging.KeywordLogger</class>
  <method>endKeyword</method>
  <thread>1</thread>
  <message>End action : Statement - response1 = com.kms.katalon.core.webservice.keyword.WSBuiltInKeywords.sendRequest(com.kms.katalon.core.testobject.ObjectRepository.findTestObject(Movies/Get Popular))</message>
  <nestedLevel>1</nestedLevel>
</record>
<record>
  <date>2018-12-18T17:00:43</date>
  <millis>1545170443850</millis>
  <sequence>154</sequence>
  <level>START</level>
  <class>com.kms.katalon.core.logging.KeywordLogger</class>
  <method>startKeyword</method>
  <thread>1</thread>
  <message>Start action : Statement - movieID = theMovieDB.Movie.getRandomMovie(response1)</message>
  <nestedLevel>1</nestedLevel>
  <property name="startLine">24</property>
  <property name="stepIndex">2</property>
</record>
<record>
  <date>2018-12-18T17:00:43</date>
  <millis>1545170443851</millis>
  <sequence>155</sequence>
  <level>END</level>
  <class>com.kms.katalon.core.logging.KeywordLogger</class>
  <method>endKeyword</method>
  <thread>1</thread>
  <message>End action : Statement - movieID = theMovieDB.Movie.getRandomMovie(response1)</message>
  <nestedLevel>1</nestedLevel>
</record>
<record>
  <date>2018-12-18T17:00:43</date>
  <millis>1545170443852</millis>
  <sequence>156</sequence>
  <level>START</level>
  <class>com.kms.katalon.core.logging.KeywordLogger</class>
  <method>startKeyword</method>
  <thread>1</thread>
  <message>Start action : Statement - If (movieID != -1)</message>
  <nestedLevel>1</nestedLevel>
  <property name="startLine">26</property>
  <property name="stepIndex">3</property>
</record>
<record>
  <date>2018-12-18T17:00:43</date>
  <millis>1545170443853</millis>
  <sequence>157</sequence>
  <level>START</level>
  <class>com.kms.katalon.core.logging.KeywordLogger</class>
  <method>startKeyword</method>
  <thread>1</thread>
  <message>Start action : Statement - response1 = theMovieDB.Movie.getReviews(movieID)</message>
  <nestedLevel>2</nestedLevel>
  <property name="startLine">27</property>
  <property name="stepIndex">1</property>
</record>
<record>
  <date>2018-12-18T17:00:43</date>
  <millis>1545170443853</millis>
  <sequence>158</sequence>
  <level>INFO</level>
  <class>com.kms.katalon.core.logging.KeywordLogger</class>
  <method>logMessage</method>
  <thread>1</thread>
  <message>Finding Test Object with id &amp;apos;Object Repository/Movies/Get Reviews&amp;apos;</message>
  <nestedLevel>1</nestedLevel>
</record>
<record>
  <date>2018-12-18T17:00:43</date>
  <millis>1545170443853</millis>
  <sequence>159</sequence>
  <level>INFO</level>
  <class>com.kms.katalon.core.logging.KeywordLogger</class>
  <method>logMessage</method>
  <thread>1</thread>
  <message>Checking request object</message>
  <nestedLevel>1</nestedLevel>
</record>
<record>
  <date>2018-12-18T17:00:43</date>
  <millis>1545170443982</millis>
  <sequence>160</sequence>
  <level>PASSED</level>
  <class>com.kms.katalon.core.logging.KeywordLogger</class>
  <method>logMessage</method>
  <thread>1</thread>
  <message>Send request successfully</message>
  <nestedLevel>1</nestedLevel>
</record>
<record>
  <date>2018-12-18T17:00:43</date>
  <millis>1545170443983</millis>
  <sequence>161</sequence>
  <level>END</level>
  <class>com.kms.katalon.core.logging.KeywordLogger</class>
  <method>endKeyword</method>
  <thread>1</thread>
  <message>End action : Statement - response1 = theMovieDB.Movie.getReviews(movieID)</message>
  <nestedLevel>2</nestedLevel>
</record>
<record>
  <date>2018-12-18T17:00:43</date>
  <millis>1545170443983</millis>
  <sequence>162</sequence>
  <level>START</level>
  <class>com.kms.katalon.core.logging.KeywordLogger</class>
  <method>startKeyword</method>
  <thread>1</thread>
  <message>Start action : Statement - theMovieDB.TheMovieDBCommon.printDataValue(response1, \&amp;quot;Movies/Get Reviews\&amp;quot;)</message>
  <nestedLevel>2</nestedLevel>
  <property name="startLine">28</property>
  <property name="stepIndex">2</property>
</record>
<record>
  <date>2018-12-18T17:00:43</date>
  <millis>1545170443987</millis>
  <sequence>163</sequence>
  <level>END</level>
  <class>com.kms.katalon.core.logging.KeywordLogger</class>
  <method>endKeyword</method>
  <thread>1</thread>
  <message>End action : Statement - theMovieDB.TheMovieDBCommon.printDataValue(response1, \&amp;quot;Movies/Get Reviews\&amp;quot;)</message>
  <nestedLevel>2</nestedLevel>
</record>
<record>
  <date>2018-12-18T17:00:43</date>
  <millis>1545170443988</millis>
  <sequence>164</sequence>
  <level>START</level>
  <class>com.kms.katalon.core.logging.KeywordLogger</class>
  <method>startKeyword</method>
  <thread>1</thread>
  <message>Start action : Statement - reviewID = theMovieDB.Movie.getRandomReview(response1)</message>
  <nestedLevel>2</nestedLevel>
  <property name="startLine">30</property>
  <property name="stepIndex">3</property>
</record>
<record>
  <date>2018-12-18T17:00:43</date>
  <millis>1545170443991</millis>
  <sequence>165</sequence>
  <level>END</level>
  <class>com.kms.katalon.core.logging.KeywordLogger</class>
  <method>endKeyword</method>
  <thread>1</thread>
  <message>End action : Statement - reviewID = theMovieDB.Movie.getRandomReview(response1)</message>
  <nestedLevel>2</nestedLevel>
</record>
<record>
  <date>2018-12-18T17:00:43</date>
  <millis>1545170443992</millis>
  <sequence>166</sequence>
  <level>START</level>
  <class>com.kms.katalon.core.logging.KeywordLogger</class>
  <method>startKeyword</method>
  <thread>1</thread>
  <message>Start action : Statement - If (reviewID != null)</message>
  <nestedLevel>2</nestedLevel>
  <property name="startLine">32</property>
  <property name="stepIndex">4</property>
</record>
<record>
  <date>2018-12-18T17:00:43</date>
  <millis>1545170443994</millis>
  <sequence>167</sequence>
  <level>START</level>
  <class>com.kms.katalon.core.logging.KeywordLogger</class>
  <method>startKeyword</method>
  <thread>1</thread>
  <message>Start action : Statement - response1 = theMovieDB.Reviews.getDetails(reviewID)</message>
  <nestedLevel>3</nestedLevel>
  <property name="startLine">33</property>
  <property name="stepIndex">1</property>
</record>
<record>
  <date>2018-12-18T17:00:44</date>
  <millis>1545170444002</millis>
  <sequence>168</sequence>
  <level>INFO</level>
  <class>com.kms.katalon.core.logging.KeywordLogger</class>
  <method>logMessage</method>
  <thread>1</thread>
  <message>Finding Test Object with id &amp;apos;Object Repository/Reviews/Get Details&amp;apos;</message>
  <nestedLevel>1</nestedLevel>
</record>
<record>
  <date>2018-12-18T17:00:44</date>
  <millis>1545170444008</millis>
  <sequence>169</sequence>
  <level>INFO</level>
  <class>com.kms.katalon.core.logging.KeywordLogger</class>
  <method>logMessage</method>
  <thread>1</thread>
  <message>Checking request object</message>
  <nestedLevel>1</nestedLevel>
</record>
<record>
  <date>2018-12-18T17:00:44</date>
  <millis>1545170444193</millis>
  <sequence>170</sequence>
  <level>PASSED</level>
  <class>com.kms.katalon.core.logging.KeywordLogger</class>
  <method>logMessage</method>
  <thread>1</thread>
  <message>Send request successfully</message>
  <nestedLevel>1</nestedLevel>
</record>
<record>
  <date>2018-12-18T17:00:44</date>
  <millis>1545170444194</millis>
  <sequence>171</sequence>
  <level>END</level>
  <class>com.kms.katalon.core.logging.KeywordLogger</class>
  <method>endKeyword</method>
  <thread>1</thread>
  <message>End action : Statement - response1 = theMovieDB.Reviews.getDetails(reviewID)</message>
  <nestedLevel>3</nestedLevel>
</record>
<record>
  <date>2018-12-18T17:00:44</date>
  <millis>1545170444194</millis>
  <sequence>172</sequence>
  <level>START</level>
  <class>com.kms.katalon.core.logging.KeywordLogger</class>
  <method>startKeyword</method>
  <thread>1</thread>
  <message>Start action : Statement - theMovieDB.TheMovieDBCommon.printDataValue(response1, \&amp;quot;Reviews/Get Details\&amp;quot;)</message>
  <nestedLevel>3</nestedLevel>
  <property name="startLine">34</property>
  <property name="stepIndex">2</property>
</record>
<record>
  <date>2018-12-18T17:00:44</date>
  <millis>1545170444195</millis>
  <sequence>173</sequence>
  <level>END</level>
  <class>com.kms.katalon.core.logging.KeywordLogger</class>
  <method>endKeyword</method>
  <thread>1</thread>
  <message>End action : Statement - theMovieDB.TheMovieDBCommon.printDataValue(response1, \&amp;quot;Reviews/Get Details\&amp;quot;)</message>
  <nestedLevel>3</nestedLevel>
</record>
<record>
  <date>2018-12-18T17:00:44</date>
  <millis>1545170444195</millis>
  <sequence>174</sequence>
  <level>END</level>
  <class>com.kms.katalon.core.logging.KeywordLogger</class>
  <method>endKeyword</method>
  <thread>1</thread>
  <message>End action : Statement - If (reviewID != null)</message>
  <nestedLevel>2</nestedLevel>
</record>
<record>
  <date>2018-12-18T17:00:44</date>
  <millis>1545170444195</millis>
  <sequence>175</sequence>
  <level>END</level>
  <class>com.kms.katalon.core.logging.KeywordLogger</class>
  <method>endKeyword</method>
  <thread>1</thread>
  <message>End action : Statement - If (movieID != -1)</message>
  <nestedLevel>1</nestedLevel>
</record>
<record>
  <date>2018-12-18T17:00:44</date>
  <millis>1545170444195</millis>
  <sequence>176</sequence>
  <level>PASSED</level>
  <class>com.kms.katalon.core.logging.KeywordLogger</class>
  <method>logMessage</method>
  <thread>1</thread>
  <message>Test Cases/Movie/09 Get Popular Get Reviews then Get Review Details</message>
  <nestedLevel>1</nestedLevel>
</record>
<record>
  <date>2018-12-18T17:00:44</date>
  <millis>1545170444196</millis>
  <sequence>177</sequence>
  <level>END</level>
  <class>com.kms.katalon.core.logging.KeywordLogger</class>
  <method>endTest</method>
  <thread>1</thread>
  <message>End Test Case : Test Cases/Movie/09 Get Popular Get Reviews then Get Review Details</message>
  <nestedLevel>0</nestedLevel>
</record>
<record>
  <date>2018-12-18T17:00:44</date>
  <millis>1545170444234</millis>
  <sequence>178</sequence>
  <level>END</level>
  <class>com.kms.katalon.core.logging.KeywordLogger</class>
  <method>endSuite</method>
  <thread>1</thread>
  <message>End Test Suite : Test Suites/Movie/Movie 02 Get Popular Then</message>
  <nestedLevel>0</nestedLevel>
</record>
</log>
