<?xml version="1.0" encoding="UTF-8" standalone="no"?>
<!DOCTYPE log SYSTEM "logger.dtd">
<log>
<record>
  <date>2018-12-17T12:23:28</date>
  <millis>1545067408966</millis>
  <sequence>0</sequence>
  <level>START</level>
  <class>com.kms.katalon.core.logging.KeywordLogger</class>
  <method>startSuite</method>
  <thread>1</thread>
  <message>Start Test Suite : Test Suites/Discover/02 Discovers</message>
  <nestedLevel>0</nestedLevel>
  <property name="name">02 Discovers</property>
  <property name="description"></property>
  <property name="id">Test Suites/Discover/02 Discovers</property>
</record>
<record>
  <date>2018-12-17T12:23:29</date>
  <millis>1545067409021</millis>
  <sequence>1</sequence>
  <level>RUN_DATA</level>
  <class>com.kms.katalon.core.logging.KeywordLogger</class>
  <method>logMessage</method>
  <thread>1</thread>
  <message>Logging run data &amp;apos;hostName&amp;apos; with value &amp;apos;hatha - DESKTOP-EG6P0UN.attlocal.net&amp;apos;</message>
  <nestedLevel>0</nestedLevel>
  <property name="hostName">hatha - DESKTOP-EG6P0UN.attlocal.net</property>
</record>
<record>
  <date>2018-12-17T12:23:29</date>
  <millis>1545067409022</millis>
  <sequence>2</sequence>
  <level>RUN_DATA</level>
  <class>com.kms.katalon.core.logging.KeywordLogger</class>
  <method>logMessage</method>
  <thread>1</thread>
  <message>Logging run data &amp;apos;os&amp;apos; with value &amp;apos;Windows 10 64bit&amp;apos;</message>
  <nestedLevel>0</nestedLevel>
  <property name="os">Windows 10 64bit</property>
</record>
<record>
  <date>2018-12-17T12:23:29</date>
  <millis>1545067409027</millis>
  <sequence>3</sequence>
  <level>RUN_DATA</level>
  <class>com.kms.katalon.core.logging.KeywordLogger</class>
  <method>logMessage</method>
  <thread>1</thread>
  <message>Logging run data &amp;apos;hostAddress&amp;apos; with value &amp;apos;192.168.1.80&amp;apos;</message>
  <nestedLevel>0</nestedLevel>
  <property name="hostAddress">192.168.1.80</property>
</record>
<record>
  <date>2018-12-17T12:23:29</date>
  <millis>1545067409027</millis>
  <sequence>4</sequence>
  <level>RUN_DATA</level>
  <class>com.kms.katalon.core.logging.KeywordLogger</class>
  <method>logMessage</method>
  <thread>1</thread>
  <message>Logging run data &amp;apos;katalonVersion&amp;apos; with value &amp;apos;5.8.5.1&amp;apos;</message>
  <nestedLevel>0</nestedLevel>
  <property name="katalonVersion">5.8.5.1</property>
</record>
<record>
  <date>2018-12-17T12:23:29</date>
  <millis>1545067409574</millis>
  <sequence>5</sequence>
  <level>START</level>
  <class>com.kms.katalon.core.logging.KeywordLogger</class>
  <method>startTest</method>
  <thread>1</thread>
  <message>Start Test Case : Test Cases/Discover/07 Test What is are the best movies from 2015</message>
  <nestedLevel>1</nestedLevel>
  <property name="name">Test Cases/Discover/07 Test What is are the best movies from 2015</property>
  <property name="description"></property>
  <property name="id">Test Cases/Discover/07 Test What is are the best movies from 2015</property>
  <property name="source">C:\\Training\\API Testing\\APITestingTheMovieDB\\Test Cases\\Discover\\07 Test What is are the best movies from 2015.tc</property>
  <property name="isOptional">false</property>
</record>
<record>
  <date>2018-12-17T12:23:29</date>
  <millis>1545067409605</millis>
  <sequence>6</sequence>
  <level>INFO</level>
  <class>com.kms.katalon.core.logging.KeywordLogger</class>
  <method>logMessage</method>
  <thread>1</thread>
  <message>Evaluating variables for test case</message>
  <nestedLevel>1</nestedLevel>
</record>
<record>
  <date>2018-12-17T12:23:30</date>
  <millis>1545067410187</millis>
  <sequence>7</sequence>
  <level>START</level>
  <class>com.kms.katalon.core.logging.KeywordLogger</class>
  <method>startKeyword</method>
  <thread>1</thread>
  <message>Start action : Statement - reqObj = com.kms.katalon.core.testobject.ObjectRepository.findTestObject(Discover/Movie Discover)</message>
  <nestedLevel>1</nestedLevel>
  <property name="startLine">21</property>
  <property name="stepIndex">1</property>
</record>
<record>
  <date>2018-12-17T12:23:30</date>
  <millis>1545067410201</millis>
  <sequence>8</sequence>
  <level>INFO</level>
  <class>com.kms.katalon.core.logging.KeywordLogger</class>
  <method>logMessage</method>
  <thread>1</thread>
  <message>Finding Test Object with id &amp;apos;Object Repository/Discover/Movie Discover&amp;apos;</message>
  <nestedLevel>1</nestedLevel>
</record>
<record>
  <date>2018-12-17T12:23:30</date>
  <millis>1545067410217</millis>
  <sequence>9</sequence>
  <level>END</level>
  <class>com.kms.katalon.core.logging.KeywordLogger</class>
  <method>endKeyword</method>
  <thread>1</thread>
  <message>End action : Statement - reqObj = com.kms.katalon.core.testobject.ObjectRepository.findTestObject(Discover/Movie Discover)</message>
  <nestedLevel>1</nestedLevel>
</record>
<record>
  <date>2018-12-17T12:23:30</date>
  <millis>1545067410217</millis>
  <sequence>10</sequence>
  <level>START</level>
  <class>com.kms.katalon.core.logging.KeywordLogger</class>
  <method>startKeyword</method>
  <thread>1</thread>
  <message>Start action : Statement - params = new java.util.ArrayList()</message>
  <nestedLevel>1</nestedLevel>
  <property name="startLine">23</property>
  <property name="stepIndex">2</property>
</record>
<record>
  <date>2018-12-17T12:23:30</date>
  <millis>1545067410217</millis>
  <sequence>11</sequence>
  <level>END</level>
  <class>com.kms.katalon.core.logging.KeywordLogger</class>
  <method>endKeyword</method>
  <thread>1</thread>
  <message>End action : Statement - params = new java.util.ArrayList()</message>
  <nestedLevel>1</nestedLevel>
</record>
<record>
  <date>2018-12-17T12:23:30</date>
  <millis>1545067410217</millis>
  <sequence>12</sequence>
  <level>START</level>
  <class>com.kms.katalon.core.logging.KeywordLogger</class>
  <method>startKeyword</method>
  <thread>1</thread>
  <message>Start action : Statement - params.add(new com.kms.katalon.core.testobject.TestObjectProperty(api_key, com.kms.katalon.core.testobject.ConditionType.EQUALS, internal.GlobalVariable.apiKey))</message>
  <nestedLevel>1</nestedLevel>
  <property name="startLine">24</property>
  <property name="stepIndex">3</property>
</record>
<record>
  <date>2018-12-17T12:23:30</date>
  <millis>1545067410264</millis>
  <sequence>13</sequence>
  <level>END</level>
  <class>com.kms.katalon.core.logging.KeywordLogger</class>
  <method>endKeyword</method>
  <thread>1</thread>
  <message>End action : Statement - params.add(new com.kms.katalon.core.testobject.TestObjectProperty(api_key, com.kms.katalon.core.testobject.ConditionType.EQUALS, internal.GlobalVariable.apiKey))</message>
  <nestedLevel>1</nestedLevel>
</record>
<record>
  <date>2018-12-17T12:23:30</date>
  <millis>1545067410264</millis>
  <sequence>14</sequence>
  <level>START</level>
  <class>com.kms.katalon.core.logging.KeywordLogger</class>
  <method>startKeyword</method>
  <thread>1</thread>
  <message>Start action : Statement - params.add(new com.kms.katalon.core.testobject.TestObjectProperty(primary_release_year, com.kms.katalon.core.testobject.ConditionType.EQUALS, 2015))</message>
  <nestedLevel>1</nestedLevel>
  <property name="startLine">25</property>
  <property name="stepIndex">4</property>
</record>
<record>
  <date>2018-12-17T12:23:30</date>
  <millis>1545067410264</millis>
  <sequence>15</sequence>
  <level>END</level>
  <class>com.kms.katalon.core.logging.KeywordLogger</class>
  <method>endKeyword</method>
  <thread>1</thread>
  <message>End action : Statement - params.add(new com.kms.katalon.core.testobject.TestObjectProperty(primary_release_year, com.kms.katalon.core.testobject.ConditionType.EQUALS, 2015))</message>
  <nestedLevel>1</nestedLevel>
</record>
<record>
  <date>2018-12-17T12:23:30</date>
  <millis>1545067410264</millis>
  <sequence>16</sequence>
  <level>START</level>
  <class>com.kms.katalon.core.logging.KeywordLogger</class>
  <method>startKeyword</method>
  <thread>1</thread>
  <message>Start action : Statement - params.add(new com.kms.katalon.core.testobject.TestObjectProperty(sort_by, com.kms.katalon.core.testobject.ConditionType.EQUALS, vote_average.desc))</message>
  <nestedLevel>1</nestedLevel>
  <property name="startLine">26</property>
  <property name="stepIndex">5</property>
</record>
<record>
  <date>2018-12-17T12:23:30</date>
  <millis>1545067410264</millis>
  <sequence>17</sequence>
  <level>END</level>
  <class>com.kms.katalon.core.logging.KeywordLogger</class>
  <method>endKeyword</method>
  <thread>1</thread>
  <message>End action : Statement - params.add(new com.kms.katalon.core.testobject.TestObjectProperty(sort_by, com.kms.katalon.core.testobject.ConditionType.EQUALS, vote_average.desc))</message>
  <nestedLevel>1</nestedLevel>
</record>
<record>
  <date>2018-12-17T12:23:30</date>
  <millis>1545067410264</millis>
  <sequence>18</sequence>
  <level>START</level>
  <class>com.kms.katalon.core.logging.KeywordLogger</class>
  <method>startKeyword</method>
  <thread>1</thread>
  <message>Start action : Statement - reqObj.setRestParameters(params)</message>
  <nestedLevel>1</nestedLevel>
  <property name="startLine">27</property>
  <property name="stepIndex">6</property>
</record>
<record>
  <date>2018-12-17T12:23:30</date>
  <millis>1545067410279</millis>
  <sequence>19</sequence>
  <level>END</level>
  <class>com.kms.katalon.core.logging.KeywordLogger</class>
  <method>endKeyword</method>
  <thread>1</thread>
  <message>End action : Statement - reqObj.setRestParameters(params)</message>
  <nestedLevel>1</nestedLevel>
</record>
<record>
  <date>2018-12-17T12:23:30</date>
  <millis>1545067410295</millis>
  <sequence>20</sequence>
  <level>START</level>
  <class>com.kms.katalon.core.logging.KeywordLogger</class>
  <method>startKeyword</method>
  <thread>1</thread>
  <message>Start action : Statement - resObj = com.kms.katalon.core.webservice.keyword.WSBuiltInKeywords.sendRequest(reqObj)</message>
  <nestedLevel>1</nestedLevel>
  <property name="startLine">28</property>
  <property name="stepIndex">7</property>
</record>
<record>
  <date>2018-12-17T12:23:30</date>
  <millis>1545067410342</millis>
  <sequence>21</sequence>
  <level>INFO</level>
  <class>com.kms.katalon.core.logging.KeywordLogger</class>
  <method>logMessage</method>
  <thread>1</thread>
  <message>Checking request object</message>
  <nestedLevel>1</nestedLevel>
</record>
<record>
  <date>2018-12-17T12:23:31</date>
  <millis>1545067411920</millis>
  <sequence>22</sequence>
  <level>PASSED</level>
  <class>com.kms.katalon.core.logging.KeywordLogger</class>
  <method>logMessage</method>
  <thread>1</thread>
  <message>Send request successfully</message>
  <nestedLevel>1</nestedLevel>
</record>
<record>
  <date>2018-12-17T12:23:31</date>
  <millis>1545067411921</millis>
  <sequence>23</sequence>
  <level>END</level>
  <class>com.kms.katalon.core.logging.KeywordLogger</class>
  <method>endKeyword</method>
  <thread>1</thread>
  <message>End action : Statement - resObj = com.kms.katalon.core.webservice.keyword.WSBuiltInKeywords.sendRequest(reqObj)</message>
  <nestedLevel>1</nestedLevel>
</record>
<record>
  <date>2018-12-17T12:23:31</date>
  <millis>1545067411922</millis>
  <sequence>24</sequence>
  <level>START</level>
  <class>com.kms.katalon.core.logging.KeywordLogger</class>
  <method>startKeyword</method>
  <thread>1</thread>
  <message>Start action : verifyElementPropertyValue</message>
  <nestedLevel>1</nestedLevel>
  <property name="startLine">30</property>
  <property name="stepIndex">8</property>
</record>
<record>
  <date>2018-12-17T12:23:31</date>
  <millis>1545067411947</millis>
  <sequence>25</sequence>
  <level>INFO</level>
  <class>com.kms.katalon.core.logging.KeywordLogger</class>
  <method>logMessage</method>
  <thread>1</thread>
  <message>Checking response object</message>
  <nestedLevel>1</nestedLevel>
</record>
<record>
  <date>2018-12-17T12:23:32</date>
  <millis>1545067412003</millis>
  <sequence>26</sequence>
  <level>PASSED</level>
  <class>com.kms.katalon.core.logging.KeywordLogger</class>
  <method>logMessage</method>
  <thread>1</thread>
  <message>Verify element property value successfully</message>
  <nestedLevel>1</nestedLevel>
</record>
<record>
  <date>2018-12-17T12:23:32</date>
  <millis>1545067412004</millis>
  <sequence>27</sequence>
  <level>END</level>
  <class>com.kms.katalon.core.logging.KeywordLogger</class>
  <method>endKeyword</method>
  <thread>1</thread>
  <message>End action : verifyElementPropertyValue</message>
  <nestedLevel>1</nestedLevel>
</record>
<record>
  <date>2018-12-17T12:23:32</date>
  <millis>1545067412005</millis>
  <sequence>28</sequence>
  <level>START</level>
  <class>com.kms.katalon.core.logging.KeywordLogger</class>
  <method>startKeyword</method>
  <thread>1</thread>
  <message>Start action : Statement - theMovieDB.TheMovieDBCommon.printDataValue(resObj, \&amp;quot;What is are the best movies from 2015\&amp;quot;)</message>
  <nestedLevel>1</nestedLevel>
  <property name="startLine">32</property>
  <property name="stepIndex">9</property>
</record>
<record>
  <date>2018-12-17T12:23:32</date>
  <millis>1545067412067</millis>
  <sequence>29</sequence>
  <level>END</level>
  <class>com.kms.katalon.core.logging.KeywordLogger</class>
  <method>endKeyword</method>
  <thread>1</thread>
  <message>End action : Statement - theMovieDB.TheMovieDBCommon.printDataValue(resObj, \&amp;quot;What is are the best movies from 2015\&amp;quot;)</message>
  <nestedLevel>1</nestedLevel>
</record>
<record>
  <date>2018-12-17T12:23:32</date>
  <millis>1545067412069</millis>
  <sequence>30</sequence>
  <level>PASSED</level>
  <class>com.kms.katalon.core.logging.KeywordLogger</class>
  <method>logMessage</method>
  <thread>1</thread>
  <message>Test Cases/Discover/07 Test What is are the best movies from 2015</message>
  <nestedLevel>1</nestedLevel>
</record>
<record>
  <date>2018-12-17T12:23:32</date>
  <millis>1545067412071</millis>
  <sequence>31</sequence>
  <level>END</level>
  <class>com.kms.katalon.core.logging.KeywordLogger</class>
  <method>endTest</method>
  <thread>1</thread>
  <message>End Test Case : Test Cases/Discover/07 Test What is are the best movies from 2015</message>
  <nestedLevel>0</nestedLevel>
</record>
<record>
  <date>2018-12-17T12:23:32</date>
  <millis>1545067412080</millis>
  <sequence>32</sequence>
  <level>START</level>
  <class>com.kms.katalon.core.logging.KeywordLogger</class>
  <method>startTest</method>
  <thread>1</thread>
  <message>Start Test Case : Test Cases/Discover/08 Test What are the best dramas that were released this year</message>
  <nestedLevel>1</nestedLevel>
  <property name="name">Test Cases/Discover/08 Test What are the best dramas that were released this year</property>
  <property name="description"></property>
  <property name="id">Test Cases/Discover/08 Test What are the best dramas that were released this year</property>
  <property name="source">C:\\Training\\API Testing\\APITestingTheMovieDB\\Test Cases\\Discover\\08 Test What are the best dramas that were released this year.tc</property>
  <property name="isOptional">false</property>
</record>
<record>
  <date>2018-12-17T12:23:32</date>
  <millis>1545067412086</millis>
  <sequence>33</sequence>
  <level>INFO</level>
  <class>com.kms.katalon.core.logging.KeywordLogger</class>
  <method>logMessage</method>
  <thread>1</thread>
  <message>Evaluating variables for test case</message>
  <nestedLevel>1</nestedLevel>
</record>
<record>
  <date>2018-12-17T12:23:32</date>
  <millis>1545067412477</millis>
  <sequence>34</sequence>
  <level>START</level>
  <class>com.kms.katalon.core.logging.KeywordLogger</class>
  <method>startKeyword</method>
  <thread>1</thread>
  <message>Start action : Statement - reqObj = com.kms.katalon.core.testobject.ObjectRepository.findTestObject(Discover/Movie Discover)</message>
  <nestedLevel>1</nestedLevel>
  <property name="startLine">21</property>
  <property name="stepIndex">1</property>
</record>
<record>
  <date>2018-12-17T12:23:32</date>
  <millis>1545067412478</millis>
  <sequence>35</sequence>
  <level>INFO</level>
  <class>com.kms.katalon.core.logging.KeywordLogger</class>
  <method>logMessage</method>
  <thread>1</thread>
  <message>Finding Test Object with id &amp;apos;Object Repository/Discover/Movie Discover&amp;apos;</message>
  <nestedLevel>1</nestedLevel>
</record>
<record>
  <date>2018-12-17T12:23:32</date>
  <millis>1545067412483</millis>
  <sequence>36</sequence>
  <level>END</level>
  <class>com.kms.katalon.core.logging.KeywordLogger</class>
  <method>endKeyword</method>
  <thread>1</thread>
  <message>End action : Statement - reqObj = com.kms.katalon.core.testobject.ObjectRepository.findTestObject(Discover/Movie Discover)</message>
  <nestedLevel>1</nestedLevel>
</record>
<record>
  <date>2018-12-17T12:23:32</date>
  <millis>1545067412495</millis>
  <sequence>37</sequence>
  <level>START</level>
  <class>com.kms.katalon.core.logging.KeywordLogger</class>
  <method>startKeyword</method>
  <thread>1</thread>
  <message>Start action : Statement - params = new java.util.ArrayList()</message>
  <nestedLevel>1</nestedLevel>
  <property name="startLine">23</property>
  <property name="stepIndex">2</property>
</record>
<record>
  <date>2018-12-17T12:23:32</date>
  <millis>1545067412496</millis>
  <sequence>38</sequence>
  <level>END</level>
  <class>com.kms.katalon.core.logging.KeywordLogger</class>
  <method>endKeyword</method>
  <thread>1</thread>
  <message>End action : Statement - params = new java.util.ArrayList()</message>
  <nestedLevel>1</nestedLevel>
</record>
<record>
  <date>2018-12-17T12:23:32</date>
  <millis>1545067412499</millis>
  <sequence>39</sequence>
  <level>START</level>
  <class>com.kms.katalon.core.logging.KeywordLogger</class>
  <method>startKeyword</method>
  <thread>1</thread>
  <message>Start action : Statement - params.add(new com.kms.katalon.core.testobject.TestObjectProperty(api_key, com.kms.katalon.core.testobject.ConditionType.EQUALS, internal.GlobalVariable.apiKey))</message>
  <nestedLevel>1</nestedLevel>
  <property name="startLine">24</property>
  <property name="stepIndex">3</property>
</record>
<record>
  <date>2018-12-17T12:23:32</date>
  <millis>1545067412501</millis>
  <sequence>40</sequence>
  <level>END</level>
  <class>com.kms.katalon.core.logging.KeywordLogger</class>
  <method>endKeyword</method>
  <thread>1</thread>
  <message>End action : Statement - params.add(new com.kms.katalon.core.testobject.TestObjectProperty(api_key, com.kms.katalon.core.testobject.ConditionType.EQUALS, internal.GlobalVariable.apiKey))</message>
  <nestedLevel>1</nestedLevel>
</record>
<record>
  <date>2018-12-17T12:23:32</date>
  <millis>1545067412502</millis>
  <sequence>41</sequence>
  <level>START</level>
  <class>com.kms.katalon.core.logging.KeywordLogger</class>
  <method>startKeyword</method>
  <thread>1</thread>
  <message>Start action : Statement - params.add(new com.kms.katalon.core.testobject.TestObjectProperty(primary_release_year, com.kms.katalon.core.testobject.ConditionType.EQUALS, 2018))</message>
  <nestedLevel>1</nestedLevel>
  <property name="startLine">25</property>
  <property name="stepIndex">4</property>
</record>
<record>
  <date>2018-12-17T12:23:32</date>
  <millis>1545067412505</millis>
  <sequence>42</sequence>
  <level>END</level>
  <class>com.kms.katalon.core.logging.KeywordLogger</class>
  <method>endKeyword</method>
  <thread>1</thread>
  <message>End action : Statement - params.add(new com.kms.katalon.core.testobject.TestObjectProperty(primary_release_year, com.kms.katalon.core.testobject.ConditionType.EQUALS, 2018))</message>
  <nestedLevel>1</nestedLevel>
</record>
<record>
  <date>2018-12-17T12:23:32</date>
  <millis>1545067412507</millis>
  <sequence>43</sequence>
  <level>START</level>
  <class>com.kms.katalon.core.logging.KeywordLogger</class>
  <method>startKeyword</method>
  <thread>1</thread>
  <message>Start action : Statement - params.add(new com.kms.katalon.core.testobject.TestObjectProperty(with_genres, com.kms.katalon.core.testobject.ConditionType.EQUALS, 18))</message>
  <nestedLevel>1</nestedLevel>
  <property name="startLine">26</property>
  <property name="stepIndex">5</property>
</record>
<record>
  <date>2018-12-17T12:23:32</date>
  <millis>1545067412510</millis>
  <sequence>44</sequence>
  <level>END</level>
  <class>com.kms.katalon.core.logging.KeywordLogger</class>
  <method>endKeyword</method>
  <thread>1</thread>
  <message>End action : Statement - params.add(new com.kms.katalon.core.testobject.TestObjectProperty(with_genres, com.kms.katalon.core.testobject.ConditionType.EQUALS, 18))</message>
  <nestedLevel>1</nestedLevel>
</record>
<record>
  <date>2018-12-17T12:23:32</date>
  <millis>1545067412512</millis>
  <sequence>45</sequence>
  <level>START</level>
  <class>com.kms.katalon.core.logging.KeywordLogger</class>
  <method>startKeyword</method>
  <thread>1</thread>
  <message>Start action : Statement - params.add(new com.kms.katalon.core.testobject.TestObjectProperty(sort_by, com.kms.katalon.core.testobject.ConditionType.EQUALS, vote_average.desc))</message>
  <nestedLevel>1</nestedLevel>
  <property name="startLine">27</property>
  <property name="stepIndex">6</property>
</record>
<record>
  <date>2018-12-17T12:23:32</date>
  <millis>1545067412513</millis>
  <sequence>46</sequence>
  <level>END</level>
  <class>com.kms.katalon.core.logging.KeywordLogger</class>
  <method>endKeyword</method>
  <thread>1</thread>
  <message>End action : Statement - params.add(new com.kms.katalon.core.testobject.TestObjectProperty(sort_by, com.kms.katalon.core.testobject.ConditionType.EQUALS, vote_average.desc))</message>
  <nestedLevel>1</nestedLevel>
</record>
<record>
  <date>2018-12-17T12:23:32</date>
  <millis>1545067412515</millis>
  <sequence>47</sequence>
  <level>START</level>
  <class>com.kms.katalon.core.logging.KeywordLogger</class>
  <method>startKeyword</method>
  <thread>1</thread>
  <message>Start action : Statement - reqObj.setRestParameters(params)</message>
  <nestedLevel>1</nestedLevel>
  <property name="startLine">28</property>
  <property name="stepIndex">7</property>
</record>
<record>
  <date>2018-12-17T12:23:32</date>
  <millis>1545067412518</millis>
  <sequence>48</sequence>
  <level>END</level>
  <class>com.kms.katalon.core.logging.KeywordLogger</class>
  <method>endKeyword</method>
  <thread>1</thread>
  <message>End action : Statement - reqObj.setRestParameters(params)</message>
  <nestedLevel>1</nestedLevel>
</record>
<record>
  <date>2018-12-17T12:23:32</date>
  <millis>1545067412519</millis>
  <sequence>49</sequence>
  <level>START</level>
  <class>com.kms.katalon.core.logging.KeywordLogger</class>
  <method>startKeyword</method>
  <thread>1</thread>
  <message>Start action : Statement - resObj = com.kms.katalon.core.webservice.keyword.WSBuiltInKeywords.sendRequest(reqObj)</message>
  <nestedLevel>1</nestedLevel>
  <property name="startLine">29</property>
  <property name="stepIndex">8</property>
</record>
<record>
  <date>2018-12-17T12:23:32</date>
  <millis>1545067412520</millis>
  <sequence>50</sequence>
  <level>INFO</level>
  <class>com.kms.katalon.core.logging.KeywordLogger</class>
  <method>logMessage</method>
  <thread>1</thread>
  <message>Checking request object</message>
  <nestedLevel>1</nestedLevel>
</record>
<record>
  <date>2018-12-17T12:23:32</date>
  <millis>1545067412646</millis>
  <sequence>51</sequence>
  <level>PASSED</level>
  <class>com.kms.katalon.core.logging.KeywordLogger</class>
  <method>logMessage</method>
  <thread>1</thread>
  <message>Send request successfully</message>
  <nestedLevel>1</nestedLevel>
</record>
<record>
  <date>2018-12-17T12:23:32</date>
  <millis>1545067412647</millis>
  <sequence>52</sequence>
  <level>END</level>
  <class>com.kms.katalon.core.logging.KeywordLogger</class>
  <method>endKeyword</method>
  <thread>1</thread>
  <message>End action : Statement - resObj = com.kms.katalon.core.webservice.keyword.WSBuiltInKeywords.sendRequest(reqObj)</message>
  <nestedLevel>1</nestedLevel>
</record>
<record>
  <date>2018-12-17T12:23:32</date>
  <millis>1545067412647</millis>
  <sequence>53</sequence>
  <level>START</level>
  <class>com.kms.katalon.core.logging.KeywordLogger</class>
  <method>startKeyword</method>
  <thread>1</thread>
  <message>Start action : verifyElementPropertyValue</message>
  <nestedLevel>1</nestedLevel>
  <property name="startLine">31</property>
  <property name="stepIndex">9</property>
</record>
<record>
  <date>2018-12-17T12:23:32</date>
  <millis>1545067412649</millis>
  <sequence>54</sequence>
  <level>INFO</level>
  <class>com.kms.katalon.core.logging.KeywordLogger</class>
  <method>logMessage</method>
  <thread>1</thread>
  <message>Checking response object</message>
  <nestedLevel>1</nestedLevel>
</record>
<record>
  <date>2018-12-17T12:23:32</date>
  <millis>1545067412666</millis>
  <sequence>55</sequence>
  <level>PASSED</level>
  <class>com.kms.katalon.core.logging.KeywordLogger</class>
  <method>logMessage</method>
  <thread>1</thread>
  <message>Verify element property value successfully</message>
  <nestedLevel>1</nestedLevel>
</record>
<record>
  <date>2018-12-17T12:23:32</date>
  <millis>1545067412667</millis>
  <sequence>56</sequence>
  <level>END</level>
  <class>com.kms.katalon.core.logging.KeywordLogger</class>
  <method>endKeyword</method>
  <thread>1</thread>
  <message>End action : verifyElementPropertyValue</message>
  <nestedLevel>1</nestedLevel>
</record>
<record>
  <date>2018-12-17T12:23:32</date>
  <millis>1545067412667</millis>
  <sequence>57</sequence>
  <level>START</level>
  <class>com.kms.katalon.core.logging.KeywordLogger</class>
  <method>startKeyword</method>
  <thread>1</thread>
  <message>Start action : Statement - theMovieDB.TheMovieDBCommon.printDataValue(resObj, \&amp;quot;What are the best dramas that were released this year\&amp;quot;)</message>
  <nestedLevel>1</nestedLevel>
  <property name="startLine">33</property>
  <property name="stepIndex">10</property>
</record>
<record>
  <date>2018-12-17T12:23:32</date>
  <millis>1545067412682</millis>
  <sequence>58</sequence>
  <level>END</level>
  <class>com.kms.katalon.core.logging.KeywordLogger</class>
  <method>endKeyword</method>
  <thread>1</thread>
  <message>End action : Statement - theMovieDB.TheMovieDBCommon.printDataValue(resObj, \&amp;quot;What are the best dramas that were released this year\&amp;quot;)</message>
  <nestedLevel>1</nestedLevel>
</record>
<record>
  <date>2018-12-17T12:23:32</date>
  <millis>1545067412683</millis>
  <sequence>59</sequence>
  <level>PASSED</level>
  <class>com.kms.katalon.core.logging.KeywordLogger</class>
  <method>logMessage</method>
  <thread>1</thread>
  <message>Test Cases/Discover/08 Test What are the best dramas that were released this year</message>
  <nestedLevel>1</nestedLevel>
</record>
<record>
  <date>2018-12-17T12:23:32</date>
  <millis>1545067412685</millis>
  <sequence>60</sequence>
  <level>END</level>
  <class>com.kms.katalon.core.logging.KeywordLogger</class>
  <method>endTest</method>
  <thread>1</thread>
  <message>End Test Case : Test Cases/Discover/08 Test What are the best dramas that were released this year</message>
  <nestedLevel>0</nestedLevel>
</record>
<record>
  <date>2018-12-17T12:23:32</date>
  <millis>1545067412703</millis>
  <sequence>61</sequence>
  <level>START</level>
  <class>com.kms.katalon.core.logging.KeywordLogger</class>
  <method>startTest</method>
  <thread>1</thread>
  <message>Start Test Case : Test Cases/Discover/09 Test What are the highest rated science fiction movies that Tom Cruise has been in</message>
  <nestedLevel>1</nestedLevel>
  <property name="name">Test Cases/Discover/09 Test What are the highest rated science fiction movies that Tom Cruise has been in</property>
  <property name="description"></property>
  <property name="id">Test Cases/Discover/09 Test What are the highest rated science fiction movies that Tom Cruise has been in</property>
  <property name="source">C:\\Training\\API Testing\\APITestingTheMovieDB\\Test Cases\\Discover\\09 Test What are the highest rated science fiction movies that Tom Cruise has been in.tc</property>
  <property name="isOptional">false</property>
</record>
<record>
  <date>2018-12-17T12:23:32</date>
  <millis>1545067412728</millis>
  <sequence>62</sequence>
  <level>INFO</level>
  <class>com.kms.katalon.core.logging.KeywordLogger</class>
  <method>logMessage</method>
  <thread>1</thread>
  <message>Evaluating variables for test case</message>
  <nestedLevel>1</nestedLevel>
</record>
<record>
  <date>2018-12-17T12:23:33</date>
  <millis>1545067413024</millis>
  <sequence>63</sequence>
  <level>START</level>
  <class>com.kms.katalon.core.logging.KeywordLogger</class>
  <method>startKeyword</method>
  <thread>1</thread>
  <message>Start action : Statement - reqObj = com.kms.katalon.core.testobject.ObjectRepository.findTestObject(Discover/Movie Discover)</message>
  <nestedLevel>1</nestedLevel>
  <property name="startLine">21</property>
  <property name="stepIndex">1</property>
</record>
<record>
  <date>2018-12-17T12:23:33</date>
  <millis>1545067413030</millis>
  <sequence>64</sequence>
  <level>INFO</level>
  <class>com.kms.katalon.core.logging.KeywordLogger</class>
  <method>logMessage</method>
  <thread>1</thread>
  <message>Finding Test Object with id &amp;apos;Object Repository/Discover/Movie Discover&amp;apos;</message>
  <nestedLevel>1</nestedLevel>
</record>
<record>
  <date>2018-12-17T12:23:33</date>
  <millis>1545067413032</millis>
  <sequence>65</sequence>
  <level>END</level>
  <class>com.kms.katalon.core.logging.KeywordLogger</class>
  <method>endKeyword</method>
  <thread>1</thread>
  <message>End action : Statement - reqObj = com.kms.katalon.core.testobject.ObjectRepository.findTestObject(Discover/Movie Discover)</message>
  <nestedLevel>1</nestedLevel>
</record>
<record>
  <date>2018-12-17T12:23:33</date>
  <millis>1545067413032</millis>
  <sequence>66</sequence>
  <level>START</level>
  <class>com.kms.katalon.core.logging.KeywordLogger</class>
  <method>startKeyword</method>
  <thread>1</thread>
  <message>Start action : Statement - params = new java.util.ArrayList()</message>
  <nestedLevel>1</nestedLevel>
  <property name="startLine">23</property>
  <property name="stepIndex">2</property>
</record>
<record>
  <date>2018-12-17T12:23:33</date>
  <millis>1545067413032</millis>
  <sequence>67</sequence>
  <level>END</level>
  <class>com.kms.katalon.core.logging.KeywordLogger</class>
  <method>endKeyword</method>
  <thread>1</thread>
  <message>End action : Statement - params = new java.util.ArrayList()</message>
  <nestedLevel>1</nestedLevel>
</record>
<record>
  <date>2018-12-17T12:23:33</date>
  <millis>1545067413032</millis>
  <sequence>68</sequence>
  <level>START</level>
  <class>com.kms.katalon.core.logging.KeywordLogger</class>
  <method>startKeyword</method>
  <thread>1</thread>
  <message>Start action : Statement - params.add(new com.kms.katalon.core.testobject.TestObjectProperty(api_key, com.kms.katalon.core.testobject.ConditionType.EQUALS, internal.GlobalVariable.apiKey))</message>
  <nestedLevel>1</nestedLevel>
  <property name="startLine">24</property>
  <property name="stepIndex">3</property>
</record>
<record>
  <date>2018-12-17T12:23:33</date>
  <millis>1545067413032</millis>
  <sequence>69</sequence>
  <level>END</level>
  <class>com.kms.katalon.core.logging.KeywordLogger</class>
  <method>endKeyword</method>
  <thread>1</thread>
  <message>End action : Statement - params.add(new com.kms.katalon.core.testobject.TestObjectProperty(api_key, com.kms.katalon.core.testobject.ConditionType.EQUALS, internal.GlobalVariable.apiKey))</message>
  <nestedLevel>1</nestedLevel>
</record>
<record>
  <date>2018-12-17T12:23:33</date>
  <millis>1545067413032</millis>
  <sequence>70</sequence>
  <level>START</level>
  <class>com.kms.katalon.core.logging.KeywordLogger</class>
  <method>startKeyword</method>
  <thread>1</thread>
  <message>Start action : Statement - params.add(new com.kms.katalon.core.testobject.TestObjectProperty(with_genres, com.kms.katalon.core.testobject.ConditionType.EQUALS, 878))</message>
  <nestedLevel>1</nestedLevel>
  <property name="startLine">25</property>
  <property name="stepIndex">4</property>
</record>
<record>
  <date>2018-12-17T12:23:33</date>
  <millis>1545067413032</millis>
  <sequence>71</sequence>
  <level>END</level>
  <class>com.kms.katalon.core.logging.KeywordLogger</class>
  <method>endKeyword</method>
  <thread>1</thread>
  <message>End action : Statement - params.add(new com.kms.katalon.core.testobject.TestObjectProperty(with_genres, com.kms.katalon.core.testobject.ConditionType.EQUALS, 878))</message>
  <nestedLevel>1</nestedLevel>
</record>
<record>
  <date>2018-12-17T12:23:33</date>
  <millis>1545067413032</millis>
  <sequence>72</sequence>
  <level>START</level>
  <class>com.kms.katalon.core.logging.KeywordLogger</class>
  <method>startKeyword</method>
  <thread>1</thread>
  <message>Start action : Statement - params.add(new com.kms.katalon.core.testobject.TestObjectProperty(with_cast, com.kms.katalon.core.testobject.ConditionType.EQUALS, 500))</message>
  <nestedLevel>1</nestedLevel>
  <property name="startLine">26</property>
  <property name="stepIndex">5</property>
</record>
<record>
  <date>2018-12-17T12:23:33</date>
  <millis>1545067413032</millis>
  <sequence>73</sequence>
  <level>END</level>
  <class>com.kms.katalon.core.logging.KeywordLogger</class>
  <method>endKeyword</method>
  <thread>1</thread>
  <message>End action : Statement - params.add(new com.kms.katalon.core.testobject.TestObjectProperty(with_cast, com.kms.katalon.core.testobject.ConditionType.EQUALS, 500))</message>
  <nestedLevel>1</nestedLevel>
</record>
<record>
  <date>2018-12-17T12:23:33</date>
  <millis>1545067413032</millis>
  <sequence>74</sequence>
  <level>START</level>
  <class>com.kms.katalon.core.logging.KeywordLogger</class>
  <method>startKeyword</method>
  <thread>1</thread>
  <message>Start action : Statement - params.add(new com.kms.katalon.core.testobject.TestObjectProperty(sort_by, com.kms.katalon.core.testobject.ConditionType.EQUALS, vote_average.desc))</message>
  <nestedLevel>1</nestedLevel>
  <property name="startLine">27</property>
  <property name="stepIndex">6</property>
</record>
<record>
  <date>2018-12-17T12:23:33</date>
  <millis>1545067413032</millis>
  <sequence>75</sequence>
  <level>END</level>
  <class>com.kms.katalon.core.logging.KeywordLogger</class>
  <method>endKeyword</method>
  <thread>1</thread>
  <message>End action : Statement - params.add(new com.kms.katalon.core.testobject.TestObjectProperty(sort_by, com.kms.katalon.core.testobject.ConditionType.EQUALS, vote_average.desc))</message>
  <nestedLevel>1</nestedLevel>
</record>
<record>
  <date>2018-12-17T12:23:33</date>
  <millis>1545067413032</millis>
  <sequence>76</sequence>
  <level>START</level>
  <class>com.kms.katalon.core.logging.KeywordLogger</class>
  <method>startKeyword</method>
  <thread>1</thread>
  <message>Start action : Statement - reqObj.setRestParameters(params)</message>
  <nestedLevel>1</nestedLevel>
  <property name="startLine">28</property>
  <property name="stepIndex">7</property>
</record>
<record>
  <date>2018-12-17T12:23:33</date>
  <millis>1545067413032</millis>
  <sequence>77</sequence>
  <level>END</level>
  <class>com.kms.katalon.core.logging.KeywordLogger</class>
  <method>endKeyword</method>
  <thread>1</thread>
  <message>End action : Statement - reqObj.setRestParameters(params)</message>
  <nestedLevel>1</nestedLevel>
</record>
<record>
  <date>2018-12-17T12:23:33</date>
  <millis>1545067413032</millis>
  <sequence>78</sequence>
  <level>START</level>
  <class>com.kms.katalon.core.logging.KeywordLogger</class>
  <method>startKeyword</method>
  <thread>1</thread>
  <message>Start action : Statement - resObj = com.kms.katalon.core.webservice.keyword.WSBuiltInKeywords.sendRequest(reqObj)</message>
  <nestedLevel>1</nestedLevel>
  <property name="startLine">29</property>
  <property name="stepIndex">8</property>
</record>
<record>
  <date>2018-12-17T12:23:33</date>
  <millis>1545067413032</millis>
  <sequence>79</sequence>
  <level>INFO</level>
  <class>com.kms.katalon.core.logging.KeywordLogger</class>
  <method>logMessage</method>
  <thread>1</thread>
  <message>Checking request object</message>
  <nestedLevel>1</nestedLevel>
</record>
<record>
  <date>2018-12-17T12:23:33</date>
  <millis>1545067413183</millis>
  <sequence>80</sequence>
  <level>PASSED</level>
  <class>com.kms.katalon.core.logging.KeywordLogger</class>
  <method>logMessage</method>
  <thread>1</thread>
  <message>Send request successfully</message>
  <nestedLevel>1</nestedLevel>
</record>
<record>
  <date>2018-12-17T12:23:33</date>
  <millis>1545067413184</millis>
  <sequence>81</sequence>
  <level>END</level>
  <class>com.kms.katalon.core.logging.KeywordLogger</class>
  <method>endKeyword</method>
  <thread>1</thread>
  <message>End action : Statement - resObj = com.kms.katalon.core.webservice.keyword.WSBuiltInKeywords.sendRequest(reqObj)</message>
  <nestedLevel>1</nestedLevel>
</record>
<record>
  <date>2018-12-17T12:23:33</date>
  <millis>1545067413185</millis>
  <sequence>82</sequence>
  <level>START</level>
  <class>com.kms.katalon.core.logging.KeywordLogger</class>
  <method>startKeyword</method>
  <thread>1</thread>
  <message>Start action : verifyElementPropertyValue</message>
  <nestedLevel>1</nestedLevel>
  <property name="startLine">31</property>
  <property name="stepIndex">9</property>
</record>
<record>
  <date>2018-12-17T12:23:33</date>
  <millis>1545067413186</millis>
  <sequence>83</sequence>
  <level>INFO</level>
  <class>com.kms.katalon.core.logging.KeywordLogger</class>
  <method>logMessage</method>
  <thread>1</thread>
  <message>Checking response object</message>
  <nestedLevel>1</nestedLevel>
</record>
<record>
  <date>2018-12-17T12:23:33</date>
  <millis>1545067413202</millis>
  <sequence>84</sequence>
  <level>PASSED</level>
  <class>com.kms.katalon.core.logging.KeywordLogger</class>
  <method>logMessage</method>
  <thread>1</thread>
  <message>Verify element property value successfully</message>
  <nestedLevel>1</nestedLevel>
</record>
<record>
  <date>2018-12-17T12:23:33</date>
  <millis>1545067413203</millis>
  <sequence>85</sequence>
  <level>END</level>
  <class>com.kms.katalon.core.logging.KeywordLogger</class>
  <method>endKeyword</method>
  <thread>1</thread>
  <message>End action : verifyElementPropertyValue</message>
  <nestedLevel>1</nestedLevel>
</record>
<record>
  <date>2018-12-17T12:23:33</date>
  <millis>1545067413203</millis>
  <sequence>86</sequence>
  <level>START</level>
  <class>com.kms.katalon.core.logging.KeywordLogger</class>
  <method>startKeyword</method>
  <thread>1</thread>
  <message>Start action : Statement - theMovieDB.TheMovieDBCommon.printDataValue(resObj, \&amp;quot;What are the most popular movies\&amp;quot;)</message>
  <nestedLevel>1</nestedLevel>
  <property name="startLine">33</property>
  <property name="stepIndex">10</property>
</record>
<record>
  <date>2018-12-17T12:23:33</date>
  <millis>1545067413210</millis>
  <sequence>87</sequence>
  <level>END</level>
  <class>com.kms.katalon.core.logging.KeywordLogger</class>
  <method>endKeyword</method>
  <thread>1</thread>
  <message>End action : Statement - theMovieDB.TheMovieDBCommon.printDataValue(resObj, \&amp;quot;What are the most popular movies\&amp;quot;)</message>
  <nestedLevel>1</nestedLevel>
</record>
<record>
  <date>2018-12-17T12:23:33</date>
  <millis>1545067413211</millis>
  <sequence>88</sequence>
  <level>PASSED</level>
  <class>com.kms.katalon.core.logging.KeywordLogger</class>
  <method>logMessage</method>
  <thread>1</thread>
  <message>Test Cases/Discover/09 Test What are the highest rated science fiction movies that Tom Cruise has been in</message>
  <nestedLevel>1</nestedLevel>
</record>
<record>
  <date>2018-12-17T12:23:33</date>
  <millis>1545067413211</millis>
  <sequence>89</sequence>
  <level>END</level>
  <class>com.kms.katalon.core.logging.KeywordLogger</class>
  <method>endTest</method>
  <thread>1</thread>
  <message>End Test Case : Test Cases/Discover/09 Test What are the highest rated science fiction movies that Tom Cruise has been in</message>
  <nestedLevel>0</nestedLevel>
</record>
<record>
  <date>2018-12-17T12:23:33</date>
  <millis>1545067413214</millis>
  <sequence>90</sequence>
  <level>START</level>
  <class>com.kms.katalon.core.logging.KeywordLogger</class>
  <method>startTest</method>
  <thread>1</thread>
  <message>Start Test Case : Test Cases/Discover/10 Test Has David Fincher ever worked with Rooney Mara</message>
  <nestedLevel>1</nestedLevel>
  <property name="name">Test Cases/Discover/10 Test Has David Fincher ever worked with Rooney Mara</property>
  <property name="description"></property>
  <property name="id">Test Cases/Discover/10 Test Has David Fincher ever worked with Rooney Mara</property>
  <property name="source">C:\\Training\\API Testing\\APITestingTheMovieDB\\Test Cases\\Discover\\10 Test Has David Fincher ever worked with Rooney Mara.tc</property>
  <property name="isOptional">false</property>
</record>
<record>
  <date>2018-12-17T12:23:33</date>
  <millis>1545067413235</millis>
  <sequence>91</sequence>
  <level>INFO</level>
  <class>com.kms.katalon.core.logging.KeywordLogger</class>
  <method>logMessage</method>
  <thread>1</thread>
  <message>Evaluating variables for test case</message>
  <nestedLevel>1</nestedLevel>
</record>
<record>
  <date>2018-12-17T12:23:33</date>
  <millis>1545067413469</millis>
  <sequence>92</sequence>
  <level>START</level>
  <class>com.kms.katalon.core.logging.KeywordLogger</class>
  <method>startKeyword</method>
  <thread>1</thread>
  <message>Start action : Statement - reqObj = com.kms.katalon.core.testobject.ObjectRepository.findTestObject(Discover/Movie Discover)</message>
  <nestedLevel>1</nestedLevel>
  <property name="startLine">22</property>
  <property name="stepIndex">1</property>
</record>
<record>
  <date>2018-12-17T12:23:33</date>
  <millis>1545067413469</millis>
  <sequence>93</sequence>
  <level>INFO</level>
  <class>com.kms.katalon.core.logging.KeywordLogger</class>
  <method>logMessage</method>
  <thread>1</thread>
  <message>Finding Test Object with id &amp;apos;Object Repository/Discover/Movie Discover&amp;apos;</message>
  <nestedLevel>1</nestedLevel>
</record>
<record>
  <date>2018-12-17T12:23:33</date>
  <millis>1545067413485</millis>
  <sequence>94</sequence>
  <level>END</level>
  <class>com.kms.katalon.core.logging.KeywordLogger</class>
  <method>endKeyword</method>
  <thread>1</thread>
  <message>End action : Statement - reqObj = com.kms.katalon.core.testobject.ObjectRepository.findTestObject(Discover/Movie Discover)</message>
  <nestedLevel>1</nestedLevel>
</record>
<record>
  <date>2018-12-17T12:23:33</date>
  <millis>1545067413485</millis>
  <sequence>95</sequence>
  <level>START</level>
  <class>com.kms.katalon.core.logging.KeywordLogger</class>
  <method>startKeyword</method>
  <thread>1</thread>
  <message>Start action : Statement - params = new java.util.ArrayList()</message>
  <nestedLevel>1</nestedLevel>
  <property name="startLine">24</property>
  <property name="stepIndex">2</property>
</record>
<record>
  <date>2018-12-17T12:23:33</date>
  <millis>1545067413485</millis>
  <sequence>96</sequence>
  <level>END</level>
  <class>com.kms.katalon.core.logging.KeywordLogger</class>
  <method>endKeyword</method>
  <thread>1</thread>
  <message>End action : Statement - params = new java.util.ArrayList()</message>
  <nestedLevel>1</nestedLevel>
</record>
<record>
  <date>2018-12-17T12:23:33</date>
  <millis>1545067413485</millis>
  <sequence>97</sequence>
  <level>START</level>
  <class>com.kms.katalon.core.logging.KeywordLogger</class>
  <method>startKeyword</method>
  <thread>1</thread>
  <message>Start action : Statement - params.add(new com.kms.katalon.core.testobject.TestObjectProperty(api_key, com.kms.katalon.core.testobject.ConditionType.EQUALS, internal.GlobalVariable.apiKey))</message>
  <nestedLevel>1</nestedLevel>
  <property name="startLine">25</property>
  <property name="stepIndex">3</property>
</record>
<record>
  <date>2018-12-17T12:23:33</date>
  <millis>1545067413485</millis>
  <sequence>98</sequence>
  <level>END</level>
  <class>com.kms.katalon.core.logging.KeywordLogger</class>
  <method>endKeyword</method>
  <thread>1</thread>
  <message>End action : Statement - params.add(new com.kms.katalon.core.testobject.TestObjectProperty(api_key, com.kms.katalon.core.testobject.ConditionType.EQUALS, internal.GlobalVariable.apiKey))</message>
  <nestedLevel>1</nestedLevel>
</record>
<record>
  <date>2018-12-17T12:23:33</date>
  <millis>1545067413485</millis>
  <sequence>99</sequence>
  <level>START</level>
  <class>com.kms.katalon.core.logging.KeywordLogger</class>
  <method>startKeyword</method>
  <thread>1</thread>
  <message>Start action : Statement - params.add(new com.kms.katalon.core.testobject.TestObjectProperty(with_people, com.kms.katalon.core.testobject.ConditionType.EQUALS, 108916,7467))</message>
  <nestedLevel>1</nestedLevel>
  <property name="startLine">26</property>
  <property name="stepIndex">4</property>
</record>
<record>
  <date>2018-12-17T12:23:33</date>
  <millis>1545067413485</millis>
  <sequence>100</sequence>
  <level>END</level>
  <class>com.kms.katalon.core.logging.KeywordLogger</class>
  <method>endKeyword</method>
  <thread>1</thread>
  <message>End action : Statement - params.add(new com.kms.katalon.core.testobject.TestObjectProperty(with_people, com.kms.katalon.core.testobject.ConditionType.EQUALS, 108916,7467))</message>
  <nestedLevel>1</nestedLevel>
</record>
<record>
  <date>2018-12-17T12:23:33</date>
  <millis>1545067413485</millis>
  <sequence>101</sequence>
  <level>START</level>
  <class>com.kms.katalon.core.logging.KeywordLogger</class>
  <method>startKeyword</method>
  <thread>1</thread>
  <message>Start action : Statement - params.add(new com.kms.katalon.core.testobject.TestObjectProperty(sort_by, com.kms.katalon.core.testobject.ConditionType.EQUALS, popularity.desc))</message>
  <nestedLevel>1</nestedLevel>
  <property name="startLine">27</property>
  <property name="stepIndex">5</property>
</record>
<record>
  <date>2018-12-17T12:23:33</date>
  <millis>1545067413485</millis>
  <sequence>102</sequence>
  <level>END</level>
  <class>com.kms.katalon.core.logging.KeywordLogger</class>
  <method>endKeyword</method>
  <thread>1</thread>
  <message>End action : Statement - params.add(new com.kms.katalon.core.testobject.TestObjectProperty(sort_by, com.kms.katalon.core.testobject.ConditionType.EQUALS, popularity.desc))</message>
  <nestedLevel>1</nestedLevel>
</record>
<record>
  <date>2018-12-17T12:23:33</date>
  <millis>1545067413485</millis>
  <sequence>103</sequence>
  <level>START</level>
  <class>com.kms.katalon.core.logging.KeywordLogger</class>
  <method>startKeyword</method>
  <thread>1</thread>
  <message>Start action : Statement - reqObj.setRestParameters(params)</message>
  <nestedLevel>1</nestedLevel>
  <property name="startLine">28</property>
  <property name="stepIndex">6</property>
</record>
<record>
  <date>2018-12-17T12:23:33</date>
  <millis>1545067413485</millis>
  <sequence>104</sequence>
  <level>END</level>
  <class>com.kms.katalon.core.logging.KeywordLogger</class>
  <method>endKeyword</method>
  <thread>1</thread>
  <message>End action : Statement - reqObj.setRestParameters(params)</message>
  <nestedLevel>1</nestedLevel>
</record>
<record>
  <date>2018-12-17T12:23:33</date>
  <millis>1545067413485</millis>
  <sequence>105</sequence>
  <level>START</level>
  <class>com.kms.katalon.core.logging.KeywordLogger</class>
  <method>startKeyword</method>
  <thread>1</thread>
  <message>Start action : Statement - resObj = com.kms.katalon.core.webservice.keyword.WSBuiltInKeywords.sendRequest(reqObj)</message>
  <nestedLevel>1</nestedLevel>
  <property name="startLine">30</property>
  <property name="stepIndex">7</property>
</record>
<record>
  <date>2018-12-17T12:23:33</date>
  <millis>1545067413485</millis>
  <sequence>106</sequence>
  <level>INFO</level>
  <class>com.kms.katalon.core.logging.KeywordLogger</class>
  <method>logMessage</method>
  <thread>1</thread>
  <message>Checking request object</message>
  <nestedLevel>1</nestedLevel>
</record>
<record>
  <date>2018-12-17T12:23:33</date>
  <millis>1545067413661</millis>
  <sequence>107</sequence>
  <level>PASSED</level>
  <class>com.kms.katalon.core.logging.KeywordLogger</class>
  <method>logMessage</method>
  <thread>1</thread>
  <message>Send request successfully</message>
  <nestedLevel>1</nestedLevel>
</record>
<record>
  <date>2018-12-17T12:23:33</date>
  <millis>1545067413662</millis>
  <sequence>108</sequence>
  <level>END</level>
  <class>com.kms.katalon.core.logging.KeywordLogger</class>
  <method>endKeyword</method>
  <thread>1</thread>
  <message>End action : Statement - resObj = com.kms.katalon.core.webservice.keyword.WSBuiltInKeywords.sendRequest(reqObj)</message>
  <nestedLevel>1</nestedLevel>
</record>
<record>
  <date>2018-12-17T12:23:33</date>
  <millis>1545067413663</millis>
  <sequence>109</sequence>
  <level>START</level>
  <class>com.kms.katalon.core.logging.KeywordLogger</class>
  <method>startKeyword</method>
  <thread>1</thread>
  <message>Start action : Statement - theMovieDB.TheMovieDBCommon.printDataValue(resObj, \&amp;quot;Has David Fincher ever worked with Rooney Mara\&amp;quot;)</message>
  <nestedLevel>1</nestedLevel>
  <property name="startLine">32</property>
  <property name="stepIndex">8</property>
</record>
<record>
  <date>2018-12-17T12:23:33</date>
  <millis>1545067413673</millis>
  <sequence>110</sequence>
  <level>END</level>
  <class>com.kms.katalon.core.logging.KeywordLogger</class>
  <method>endKeyword</method>
  <thread>1</thread>
  <message>End action : Statement - theMovieDB.TheMovieDBCommon.printDataValue(resObj, \&amp;quot;Has David Fincher ever worked with Rooney Mara\&amp;quot;)</message>
  <nestedLevel>1</nestedLevel>
</record>
<record>
  <date>2018-12-17T12:23:33</date>
  <millis>1545067413675</millis>
  <sequence>111</sequence>
  <level>START</level>
  <class>com.kms.katalon.core.logging.KeywordLogger</class>
  <method>startKeyword</method>
  <thread>1</thread>
  <message>Start action : verifyElementPropertyValue</message>
  <nestedLevel>1</nestedLevel>
  <property name="startLine">34</property>
  <property name="stepIndex">9</property>
</record>
<record>
  <date>2018-12-17T12:23:33</date>
  <millis>1545067413677</millis>
  <sequence>112</sequence>
  <level>INFO</level>
  <class>com.kms.katalon.core.logging.KeywordLogger</class>
  <method>logMessage</method>
  <thread>1</thread>
  <message>Checking response object</message>
  <nestedLevel>1</nestedLevel>
</record>
<record>
  <date>2018-12-17T12:23:33</date>
  <millis>1545067413705</millis>
  <sequence>113</sequence>
  <level>PASSED</level>
  <class>com.kms.katalon.core.logging.KeywordLogger</class>
  <method>logMessage</method>
  <thread>1</thread>
  <message>Verify element property value successfully</message>
  <nestedLevel>1</nestedLevel>
</record>
<record>
  <date>2018-12-17T12:23:33</date>
  <millis>1545067413706</millis>
  <sequence>114</sequence>
  <level>END</level>
  <class>com.kms.katalon.core.logging.KeywordLogger</class>
  <method>endKeyword</method>
  <thread>1</thread>
  <message>End action : verifyElementPropertyValue</message>
  <nestedLevel>1</nestedLevel>
</record>
<record>
  <date>2018-12-17T12:23:33</date>
  <millis>1545067413706</millis>
  <sequence>115</sequence>
  <level>PASSED</level>
  <class>com.kms.katalon.core.logging.KeywordLogger</class>
  <method>logMessage</method>
  <thread>1</thread>
  <message>Test Cases/Discover/10 Test Has David Fincher ever worked with Rooney Mara</message>
  <nestedLevel>1</nestedLevel>
</record>
<record>
  <date>2018-12-17T12:23:33</date>
  <millis>1545067413709</millis>
  <sequence>116</sequence>
  <level>END</level>
  <class>com.kms.katalon.core.logging.KeywordLogger</class>
  <method>endTest</method>
  <thread>1</thread>
  <message>End Test Case : Test Cases/Discover/10 Test Has David Fincher ever worked with Rooney Mara</message>
  <nestedLevel>0</nestedLevel>
</record>
<record>
  <date>2018-12-17T12:23:33</date>
  <millis>1545067413713</millis>
  <sequence>117</sequence>
  <level>START</level>
  <class>com.kms.katalon.core.logging.KeywordLogger</class>
  <method>startTest</method>
  <thread>1</thread>
  <message>Start Test Case : Test Cases/Discover/11 What are the best drama Movie</message>
  <nestedLevel>1</nestedLevel>
  <property name="name">Test Cases/Discover/11 What are the best drama Movie</property>
  <property name="description"></property>
  <property name="id">Test Cases/Discover/11 What are the best drama Movie</property>
  <property name="source">C:\\Training\\API Testing\\APITestingTheMovieDB\\Test Cases\\Discover\\11 What are the best drama Movie.tc</property>
  <property name="isOptional">false</property>
</record>
<record>
  <date>2018-12-17T12:23:33</date>
  <millis>1545067413751</millis>
  <sequence>118</sequence>
  <level>INFO</level>
  <class>com.kms.katalon.core.logging.KeywordLogger</class>
  <method>logMessage</method>
  <thread>1</thread>
  <message>Evaluating variables for test case</message>
  <nestedLevel>1</nestedLevel>
</record>
<record>
  <date>2018-12-17T12:23:34</date>
  <millis>1545067414032</millis>
  <sequence>119</sequence>
  <level>START</level>
  <class>com.kms.katalon.core.logging.KeywordLogger</class>
  <method>startKeyword</method>
  <thread>1</thread>
  <message>Start action : Statement - reqObj = com.kms.katalon.core.testobject.ObjectRepository.findTestObject(Discover/Movie Discover)</message>
  <nestedLevel>1</nestedLevel>
  <property name="startLine">21</property>
  <property name="stepIndex">1</property>
</record>
<record>
  <date>2018-12-17T12:23:34</date>
  <millis>1545067414040</millis>
  <sequence>120</sequence>
  <level>INFO</level>
  <class>com.kms.katalon.core.logging.KeywordLogger</class>
  <method>logMessage</method>
  <thread>1</thread>
  <message>Finding Test Object with id &amp;apos;Object Repository/Discover/Movie Discover&amp;apos;</message>
  <nestedLevel>1</nestedLevel>
</record>
<record>
  <date>2018-12-17T12:23:34</date>
  <millis>1545067414042</millis>
  <sequence>121</sequence>
  <level>END</level>
  <class>com.kms.katalon.core.logging.KeywordLogger</class>
  <method>endKeyword</method>
  <thread>1</thread>
  <message>End action : Statement - reqObj = com.kms.katalon.core.testobject.ObjectRepository.findTestObject(Discover/Movie Discover)</message>
  <nestedLevel>1</nestedLevel>
</record>
<record>
  <date>2018-12-17T12:23:34</date>
  <millis>1545067414042</millis>
  <sequence>122</sequence>
  <level>START</level>
  <class>com.kms.katalon.core.logging.KeywordLogger</class>
  <method>startKeyword</method>
  <thread>1</thread>
  <message>Start action : Statement - params = new java.util.ArrayList()</message>
  <nestedLevel>1</nestedLevel>
  <property name="startLine">23</property>
  <property name="stepIndex">2</property>
</record>
<record>
  <date>2018-12-17T12:23:34</date>
  <millis>1545067414042</millis>
  <sequence>123</sequence>
  <level>END</level>
  <class>com.kms.katalon.core.logging.KeywordLogger</class>
  <method>endKeyword</method>
  <thread>1</thread>
  <message>End action : Statement - params = new java.util.ArrayList()</message>
  <nestedLevel>1</nestedLevel>
</record>
<record>
  <date>2018-12-17T12:23:34</date>
  <millis>1545067414042</millis>
  <sequence>124</sequence>
  <level>START</level>
  <class>com.kms.katalon.core.logging.KeywordLogger</class>
  <method>startKeyword</method>
  <thread>1</thread>
  <message>Start action : Statement - params.add(new com.kms.katalon.core.testobject.TestObjectProperty(api_key, com.kms.katalon.core.testobject.ConditionType.EQUALS, internal.GlobalVariable.apiKey))</message>
  <nestedLevel>1</nestedLevel>
  <property name="startLine">24</property>
  <property name="stepIndex">3</property>
</record>
<record>
  <date>2018-12-17T12:23:34</date>
  <millis>1545067414042</millis>
  <sequence>125</sequence>
  <level>END</level>
  <class>com.kms.katalon.core.logging.KeywordLogger</class>
  <method>endKeyword</method>
  <thread>1</thread>
  <message>End action : Statement - params.add(new com.kms.katalon.core.testobject.TestObjectProperty(api_key, com.kms.katalon.core.testobject.ConditionType.EQUALS, internal.GlobalVariable.apiKey))</message>
  <nestedLevel>1</nestedLevel>
</record>
<record>
  <date>2018-12-17T12:23:34</date>
  <millis>1545067414042</millis>
  <sequence>126</sequence>
  <level>START</level>
  <class>com.kms.katalon.core.logging.KeywordLogger</class>
  <method>startKeyword</method>
  <thread>1</thread>
  <message>Start action : Statement - params.add(new com.kms.katalon.core.testobject.TestObjectProperty(with_genres, com.kms.katalon.core.testobject.ConditionType.EQUALS, 18))</message>
  <nestedLevel>1</nestedLevel>
  <property name="startLine">26</property>
  <property name="stepIndex">4</property>
</record>
<record>
  <date>2018-12-17T12:23:34</date>
  <millis>1545067414042</millis>
  <sequence>127</sequence>
  <level>END</level>
  <class>com.kms.katalon.core.logging.KeywordLogger</class>
  <method>endKeyword</method>
  <thread>1</thread>
  <message>End action : Statement - params.add(new com.kms.katalon.core.testobject.TestObjectProperty(with_genres, com.kms.katalon.core.testobject.ConditionType.EQUALS, 18))</message>
  <nestedLevel>1</nestedLevel>
</record>
<record>
  <date>2018-12-17T12:23:34</date>
  <millis>1545067414058</millis>
  <sequence>128</sequence>
  <level>START</level>
  <class>com.kms.katalon.core.logging.KeywordLogger</class>
  <method>startKeyword</method>
  <thread>1</thread>
  <message>Start action : Statement - params.add(new com.kms.katalon.core.testobject.TestObjectProperty(sort_by, com.kms.katalon.core.testobject.ConditionType.EQUALS, vote_average.desc))</message>
  <nestedLevel>1</nestedLevel>
  <property name="startLine">27</property>
  <property name="stepIndex">5</property>
</record>
<record>
  <date>2018-12-17T12:23:34</date>
  <millis>1545067414058</millis>
  <sequence>129</sequence>
  <level>END</level>
  <class>com.kms.katalon.core.logging.KeywordLogger</class>
  <method>endKeyword</method>
  <thread>1</thread>
  <message>End action : Statement - params.add(new com.kms.katalon.core.testobject.TestObjectProperty(sort_by, com.kms.katalon.core.testobject.ConditionType.EQUALS, vote_average.desc))</message>
  <nestedLevel>1</nestedLevel>
</record>
<record>
  <date>2018-12-17T12:23:34</date>
  <millis>1545067414058</millis>
  <sequence>130</sequence>
  <level>START</level>
  <class>com.kms.katalon.core.logging.KeywordLogger</class>
  <method>startKeyword</method>
  <thread>1</thread>
  <message>Start action : Statement - params.add(new com.kms.katalon.core.testobject.TestObjectProperty(vote_count.gte, com.kms.katalon.core.testobject.ConditionType.EQUALS, 10))</message>
  <nestedLevel>1</nestedLevel>
  <property name="startLine">28</property>
  <property name="stepIndex">6</property>
</record>
<record>
  <date>2018-12-17T12:23:34</date>
  <millis>1545067414058</millis>
  <sequence>131</sequence>
  <level>END</level>
  <class>com.kms.katalon.core.logging.KeywordLogger</class>
  <method>endKeyword</method>
  <thread>1</thread>
  <message>End action : Statement - params.add(new com.kms.katalon.core.testobject.TestObjectProperty(vote_count.gte, com.kms.katalon.core.testobject.ConditionType.EQUALS, 10))</message>
  <nestedLevel>1</nestedLevel>
</record>
<record>
  <date>2018-12-17T12:23:34</date>
  <millis>1545067414058</millis>
  <sequence>132</sequence>
  <level>START</level>
  <class>com.kms.katalon.core.logging.KeywordLogger</class>
  <method>startKeyword</method>
  <thread>1</thread>
  <message>Start action : Statement - reqObj.setRestParameters(params)</message>
  <nestedLevel>1</nestedLevel>
  <property name="startLine">29</property>
  <property name="stepIndex">7</property>
</record>
<record>
  <date>2018-12-17T12:23:34</date>
  <millis>1545067414058</millis>
  <sequence>133</sequence>
  <level>END</level>
  <class>com.kms.katalon.core.logging.KeywordLogger</class>
  <method>endKeyword</method>
  <thread>1</thread>
  <message>End action : Statement - reqObj.setRestParameters(params)</message>
  <nestedLevel>1</nestedLevel>
</record>
<record>
  <date>2018-12-17T12:23:34</date>
  <millis>1545067414058</millis>
  <sequence>134</sequence>
  <level>START</level>
  <class>com.kms.katalon.core.logging.KeywordLogger</class>
  <method>startKeyword</method>
  <thread>1</thread>
  <message>Start action : Statement - resObj = com.kms.katalon.core.webservice.keyword.WSBuiltInKeywords.sendRequest(reqObj)</message>
  <nestedLevel>1</nestedLevel>
  <property name="startLine">30</property>
  <property name="stepIndex">8</property>
</record>
<record>
  <date>2018-12-17T12:23:34</date>
  <millis>1545067414058</millis>
  <sequence>135</sequence>
  <level>INFO</level>
  <class>com.kms.katalon.core.logging.KeywordLogger</class>
  <method>logMessage</method>
  <thread>1</thread>
  <message>Checking request object</message>
  <nestedLevel>1</nestedLevel>
</record>
<record>
  <date>2018-12-17T12:23:34</date>
  <millis>1545067414207</millis>
  <sequence>136</sequence>
  <level>PASSED</level>
  <class>com.kms.katalon.core.logging.KeywordLogger</class>
  <method>logMessage</method>
  <thread>1</thread>
  <message>Send request successfully</message>
  <nestedLevel>1</nestedLevel>
</record>
<record>
  <date>2018-12-17T12:23:34</date>
  <millis>1545067414208</millis>
  <sequence>137</sequence>
  <level>END</level>
  <class>com.kms.katalon.core.logging.KeywordLogger</class>
  <method>endKeyword</method>
  <thread>1</thread>
  <message>End action : Statement - resObj = com.kms.katalon.core.webservice.keyword.WSBuiltInKeywords.sendRequest(reqObj)</message>
  <nestedLevel>1</nestedLevel>
</record>
<record>
  <date>2018-12-17T12:23:34</date>
  <millis>1545067414208</millis>
  <sequence>138</sequence>
  <level>START</level>
  <class>com.kms.katalon.core.logging.KeywordLogger</class>
  <method>startKeyword</method>
  <thread>1</thread>
  <message>Start action : Statement - theMovieDB.TheMovieDBCommon.printDataValue(resObj, \&amp;quot;What are the best drama&amp;apos;s\&amp;quot;)</message>
  <nestedLevel>1</nestedLevel>
  <property name="startLine">32</property>
  <property name="stepIndex">9</property>
</record>
<record>
  <date>2018-12-17T12:23:34</date>
  <millis>1545067414226</millis>
  <sequence>139</sequence>
  <level>END</level>
  <class>com.kms.katalon.core.logging.KeywordLogger</class>
  <method>endKeyword</method>
  <thread>1</thread>
  <message>End action : Statement - theMovieDB.TheMovieDBCommon.printDataValue(resObj, \&amp;quot;What are the best drama&amp;apos;s\&amp;quot;)</message>
  <nestedLevel>1</nestedLevel>
</record>
<record>
  <date>2018-12-17T12:23:34</date>
  <millis>1545067414226</millis>
  <sequence>140</sequence>
  <level>START</level>
  <class>com.kms.katalon.core.logging.KeywordLogger</class>
  <method>startKeyword</method>
  <thread>1</thread>
  <message>Start action : verifyElementPropertyValue</message>
  <nestedLevel>1</nestedLevel>
  <property name="startLine">34</property>
  <property name="stepIndex">10</property>
</record>
<record>
  <date>2018-12-17T12:23:34</date>
  <millis>1545067414226</millis>
  <sequence>141</sequence>
  <level>INFO</level>
  <class>com.kms.katalon.core.logging.KeywordLogger</class>
  <method>logMessage</method>
  <thread>1</thread>
  <message>Checking response object</message>
  <nestedLevel>1</nestedLevel>
</record>
<record>
  <date>2018-12-17T12:23:34</date>
  <millis>1545067414252</millis>
  <sequence>142</sequence>
  <level>PASSED</level>
  <class>com.kms.katalon.core.logging.KeywordLogger</class>
  <method>logMessage</method>
  <thread>1</thread>
  <message>Verify element property value successfully</message>
  <nestedLevel>1</nestedLevel>
</record>
<record>
  <date>2018-12-17T12:23:34</date>
  <millis>1545067414252</millis>
  <sequence>143</sequence>
  <level>END</level>
  <class>com.kms.katalon.core.logging.KeywordLogger</class>
  <method>endKeyword</method>
  <thread>1</thread>
  <message>End action : verifyElementPropertyValue</message>
  <nestedLevel>1</nestedLevel>
</record>
<record>
  <date>2018-12-17T12:23:34</date>
  <millis>1545067414252</millis>
  <sequence>144</sequence>
  <level>PASSED</level>
  <class>com.kms.katalon.core.logging.KeywordLogger</class>
  <method>logMessage</method>
  <thread>1</thread>
  <message>Test Cases/Discover/11 What are the best drama Movie</message>
  <nestedLevel>1</nestedLevel>
</record>
<record>
  <date>2018-12-17T12:23:34</date>
  <millis>1545067414253</millis>
  <sequence>145</sequence>
  <level>END</level>
  <class>com.kms.katalon.core.logging.KeywordLogger</class>
  <method>endTest</method>
  <thread>1</thread>
  <message>End Test Case : Test Cases/Discover/11 What are the best drama Movie</message>
  <nestedLevel>0</nestedLevel>
</record>
<record>
  <date>2018-12-17T12:23:34</date>
  <millis>1545067414254</millis>
  <sequence>146</sequence>
  <level>START</level>
  <class>com.kms.katalon.core.logging.KeywordLogger</class>
  <method>startTest</method>
  <thread>1</thread>
  <message>Start Test Case : Test Cases/Discover/12 What are Liam Neesons highest grossing rated R movies</message>
  <nestedLevel>1</nestedLevel>
  <property name="name">Test Cases/Discover/12 What are Liam Neesons highest grossing rated R movies</property>
  <property name="description"></property>
  <property name="id">Test Cases/Discover/12 What are Liam Neesons highest grossing rated R movies</property>
  <property name="source">C:\\Training\\API Testing\\APITestingTheMovieDB\\Test Cases\\Discover\\12 What are Liam Neesons highest grossing rated R movies.tc</property>
  <property name="isOptional">false</property>
</record>
<record>
  <date>2018-12-17T12:23:34</date>
  <millis>1545067414254</millis>
  <sequence>147</sequence>
  <level>INFO</level>
  <class>com.kms.katalon.core.logging.KeywordLogger</class>
  <method>logMessage</method>
  <thread>1</thread>
  <message>Evaluating variables for test case</message>
  <nestedLevel>1</nestedLevel>
</record>
<record>
  <date>2018-12-17T12:23:34</date>
  <millis>1545067414668</millis>
  <sequence>148</sequence>
  <level>START</level>
  <class>com.kms.katalon.core.logging.KeywordLogger</class>
  <method>startKeyword</method>
  <thread>1</thread>
  <message>Start action : Statement - reqObj = com.kms.katalon.core.testobject.ObjectRepository.findTestObject(Discover/Movie Discover)</message>
  <nestedLevel>1</nestedLevel>
  <property name="startLine">21</property>
  <property name="stepIndex">1</property>
</record>
<record>
  <date>2018-12-17T12:23:34</date>
  <millis>1545067414668</millis>
  <sequence>149</sequence>
  <level>INFO</level>
  <class>com.kms.katalon.core.logging.KeywordLogger</class>
  <method>logMessage</method>
  <thread>1</thread>
  <message>Finding Test Object with id &amp;apos;Object Repository/Discover/Movie Discover&amp;apos;</message>
  <nestedLevel>1</nestedLevel>
</record>
<record>
  <date>2018-12-17T12:23:34</date>
  <millis>1545067414668</millis>
  <sequence>150</sequence>
  <level>END</level>
  <class>com.kms.katalon.core.logging.KeywordLogger</class>
  <method>endKeyword</method>
  <thread>1</thread>
  <message>End action : Statement - reqObj = com.kms.katalon.core.testobject.ObjectRepository.findTestObject(Discover/Movie Discover)</message>
  <nestedLevel>1</nestedLevel>
</record>
<record>
  <date>2018-12-17T12:23:34</date>
  <millis>1545067414668</millis>
  <sequence>151</sequence>
  <level>START</level>
  <class>com.kms.katalon.core.logging.KeywordLogger</class>
  <method>startKeyword</method>
  <thread>1</thread>
  <message>Start action : Statement - params = new java.util.ArrayList()</message>
  <nestedLevel>1</nestedLevel>
  <property name="startLine">23</property>
  <property name="stepIndex">2</property>
</record>
<record>
  <date>2018-12-17T12:23:34</date>
  <millis>1545067414684</millis>
  <sequence>152</sequence>
  <level>END</level>
  <class>com.kms.katalon.core.logging.KeywordLogger</class>
  <method>endKeyword</method>
  <thread>1</thread>
  <message>End action : Statement - params = new java.util.ArrayList()</message>
  <nestedLevel>1</nestedLevel>
</record>
<record>
  <date>2018-12-17T12:23:34</date>
  <millis>1545067414684</millis>
  <sequence>153</sequence>
  <level>START</level>
  <class>com.kms.katalon.core.logging.KeywordLogger</class>
  <method>startKeyword</method>
  <thread>1</thread>
  <message>Start action : Statement - params.add(new com.kms.katalon.core.testobject.TestObjectProperty(api_key, com.kms.katalon.core.testobject.ConditionType.EQUALS, internal.GlobalVariable.apiKey))</message>
  <nestedLevel>1</nestedLevel>
  <property name="startLine">24</property>
  <property name="stepIndex">3</property>
</record>
<record>
  <date>2018-12-17T12:23:34</date>
  <millis>1545067414684</millis>
  <sequence>154</sequence>
  <level>END</level>
  <class>com.kms.katalon.core.logging.KeywordLogger</class>
  <method>endKeyword</method>
  <thread>1</thread>
  <message>End action : Statement - params.add(new com.kms.katalon.core.testobject.TestObjectProperty(api_key, com.kms.katalon.core.testobject.ConditionType.EQUALS, internal.GlobalVariable.apiKey))</message>
  <nestedLevel>1</nestedLevel>
</record>
<record>
  <date>2018-12-17T12:23:34</date>
  <millis>1545067414684</millis>
  <sequence>155</sequence>
  <level>START</level>
  <class>com.kms.katalon.core.logging.KeywordLogger</class>
  <method>startKeyword</method>
  <thread>1</thread>
  <message>Start action : Statement - params.add(new com.kms.katalon.core.testobject.TestObjectProperty(certification_country, com.kms.katalon.core.testobject.ConditionType.EQUALS, US))</message>
  <nestedLevel>1</nestedLevel>
  <property name="startLine">25</property>
  <property name="stepIndex">4</property>
</record>
<record>
  <date>2018-12-17T12:23:34</date>
  <millis>1545067414684</millis>
  <sequence>156</sequence>
  <level>END</level>
  <class>com.kms.katalon.core.logging.KeywordLogger</class>
  <method>endKeyword</method>
  <thread>1</thread>
  <message>End action : Statement - params.add(new com.kms.katalon.core.testobject.TestObjectProperty(certification_country, com.kms.katalon.core.testobject.ConditionType.EQUALS, US))</message>
  <nestedLevel>1</nestedLevel>
</record>
<record>
  <date>2018-12-17T12:23:34</date>
  <millis>1545067414684</millis>
  <sequence>157</sequence>
  <level>START</level>
  <class>com.kms.katalon.core.logging.KeywordLogger</class>
  <method>startKeyword</method>
  <thread>1</thread>
  <message>Start action : Statement - params.add(new com.kms.katalon.core.testobject.TestObjectProperty(certification, com.kms.katalon.core.testobject.ConditionType.EQUALS, R))</message>
  <nestedLevel>1</nestedLevel>
  <property name="startLine">26</property>
  <property name="stepIndex">5</property>
</record>
<record>
  <date>2018-12-17T12:23:34</date>
  <millis>1545067414684</millis>
  <sequence>158</sequence>
  <level>END</level>
  <class>com.kms.katalon.core.logging.KeywordLogger</class>
  <method>endKeyword</method>
  <thread>1</thread>
  <message>End action : Statement - params.add(new com.kms.katalon.core.testobject.TestObjectProperty(certification, com.kms.katalon.core.testobject.ConditionType.EQUALS, R))</message>
  <nestedLevel>1</nestedLevel>
</record>
<record>
  <date>2018-12-17T12:23:34</date>
  <millis>1545067414684</millis>
  <sequence>159</sequence>
  <level>START</level>
  <class>com.kms.katalon.core.logging.KeywordLogger</class>
  <method>startKeyword</method>
  <thread>1</thread>
  <message>Start action : Statement - params.add(new com.kms.katalon.core.testobject.TestObjectProperty(sort_by, com.kms.katalon.core.testobject.ConditionType.EQUALS, revenue.desc))</message>
  <nestedLevel>1</nestedLevel>
  <property name="startLine">27</property>
  <property name="stepIndex">6</property>
</record>
<record>
  <date>2018-12-17T12:23:34</date>
  <millis>1545067414684</millis>
  <sequence>160</sequence>
  <level>END</level>
  <class>com.kms.katalon.core.logging.KeywordLogger</class>
  <method>endKeyword</method>
  <thread>1</thread>
  <message>End action : Statement - params.add(new com.kms.katalon.core.testobject.TestObjectProperty(sort_by, com.kms.katalon.core.testobject.ConditionType.EQUALS, revenue.desc))</message>
  <nestedLevel>1</nestedLevel>
</record>
<record>
  <date>2018-12-17T12:23:34</date>
  <millis>1545067414684</millis>
  <sequence>161</sequence>
  <level>START</level>
  <class>com.kms.katalon.core.logging.KeywordLogger</class>
  <method>startKeyword</method>
  <thread>1</thread>
  <message>Start action : Statement - params.add(new com.kms.katalon.core.testobject.TestObjectProperty(with_cast, com.kms.katalon.core.testobject.ConditionType.EQUALS, 3896))</message>
  <nestedLevel>1</nestedLevel>
  <property name="startLine">28</property>
  <property name="stepIndex">7</property>
</record>
<record>
  <date>2018-12-17T12:23:34</date>
  <millis>1545067414684</millis>
  <sequence>162</sequence>
  <level>END</level>
  <class>com.kms.katalon.core.logging.KeywordLogger</class>
  <method>endKeyword</method>
  <thread>1</thread>
  <message>End action : Statement - params.add(new com.kms.katalon.core.testobject.TestObjectProperty(with_cast, com.kms.katalon.core.testobject.ConditionType.EQUALS, 3896))</message>
  <nestedLevel>1</nestedLevel>
</record>
<record>
  <date>2018-12-17T12:23:34</date>
  <millis>1545067414684</millis>
  <sequence>163</sequence>
  <level>START</level>
  <class>com.kms.katalon.core.logging.KeywordLogger</class>
  <method>startKeyword</method>
  <thread>1</thread>
  <message>Start action : Statement - reqObj.setRestParameters(params)</message>
  <nestedLevel>1</nestedLevel>
  <property name="startLine">29</property>
  <property name="stepIndex">8</property>
</record>
<record>
  <date>2018-12-17T12:23:34</date>
  <millis>1545067414684</millis>
  <sequence>164</sequence>
  <level>END</level>
  <class>com.kms.katalon.core.logging.KeywordLogger</class>
  <method>endKeyword</method>
  <thread>1</thread>
  <message>End action : Statement - reqObj.setRestParameters(params)</message>
  <nestedLevel>1</nestedLevel>
</record>
<record>
  <date>2018-12-17T12:23:34</date>
  <millis>1545067414684</millis>
  <sequence>165</sequence>
  <level>START</level>
  <class>com.kms.katalon.core.logging.KeywordLogger</class>
  <method>startKeyword</method>
  <thread>1</thread>
  <message>Start action : Statement - resObj = com.kms.katalon.core.webservice.keyword.WSBuiltInKeywords.sendRequest(reqObj)</message>
  <nestedLevel>1</nestedLevel>
  <property name="startLine">30</property>
  <property name="stepIndex">9</property>
</record>
<record>
  <date>2018-12-17T12:23:34</date>
  <millis>1545067414684</millis>
  <sequence>166</sequence>
  <level>INFO</level>
  <class>com.kms.katalon.core.logging.KeywordLogger</class>
  <method>logMessage</method>
  <thread>1</thread>
  <message>Checking request object</message>
  <nestedLevel>1</nestedLevel>
</record>
<record>
  <date>2018-12-17T12:23:34</date>
  <millis>1545067414821</millis>
  <sequence>167</sequence>
  <level>PASSED</level>
  <class>com.kms.katalon.core.logging.KeywordLogger</class>
  <method>logMessage</method>
  <thread>1</thread>
  <message>Send request successfully</message>
  <nestedLevel>1</nestedLevel>
</record>
<record>
  <date>2018-12-17T12:23:34</date>
  <millis>1545067414821</millis>
  <sequence>168</sequence>
  <level>END</level>
  <class>com.kms.katalon.core.logging.KeywordLogger</class>
  <method>endKeyword</method>
  <thread>1</thread>
  <message>End action : Statement - resObj = com.kms.katalon.core.webservice.keyword.WSBuiltInKeywords.sendRequest(reqObj)</message>
  <nestedLevel>1</nestedLevel>
</record>
<record>
  <date>2018-12-17T12:23:34</date>
  <millis>1545067414821</millis>
  <sequence>169</sequence>
  <level>START</level>
  <class>com.kms.katalon.core.logging.KeywordLogger</class>
  <method>startKeyword</method>
  <thread>1</thread>
  <message>Start action : Statement - theMovieDB.TheMovieDBCommon.printDataValue(resObj, \&amp;quot;What are Liam Neeson&amp;apos;s highest grossing rated &amp;apos;R&amp;apos; movies\&amp;quot;)</message>
  <nestedLevel>1</nestedLevel>
  <property name="startLine">32</property>
  <property name="stepIndex">10</property>
</record>
<record>
  <date>2018-12-17T12:23:34</date>
  <millis>1545067414835</millis>
  <sequence>170</sequence>
  <level>END</level>
  <class>com.kms.katalon.core.logging.KeywordLogger</class>
  <method>endKeyword</method>
  <thread>1</thread>
  <message>End action : Statement - theMovieDB.TheMovieDBCommon.printDataValue(resObj, \&amp;quot;What are Liam Neeson&amp;apos;s highest grossing rated &amp;apos;R&amp;apos; movies\&amp;quot;)</message>
  <nestedLevel>1</nestedLevel>
</record>
<record>
  <date>2018-12-17T12:23:34</date>
  <millis>1545067414835</millis>
  <sequence>171</sequence>
  <level>START</level>
  <class>com.kms.katalon.core.logging.KeywordLogger</class>
  <method>startKeyword</method>
  <thread>1</thread>
  <message>Start action : verifyElementPropertyValue</message>
  <nestedLevel>1</nestedLevel>
  <property name="startLine">34</property>
  <property name="stepIndex">11</property>
</record>
<record>
  <date>2018-12-17T12:23:34</date>
  <millis>1545067414835</millis>
  <sequence>172</sequence>
  <level>INFO</level>
  <class>com.kms.katalon.core.logging.KeywordLogger</class>
  <method>logMessage</method>
  <thread>1</thread>
  <message>Checking response object</message>
  <nestedLevel>1</nestedLevel>
</record>
<record>
  <date>2018-12-17T12:23:34</date>
  <millis>1545067414850</millis>
  <sequence>173</sequence>
  <level>PASSED</level>
  <class>com.kms.katalon.core.logging.KeywordLogger</class>
  <method>logMessage</method>
  <thread>1</thread>
  <message>Verify element property value successfully</message>
  <nestedLevel>1</nestedLevel>
</record>
<record>
  <date>2018-12-17T12:23:34</date>
  <millis>1545067414850</millis>
  <sequence>174</sequence>
  <level>END</level>
  <class>com.kms.katalon.core.logging.KeywordLogger</class>
  <method>endKeyword</method>
  <thread>1</thread>
  <message>End action : verifyElementPropertyValue</message>
  <nestedLevel>1</nestedLevel>
</record>
<record>
  <date>2018-12-17T12:23:34</date>
  <millis>1545067414850</millis>
  <sequence>175</sequence>
  <level>PASSED</level>
  <class>com.kms.katalon.core.logging.KeywordLogger</class>
  <method>logMessage</method>
  <thread>1</thread>
  <message>Test Cases/Discover/12 What are Liam Neesons highest grossing rated R movies</message>
  <nestedLevel>1</nestedLevel>
</record>
<record>
  <date>2018-12-17T12:23:34</date>
  <millis>1545067414850</millis>
  <sequence>176</sequence>
  <level>END</level>
  <class>com.kms.katalon.core.logging.KeywordLogger</class>
  <method>endTest</method>
  <thread>1</thread>
  <message>End Test Case : Test Cases/Discover/12 What are Liam Neesons highest grossing rated R movies</message>
  <nestedLevel>0</nestedLevel>
</record>
<record>
  <date>2018-12-17T12:23:34</date>
  <millis>1545067414904</millis>
  <sequence>177</sequence>
  <level>END</level>
  <class>com.kms.katalon.core.logging.KeywordLogger</class>
  <method>endSuite</method>
  <thread>1</thread>
  <message>End Test Suite : Test Suites/Discover/02 Discovers</message>
  <nestedLevel>0</nestedLevel>
</record>
</log>
