<?xml version="1.0" encoding="UTF-8" standalone="no"?>
<!DOCTYPE log SYSTEM "logger.dtd">
<log>
<record>
  <date>2018-12-18T17:24:20</date>
  <millis>1545171860670</millis>
  <sequence>0</sequence>
  <level>START</level>
  <class>com.kms.katalon.core.logging.KeywordLogger</class>
  <method>startSuite</method>
  <thread>1</thread>
  <message>Start Test Suite : Test Suites/Movie/Movie 03 Get Popular then Get Release Date, Recommendations, Translations, Videos, External IDs and Rate Movie</message>
  <nestedLevel>0</nestedLevel>
  <property name="name">Movie 03 Get Popular then Get Release Date, Recommendations, Translations, Videos, External IDs and Rate Movie</property>
  <property name="description"></property>
  <property name="id">Test Suites/Movie/Movie 03 Get Popular then Get Release Date, Recommendations, Translations, Videos, External IDs and Rate Movie</property>
</record>
<record>
  <date>2018-12-18T17:24:20</date>
  <millis>1545171860718</millis>
  <sequence>1</sequence>
  <level>RUN_DATA</level>
  <class>com.kms.katalon.core.logging.KeywordLogger</class>
  <method>logMessage</method>
  <thread>1</thread>
  <message>Logging run data &amp;apos;hostName&amp;apos; with value &amp;apos;DESKTOP-EG6P0UN$ - DESKTOP-EG6P0UN.attlocal.net&amp;apos;</message>
  <nestedLevel>0</nestedLevel>
  <property name="hostName">DESKTOP-EG6P0UN$ - DESKTOP-EG6P0UN.attlocal.net</property>
</record>
<record>
  <date>2018-12-18T17:24:20</date>
  <millis>1545171860719</millis>
  <sequence>2</sequence>
  <level>RUN_DATA</level>
  <class>com.kms.katalon.core.logging.KeywordLogger</class>
  <method>logMessage</method>
  <thread>1</thread>
  <message>Logging run data &amp;apos;os&amp;apos; with value &amp;apos;Windows 10 64bit&amp;apos;</message>
  <nestedLevel>0</nestedLevel>
  <property name="os">Windows 10 64bit</property>
</record>
<record>
  <date>2018-12-18T17:24:20</date>
  <millis>1545171860720</millis>
  <sequence>3</sequence>
  <level>RUN_DATA</level>
  <class>com.kms.katalon.core.logging.KeywordLogger</class>
  <method>logMessage</method>
  <thread>1</thread>
  <message>Logging run data &amp;apos;hostAddress&amp;apos; with value &amp;apos;192.168.1.80&amp;apos;</message>
  <nestedLevel>0</nestedLevel>
  <property name="hostAddress">192.168.1.80</property>
</record>
<record>
  <date>2018-12-18T17:24:20</date>
  <millis>1545171860723</millis>
  <sequence>4</sequence>
  <level>RUN_DATA</level>
  <class>com.kms.katalon.core.logging.KeywordLogger</class>
  <method>logMessage</method>
  <thread>1</thread>
  <message>Logging run data &amp;apos;katalonVersion&amp;apos; with value &amp;apos;5.8.5.1&amp;apos;</message>
  <nestedLevel>0</nestedLevel>
  <property name="katalonVersion">5.8.5.1</property>
</record>
<record>
  <date>2018-12-18T17:24:21</date>
  <millis>1545171861343</millis>
  <sequence>5</sequence>
  <level>START</level>
  <class>com.kms.katalon.core.logging.KeywordLogger</class>
  <method>startTest</method>
  <thread>1</thread>
  <message>Start Test Case : Test Cases/Movie/12 Get Popular Get Release Dates</message>
  <nestedLevel>1</nestedLevel>
  <property name="name">Test Cases/Movie/12 Get Popular Get Release Dates</property>
  <property name="description"></property>
  <property name="id">Test Cases/Movie/12 Get Popular Get Release Dates</property>
  <property name="source">C:\\Training\\API Testing\\APITestingTheMovieDB\\Test Cases\\Movie\\12 Get Popular Get Release Dates.tc</property>
  <property name="isOptional">false</property>
</record>
<record>
  <date>2018-12-18T17:24:21</date>
  <millis>1545171861434</millis>
  <sequence>6</sequence>
  <level>INFO</level>
  <class>com.kms.katalon.core.logging.KeywordLogger</class>
  <method>logMessage</method>
  <thread>1</thread>
  <message>Evaluating variables for test case</message>
  <nestedLevel>1</nestedLevel>
</record>
<record>
  <date>2018-12-18T17:24:22</date>
  <millis>1545171862137</millis>
  <sequence>7</sequence>
  <level>START</level>
  <class>com.kms.katalon.core.logging.KeywordLogger</class>
  <method>startKeyword</method>
  <thread>1</thread>
  <message>Start action : Statement - response1 = com.kms.katalon.core.webservice.keyword.WSBuiltInKeywords.sendRequest(com.kms.katalon.core.testobject.ObjectRepository.findTestObject(Movies/Get Popular))</message>
  <nestedLevel>1</nestedLevel>
  <property name="startLine">22</property>
  <property name="stepIndex">1</property>
</record>
<record>
  <date>2018-12-18T17:24:22</date>
  <millis>1545171862157</millis>
  <sequence>8</sequence>
  <level>INFO</level>
  <class>com.kms.katalon.core.logging.KeywordLogger</class>
  <method>logMessage</method>
  <thread>1</thread>
  <message>Finding Test Object with id &amp;apos;Object Repository/Movies/Get Popular&amp;apos;</message>
  <nestedLevel>1</nestedLevel>
</record>
<record>
  <date>2018-12-18T17:24:22</date>
  <millis>1545171862266</millis>
  <sequence>9</sequence>
  <level>INFO</level>
  <class>com.kms.katalon.core.logging.KeywordLogger</class>
  <method>logMessage</method>
  <thread>1</thread>
  <message>Checking request object</message>
  <nestedLevel>1</nestedLevel>
</record>
<record>
  <date>2018-12-18T17:24:23</date>
  <millis>1545171863852</millis>
  <sequence>10</sequence>
  <level>PASSED</level>
  <class>com.kms.katalon.core.logging.KeywordLogger</class>
  <method>logMessage</method>
  <thread>1</thread>
  <message>Send request successfully</message>
  <nestedLevel>1</nestedLevel>
</record>
<record>
  <date>2018-12-18T17:24:23</date>
  <millis>1545171863854</millis>
  <sequence>11</sequence>
  <level>END</level>
  <class>com.kms.katalon.core.logging.KeywordLogger</class>
  <method>endKeyword</method>
  <thread>1</thread>
  <message>End action : Statement - response1 = com.kms.katalon.core.webservice.keyword.WSBuiltInKeywords.sendRequest(com.kms.katalon.core.testobject.ObjectRepository.findTestObject(Movies/Get Popular))</message>
  <nestedLevel>1</nestedLevel>
</record>
<record>
  <date>2018-12-18T17:24:23</date>
  <millis>1545171863854</millis>
  <sequence>12</sequence>
  <level>START</level>
  <class>com.kms.katalon.core.logging.KeywordLogger</class>
  <method>startKeyword</method>
  <thread>1</thread>
  <message>Start action : Statement - movieID = theMovieDB.Movie.getRandomMovie(response1)</message>
  <nestedLevel>1</nestedLevel>
  <property name="startLine">24</property>
  <property name="stepIndex">2</property>
</record>
<record>
  <date>2018-12-18T17:24:23</date>
  <millis>1545171863945</millis>
  <sequence>13</sequence>
  <level>END</level>
  <class>com.kms.katalon.core.logging.KeywordLogger</class>
  <method>endKeyword</method>
  <thread>1</thread>
  <message>End action : Statement - movieID = theMovieDB.Movie.getRandomMovie(response1)</message>
  <nestedLevel>1</nestedLevel>
</record>
<record>
  <date>2018-12-18T17:24:23</date>
  <millis>1545171863946</millis>
  <sequence>14</sequence>
  <level>START</level>
  <class>com.kms.katalon.core.logging.KeywordLogger</class>
  <method>startKeyword</method>
  <thread>1</thread>
  <message>Start action : Statement - If (movieID != -1)</message>
  <nestedLevel>1</nestedLevel>
  <property name="startLine">26</property>
  <property name="stepIndex">3</property>
</record>
<record>
  <date>2018-12-18T17:24:23</date>
  <millis>1545171863948</millis>
  <sequence>15</sequence>
  <level>START</level>
  <class>com.kms.katalon.core.logging.KeywordLogger</class>
  <method>startKeyword</method>
  <thread>1</thread>
  <message>Start action : Statement - response1 = theMovieDB.Movie.getReleaseDates(movieID)</message>
  <nestedLevel>2</nestedLevel>
  <property name="startLine">27</property>
  <property name="stepIndex">1</property>
</record>
<record>
  <date>2018-12-18T17:24:23</date>
  <millis>1545171863950</millis>
  <sequence>16</sequence>
  <level>INFO</level>
  <class>com.kms.katalon.core.logging.KeywordLogger</class>
  <method>logMessage</method>
  <thread>1</thread>
  <message>Finding Test Object with id &amp;apos;Object Repository/Movies/Get Release Dates&amp;apos;</message>
  <nestedLevel>1</nestedLevel>
</record>
<record>
  <date>2018-12-18T17:24:23</date>
  <millis>1545171863997</millis>
  <sequence>17</sequence>
  <level>INFO</level>
  <class>com.kms.katalon.core.logging.KeywordLogger</class>
  <method>logMessage</method>
  <thread>1</thread>
  <message>Checking request object</message>
  <nestedLevel>1</nestedLevel>
</record>
<record>
  <date>2018-12-18T17:24:24</date>
  <millis>1545171864127</millis>
  <sequence>18</sequence>
  <level>PASSED</level>
  <class>com.kms.katalon.core.logging.KeywordLogger</class>
  <method>logMessage</method>
  <thread>1</thread>
  <message>Send request successfully</message>
  <nestedLevel>1</nestedLevel>
</record>
<record>
  <date>2018-12-18T17:24:24</date>
  <millis>1545171864127</millis>
  <sequence>19</sequence>
  <level>END</level>
  <class>com.kms.katalon.core.logging.KeywordLogger</class>
  <method>endKeyword</method>
  <thread>1</thread>
  <message>End action : Statement - response1 = theMovieDB.Movie.getReleaseDates(movieID)</message>
  <nestedLevel>2</nestedLevel>
</record>
<record>
  <date>2018-12-18T17:24:24</date>
  <millis>1545171864128</millis>
  <sequence>20</sequence>
  <level>START</level>
  <class>com.kms.katalon.core.logging.KeywordLogger</class>
  <method>startKeyword</method>
  <thread>1</thread>
  <message>Start action : Statement - theMovieDB.TheMovieDBCommon.printDataValue(response1, \&amp;quot;Movies/Get Release Dates\&amp;quot;)</message>
  <nestedLevel>2</nestedLevel>
  <property name="startLine">28</property>
  <property name="stepIndex">2</property>
</record>
<record>
  <date>2018-12-18T17:24:24</date>
  <millis>1545171864192</millis>
  <sequence>21</sequence>
  <level>END</level>
  <class>com.kms.katalon.core.logging.KeywordLogger</class>
  <method>endKeyword</method>
  <thread>1</thread>
  <message>End action : Statement - theMovieDB.TheMovieDBCommon.printDataValue(response1, \&amp;quot;Movies/Get Release Dates\&amp;quot;)</message>
  <nestedLevel>2</nestedLevel>
</record>
<record>
  <date>2018-12-18T17:24:24</date>
  <millis>1545171864193</millis>
  <sequence>22</sequence>
  <level>END</level>
  <class>com.kms.katalon.core.logging.KeywordLogger</class>
  <method>endKeyword</method>
  <thread>1</thread>
  <message>End action : Statement - If (movieID != -1)</message>
  <nestedLevel>1</nestedLevel>
</record>
<record>
  <date>2018-12-18T17:24:24</date>
  <millis>1545171864194</millis>
  <sequence>23</sequence>
  <level>PASSED</level>
  <class>com.kms.katalon.core.logging.KeywordLogger</class>
  <method>logMessage</method>
  <thread>1</thread>
  <message>Test Cases/Movie/12 Get Popular Get Release Dates</message>
  <nestedLevel>1</nestedLevel>
</record>
<record>
  <date>2018-12-18T17:24:24</date>
  <millis>1545171864195</millis>
  <sequence>24</sequence>
  <level>END</level>
  <class>com.kms.katalon.core.logging.KeywordLogger</class>
  <method>endTest</method>
  <thread>1</thread>
  <message>End Test Case : Test Cases/Movie/12 Get Popular Get Release Dates</message>
  <nestedLevel>0</nestedLevel>
</record>
<record>
  <date>2018-12-18T17:24:24</date>
  <millis>1545171864200</millis>
  <sequence>25</sequence>
  <level>START</level>
  <class>com.kms.katalon.core.logging.KeywordLogger</class>
  <method>startTest</method>
  <thread>1</thread>
  <message>Start Test Case : Test Cases/Movie/13 Get Popular Get Recommendations</message>
  <nestedLevel>1</nestedLevel>
  <property name="name">Test Cases/Movie/13 Get Popular Get Recommendations</property>
  <property name="description"></property>
  <property name="id">Test Cases/Movie/13 Get Popular Get Recommendations</property>
  <property name="source">C:\\Training\\API Testing\\APITestingTheMovieDB\\Test Cases\\Movie\\13 Get Popular Get Recommendations.tc</property>
  <property name="isOptional">false</property>
</record>
<record>
  <date>2018-12-18T17:24:24</date>
  <millis>1545171864211</millis>
  <sequence>26</sequence>
  <level>INFO</level>
  <class>com.kms.katalon.core.logging.KeywordLogger</class>
  <method>logMessage</method>
  <thread>1</thread>
  <message>Evaluating variables for test case</message>
  <nestedLevel>1</nestedLevel>
</record>
<record>
  <date>2018-12-18T17:24:24</date>
  <millis>1545171864545</millis>
  <sequence>27</sequence>
  <level>START</level>
  <class>com.kms.katalon.core.logging.KeywordLogger</class>
  <method>startKeyword</method>
  <thread>1</thread>
  <message>Start action : Statement - response1 = com.kms.katalon.core.webservice.keyword.WSBuiltInKeywords.sendRequest(com.kms.katalon.core.testobject.ObjectRepository.findTestObject(Movies/Get Popular))</message>
  <nestedLevel>1</nestedLevel>
  <property name="startLine">22</property>
  <property name="stepIndex">1</property>
</record>
<record>
  <date>2018-12-18T17:24:24</date>
  <millis>1545171864546</millis>
  <sequence>28</sequence>
  <level>INFO</level>
  <class>com.kms.katalon.core.logging.KeywordLogger</class>
  <method>logMessage</method>
  <thread>1</thread>
  <message>Finding Test Object with id &amp;apos;Object Repository/Movies/Get Popular&amp;apos;</message>
  <nestedLevel>1</nestedLevel>
</record>
<record>
  <date>2018-12-18T17:24:24</date>
  <millis>1545171864552</millis>
  <sequence>29</sequence>
  <level>INFO</level>
  <class>com.kms.katalon.core.logging.KeywordLogger</class>
  <method>logMessage</method>
  <thread>1</thread>
  <message>Checking request object</message>
  <nestedLevel>1</nestedLevel>
</record>
<record>
  <date>2018-12-18T17:24:24</date>
  <millis>1545171864696</millis>
  <sequence>30</sequence>
  <level>PASSED</level>
  <class>com.kms.katalon.core.logging.KeywordLogger</class>
  <method>logMessage</method>
  <thread>1</thread>
  <message>Send request successfully</message>
  <nestedLevel>1</nestedLevel>
</record>
<record>
  <date>2018-12-18T17:24:24</date>
  <millis>1545171864698</millis>
  <sequence>31</sequence>
  <level>END</level>
  <class>com.kms.katalon.core.logging.KeywordLogger</class>
  <method>endKeyword</method>
  <thread>1</thread>
  <message>End action : Statement - response1 = com.kms.katalon.core.webservice.keyword.WSBuiltInKeywords.sendRequest(com.kms.katalon.core.testobject.ObjectRepository.findTestObject(Movies/Get Popular))</message>
  <nestedLevel>1</nestedLevel>
</record>
<record>
  <date>2018-12-18T17:24:24</date>
  <millis>1545171864700</millis>
  <sequence>32</sequence>
  <level>START</level>
  <class>com.kms.katalon.core.logging.KeywordLogger</class>
  <method>startKeyword</method>
  <thread>1</thread>
  <message>Start action : Statement - movieID = theMovieDB.Movie.getRandomMovie(response1)</message>
  <nestedLevel>1</nestedLevel>
  <property name="startLine">24</property>
  <property name="stepIndex">2</property>
</record>
<record>
  <date>2018-12-18T17:24:24</date>
  <millis>1545171864707</millis>
  <sequence>33</sequence>
  <level>END</level>
  <class>com.kms.katalon.core.logging.KeywordLogger</class>
  <method>endKeyword</method>
  <thread>1</thread>
  <message>End action : Statement - movieID = theMovieDB.Movie.getRandomMovie(response1)</message>
  <nestedLevel>1</nestedLevel>
</record>
<record>
  <date>2018-12-18T17:24:24</date>
  <millis>1545171864708</millis>
  <sequence>34</sequence>
  <level>START</level>
  <class>com.kms.katalon.core.logging.KeywordLogger</class>
  <method>startKeyword</method>
  <thread>1</thread>
  <message>Start action : Statement - If (movieID != -1)</message>
  <nestedLevel>1</nestedLevel>
  <property name="startLine">26</property>
  <property name="stepIndex">3</property>
</record>
<record>
  <date>2018-12-18T17:24:24</date>
  <millis>1545171864711</millis>
  <sequence>35</sequence>
  <level>START</level>
  <class>com.kms.katalon.core.logging.KeywordLogger</class>
  <method>startKeyword</method>
  <thread>1</thread>
  <message>Start action : Statement - response1 = theMovieDB.Movie.getRecommendations(movieID)</message>
  <nestedLevel>2</nestedLevel>
  <property name="startLine">27</property>
  <property name="stepIndex">1</property>
</record>
<record>
  <date>2018-12-18T17:24:24</date>
  <millis>1545171864713</millis>
  <sequence>36</sequence>
  <level>INFO</level>
  <class>com.kms.katalon.core.logging.KeywordLogger</class>
  <method>logMessage</method>
  <thread>1</thread>
  <message>Finding Test Object with id &amp;apos;Object Repository/Movies/Get Recommendations&amp;apos;</message>
  <nestedLevel>1</nestedLevel>
</record>
<record>
  <date>2018-12-18T17:24:24</date>
  <millis>1545171864718</millis>
  <sequence>37</sequence>
  <level>INFO</level>
  <class>com.kms.katalon.core.logging.KeywordLogger</class>
  <method>logMessage</method>
  <thread>1</thread>
  <message>Checking request object</message>
  <nestedLevel>1</nestedLevel>
</record>
<record>
  <date>2018-12-18T17:24:24</date>
  <millis>1545171864836</millis>
  <sequence>38</sequence>
  <level>PASSED</level>
  <class>com.kms.katalon.core.logging.KeywordLogger</class>
  <method>logMessage</method>
  <thread>1</thread>
  <message>Send request successfully</message>
  <nestedLevel>1</nestedLevel>
</record>
<record>
  <date>2018-12-18T17:24:24</date>
  <millis>1545171864836</millis>
  <sequence>39</sequence>
  <level>END</level>
  <class>com.kms.katalon.core.logging.KeywordLogger</class>
  <method>endKeyword</method>
  <thread>1</thread>
  <message>End action : Statement - response1 = theMovieDB.Movie.getRecommendations(movieID)</message>
  <nestedLevel>2</nestedLevel>
</record>
<record>
  <date>2018-12-18T17:24:24</date>
  <millis>1545171864836</millis>
  <sequence>40</sequence>
  <level>START</level>
  <class>com.kms.katalon.core.logging.KeywordLogger</class>
  <method>startKeyword</method>
  <thread>1</thread>
  <message>Start action : Statement - theMovieDB.TheMovieDBCommon.printDataValue(response1, \&amp;quot;Movies/Get Recommendations\&amp;quot;)</message>
  <nestedLevel>2</nestedLevel>
  <property name="startLine">28</property>
  <property name="stepIndex">2</property>
</record>
<record>
  <date>2018-12-18T17:24:24</date>
  <millis>1545171864993</millis>
  <sequence>41</sequence>
  <level>END</level>
  <class>com.kms.katalon.core.logging.KeywordLogger</class>
  <method>endKeyword</method>
  <thread>1</thread>
  <message>End action : Statement - theMovieDB.TheMovieDBCommon.printDataValue(response1, \&amp;quot;Movies/Get Recommendations\&amp;quot;)</message>
  <nestedLevel>2</nestedLevel>
</record>
<record>
  <date>2018-12-18T17:24:24</date>
  <millis>1545171864993</millis>
  <sequence>42</sequence>
  <level>END</level>
  <class>com.kms.katalon.core.logging.KeywordLogger</class>
  <method>endKeyword</method>
  <thread>1</thread>
  <message>End action : Statement - If (movieID != -1)</message>
  <nestedLevel>1</nestedLevel>
</record>
<record>
  <date>2018-12-18T17:24:24</date>
  <millis>1545171864994</millis>
  <sequence>43</sequence>
  <level>PASSED</level>
  <class>com.kms.katalon.core.logging.KeywordLogger</class>
  <method>logMessage</method>
  <thread>1</thread>
  <message>Test Cases/Movie/13 Get Popular Get Recommendations</message>
  <nestedLevel>1</nestedLevel>
</record>
<record>
  <date>2018-12-18T17:24:24</date>
  <millis>1545171864994</millis>
  <sequence>44</sequence>
  <level>END</level>
  <class>com.kms.katalon.core.logging.KeywordLogger</class>
  <method>endTest</method>
  <thread>1</thread>
  <message>End Test Case : Test Cases/Movie/13 Get Popular Get Recommendations</message>
  <nestedLevel>0</nestedLevel>
</record>
<record>
  <date>2018-12-18T17:24:25</date>
  <millis>1545171865003</millis>
  <sequence>45</sequence>
  <level>START</level>
  <class>com.kms.katalon.core.logging.KeywordLogger</class>
  <method>startTest</method>
  <thread>1</thread>
  <message>Start Test Case : Test Cases/Movie/14 Get Popular Get Translations</message>
  <nestedLevel>1</nestedLevel>
  <property name="name">Test Cases/Movie/14 Get Popular Get Translations</property>
  <property name="description"></property>
  <property name="id">Test Cases/Movie/14 Get Popular Get Translations</property>
  <property name="source">C:\\Training\\API Testing\\APITestingTheMovieDB\\Test Cases\\Movie\\14 Get Popular Get Translations.tc</property>
  <property name="isOptional">false</property>
</record>
<record>
  <date>2018-12-18T17:24:25</date>
  <millis>1545171865020</millis>
  <sequence>46</sequence>
  <level>INFO</level>
  <class>com.kms.katalon.core.logging.KeywordLogger</class>
  <method>logMessage</method>
  <thread>1</thread>
  <message>Evaluating variables for test case</message>
  <nestedLevel>1</nestedLevel>
</record>
<record>
  <date>2018-12-18T17:24:25</date>
  <millis>1545171865357</millis>
  <sequence>47</sequence>
  <level>START</level>
  <class>com.kms.katalon.core.logging.KeywordLogger</class>
  <method>startKeyword</method>
  <thread>1</thread>
  <message>Start action : Statement - response1 = com.kms.katalon.core.webservice.keyword.WSBuiltInKeywords.sendRequest(com.kms.katalon.core.testobject.ObjectRepository.findTestObject(Movies/Get Popular))</message>
  <nestedLevel>1</nestedLevel>
  <property name="startLine">22</property>
  <property name="stepIndex">1</property>
</record>
<record>
  <date>2018-12-18T17:24:25</date>
  <millis>1545171865358</millis>
  <sequence>48</sequence>
  <level>INFO</level>
  <class>com.kms.katalon.core.logging.KeywordLogger</class>
  <method>logMessage</method>
  <thread>1</thread>
  <message>Finding Test Object with id &amp;apos;Object Repository/Movies/Get Popular&amp;apos;</message>
  <nestedLevel>1</nestedLevel>
</record>
<record>
  <date>2018-12-18T17:24:25</date>
  <millis>1545171865363</millis>
  <sequence>49</sequence>
  <level>INFO</level>
  <class>com.kms.katalon.core.logging.KeywordLogger</class>
  <method>logMessage</method>
  <thread>1</thread>
  <message>Checking request object</message>
  <nestedLevel>1</nestedLevel>
</record>
<record>
  <date>2018-12-18T17:24:25</date>
  <millis>1545171865506</millis>
  <sequence>50</sequence>
  <level>PASSED</level>
  <class>com.kms.katalon.core.logging.KeywordLogger</class>
  <method>logMessage</method>
  <thread>1</thread>
  <message>Send request successfully</message>
  <nestedLevel>1</nestedLevel>
</record>
<record>
  <date>2018-12-18T17:24:25</date>
  <millis>1545171865507</millis>
  <sequence>51</sequence>
  <level>END</level>
  <class>com.kms.katalon.core.logging.KeywordLogger</class>
  <method>endKeyword</method>
  <thread>1</thread>
  <message>End action : Statement - response1 = com.kms.katalon.core.webservice.keyword.WSBuiltInKeywords.sendRequest(com.kms.katalon.core.testobject.ObjectRepository.findTestObject(Movies/Get Popular))</message>
  <nestedLevel>1</nestedLevel>
</record>
<record>
  <date>2018-12-18T17:24:25</date>
  <millis>1545171865507</millis>
  <sequence>52</sequence>
  <level>START</level>
  <class>com.kms.katalon.core.logging.KeywordLogger</class>
  <method>startKeyword</method>
  <thread>1</thread>
  <message>Start action : Statement - movieID = theMovieDB.Movie.getRandomMovie(response1)</message>
  <nestedLevel>1</nestedLevel>
  <property name="startLine">24</property>
  <property name="stepIndex">2</property>
</record>
<record>
  <date>2018-12-18T17:24:25</date>
  <millis>1545171865509</millis>
  <sequence>53</sequence>
  <level>END</level>
  <class>com.kms.katalon.core.logging.KeywordLogger</class>
  <method>endKeyword</method>
  <thread>1</thread>
  <message>End action : Statement - movieID = theMovieDB.Movie.getRandomMovie(response1)</message>
  <nestedLevel>1</nestedLevel>
</record>
<record>
  <date>2018-12-18T17:24:25</date>
  <millis>1545171865510</millis>
  <sequence>54</sequence>
  <level>START</level>
  <class>com.kms.katalon.core.logging.KeywordLogger</class>
  <method>startKeyword</method>
  <thread>1</thread>
  <message>Start action : Statement - If (movieID != -1)</message>
  <nestedLevel>1</nestedLevel>
  <property name="startLine">26</property>
  <property name="stepIndex">3</property>
</record>
<record>
  <date>2018-12-18T17:24:25</date>
  <millis>1545171865511</millis>
  <sequence>55</sequence>
  <level>START</level>
  <class>com.kms.katalon.core.logging.KeywordLogger</class>
  <method>startKeyword</method>
  <thread>1</thread>
  <message>Start action : Statement - response1 = theMovieDB.Movie.getTranslations(movieID)</message>
  <nestedLevel>2</nestedLevel>
  <property name="startLine">27</property>
  <property name="stepIndex">1</property>
</record>
<record>
  <date>2018-12-18T17:24:25</date>
  <millis>1545171865513</millis>
  <sequence>56</sequence>
  <level>INFO</level>
  <class>com.kms.katalon.core.logging.KeywordLogger</class>
  <method>logMessage</method>
  <thread>1</thread>
  <message>Finding Test Object with id &amp;apos;Object Repository/Movies/Get Translations&amp;apos;</message>
  <nestedLevel>1</nestedLevel>
</record>
<record>
  <date>2018-12-18T17:24:25</date>
  <millis>1545171865519</millis>
  <sequence>57</sequence>
  <level>INFO</level>
  <class>com.kms.katalon.core.logging.KeywordLogger</class>
  <method>logMessage</method>
  <thread>1</thread>
  <message>Checking request object</message>
  <nestedLevel>1</nestedLevel>
</record>
<record>
  <date>2018-12-18T17:24:25</date>
  <millis>1545171865675</millis>
  <sequence>58</sequence>
  <level>PASSED</level>
  <class>com.kms.katalon.core.logging.KeywordLogger</class>
  <method>logMessage</method>
  <thread>1</thread>
  <message>Send request successfully</message>
  <nestedLevel>1</nestedLevel>
</record>
<record>
  <date>2018-12-18T17:24:25</date>
  <millis>1545171865676</millis>
  <sequence>59</sequence>
  <level>END</level>
  <class>com.kms.katalon.core.logging.KeywordLogger</class>
  <method>endKeyword</method>
  <thread>1</thread>
  <message>End action : Statement - response1 = theMovieDB.Movie.getTranslations(movieID)</message>
  <nestedLevel>2</nestedLevel>
</record>
<record>
  <date>2018-12-18T17:24:25</date>
  <millis>1545171865676</millis>
  <sequence>60</sequence>
  <level>START</level>
  <class>com.kms.katalon.core.logging.KeywordLogger</class>
  <method>startKeyword</method>
  <thread>1</thread>
  <message>Start action : Statement - theMovieDB.TheMovieDBCommon.printDataValue(response1, \&amp;quot;Movies/Get Translations\&amp;quot;)</message>
  <nestedLevel>2</nestedLevel>
  <property name="startLine">28</property>
  <property name="stepIndex">2</property>
</record>
<record>
  <date>2018-12-18T17:24:25</date>
  <millis>1545171865732</millis>
  <sequence>61</sequence>
  <level>END</level>
  <class>com.kms.katalon.core.logging.KeywordLogger</class>
  <method>endKeyword</method>
  <thread>1</thread>
  <message>End action : Statement - theMovieDB.TheMovieDBCommon.printDataValue(response1, \&amp;quot;Movies/Get Translations\&amp;quot;)</message>
  <nestedLevel>2</nestedLevel>
</record>
<record>
  <date>2018-12-18T17:24:25</date>
  <millis>1545171865734</millis>
  <sequence>62</sequence>
  <level>END</level>
  <class>com.kms.katalon.core.logging.KeywordLogger</class>
  <method>endKeyword</method>
  <thread>1</thread>
  <message>End action : Statement - If (movieID != -1)</message>
  <nestedLevel>1</nestedLevel>
</record>
<record>
  <date>2018-12-18T17:24:25</date>
  <millis>1545171865735</millis>
  <sequence>63</sequence>
  <level>PASSED</level>
  <class>com.kms.katalon.core.logging.KeywordLogger</class>
  <method>logMessage</method>
  <thread>1</thread>
  <message>Test Cases/Movie/14 Get Popular Get Translations</message>
  <nestedLevel>1</nestedLevel>
</record>
<record>
  <date>2018-12-18T17:24:25</date>
  <millis>1545171865740</millis>
  <sequence>64</sequence>
  <level>END</level>
  <class>com.kms.katalon.core.logging.KeywordLogger</class>
  <method>endTest</method>
  <thread>1</thread>
  <message>End Test Case : Test Cases/Movie/14 Get Popular Get Translations</message>
  <nestedLevel>0</nestedLevel>
</record>
<record>
  <date>2018-12-18T17:24:25</date>
  <millis>1545171865748</millis>
  <sequence>65</sequence>
  <level>START</level>
  <class>com.kms.katalon.core.logging.KeywordLogger</class>
  <method>startTest</method>
  <thread>1</thread>
  <message>Start Test Case : Test Cases/Movie/15 Get Popular Get Videos</message>
  <nestedLevel>1</nestedLevel>
  <property name="name">Test Cases/Movie/15 Get Popular Get Videos</property>
  <property name="description"></property>
  <property name="id">Test Cases/Movie/15 Get Popular Get Videos</property>
  <property name="source">C:\\Training\\API Testing\\APITestingTheMovieDB\\Test Cases\\Movie\\15 Get Popular Get Videos.tc</property>
  <property name="isOptional">false</property>
</record>
<record>
  <date>2018-12-18T17:24:25</date>
  <millis>1545171865761</millis>
  <sequence>66</sequence>
  <level>INFO</level>
  <class>com.kms.katalon.core.logging.KeywordLogger</class>
  <method>logMessage</method>
  <thread>1</thread>
  <message>Evaluating variables for test case</message>
  <nestedLevel>1</nestedLevel>
</record>
<record>
  <date>2018-12-18T17:24:26</date>
  <millis>1545171866104</millis>
  <sequence>67</sequence>
  <level>START</level>
  <class>com.kms.katalon.core.logging.KeywordLogger</class>
  <method>startKeyword</method>
  <thread>1</thread>
  <message>Start action : Statement - response1 = com.kms.katalon.core.webservice.keyword.WSBuiltInKeywords.sendRequest(com.kms.katalon.core.testobject.ObjectRepository.findTestObject(Movies/Get Popular))</message>
  <nestedLevel>1</nestedLevel>
  <property name="startLine">22</property>
  <property name="stepIndex">1</property>
</record>
<record>
  <date>2018-12-18T17:24:26</date>
  <millis>1545171866105</millis>
  <sequence>68</sequence>
  <level>INFO</level>
  <class>com.kms.katalon.core.logging.KeywordLogger</class>
  <method>logMessage</method>
  <thread>1</thread>
  <message>Finding Test Object with id &amp;apos;Object Repository/Movies/Get Popular&amp;apos;</message>
  <nestedLevel>1</nestedLevel>
</record>
<record>
  <date>2018-12-18T17:24:26</date>
  <millis>1545171866111</millis>
  <sequence>69</sequence>
  <level>INFO</level>
  <class>com.kms.katalon.core.logging.KeywordLogger</class>
  <method>logMessage</method>
  <thread>1</thread>
  <message>Checking request object</message>
  <nestedLevel>1</nestedLevel>
</record>
<record>
  <date>2018-12-18T17:24:26</date>
  <millis>1545171866259</millis>
  <sequence>70</sequence>
  <level>PASSED</level>
  <class>com.kms.katalon.core.logging.KeywordLogger</class>
  <method>logMessage</method>
  <thread>1</thread>
  <message>Send request successfully</message>
  <nestedLevel>1</nestedLevel>
</record>
<record>
  <date>2018-12-18T17:24:26</date>
  <millis>1545171866260</millis>
  <sequence>71</sequence>
  <level>END</level>
  <class>com.kms.katalon.core.logging.KeywordLogger</class>
  <method>endKeyword</method>
  <thread>1</thread>
  <message>End action : Statement - response1 = com.kms.katalon.core.webservice.keyword.WSBuiltInKeywords.sendRequest(com.kms.katalon.core.testobject.ObjectRepository.findTestObject(Movies/Get Popular))</message>
  <nestedLevel>1</nestedLevel>
</record>
<record>
  <date>2018-12-18T17:24:26</date>
  <millis>1545171866260</millis>
  <sequence>72</sequence>
  <level>START</level>
  <class>com.kms.katalon.core.logging.KeywordLogger</class>
  <method>startKeyword</method>
  <thread>1</thread>
  <message>Start action : Statement - movieID = theMovieDB.Movie.getRandomMovie(response1)</message>
  <nestedLevel>1</nestedLevel>
  <property name="startLine">24</property>
  <property name="stepIndex">2</property>
</record>
<record>
  <date>2018-12-18T17:24:26</date>
  <millis>1545171866262</millis>
  <sequence>73</sequence>
  <level>END</level>
  <class>com.kms.katalon.core.logging.KeywordLogger</class>
  <method>endKeyword</method>
  <thread>1</thread>
  <message>End action : Statement - movieID = theMovieDB.Movie.getRandomMovie(response1)</message>
  <nestedLevel>1</nestedLevel>
</record>
<record>
  <date>2018-12-18T17:24:26</date>
  <millis>1545171866262</millis>
  <sequence>74</sequence>
  <level>START</level>
  <class>com.kms.katalon.core.logging.KeywordLogger</class>
  <method>startKeyword</method>
  <thread>1</thread>
  <message>Start action : Statement - If (movieID != -1)</message>
  <nestedLevel>1</nestedLevel>
  <property name="startLine">26</property>
  <property name="stepIndex">3</property>
</record>
<record>
  <date>2018-12-18T17:24:26</date>
  <millis>1545171866263</millis>
  <sequence>75</sequence>
  <level>START</level>
  <class>com.kms.katalon.core.logging.KeywordLogger</class>
  <method>startKeyword</method>
  <thread>1</thread>
  <message>Start action : Statement - response1 = theMovieDB.Movie.getVideos(movieID)</message>
  <nestedLevel>2</nestedLevel>
  <property name="startLine">27</property>
  <property name="stepIndex">1</property>
</record>
<record>
  <date>2018-12-18T17:24:26</date>
  <millis>1545171866264</millis>
  <sequence>76</sequence>
  <level>INFO</level>
  <class>com.kms.katalon.core.logging.KeywordLogger</class>
  <method>logMessage</method>
  <thread>1</thread>
  <message>Finding Test Object with id &amp;apos;Object Repository/Movies/Get Videos&amp;apos;</message>
  <nestedLevel>1</nestedLevel>
</record>
<record>
  <date>2018-12-18T17:24:26</date>
  <millis>1545171866269</millis>
  <sequence>77</sequence>
  <level>INFO</level>
  <class>com.kms.katalon.core.logging.KeywordLogger</class>
  <method>logMessage</method>
  <thread>1</thread>
  <message>Checking request object</message>
  <nestedLevel>1</nestedLevel>
</record>
<record>
  <date>2018-12-18T17:24:26</date>
  <millis>1545171866398</millis>
  <sequence>78</sequence>
  <level>PASSED</level>
  <class>com.kms.katalon.core.logging.KeywordLogger</class>
  <method>logMessage</method>
  <thread>1</thread>
  <message>Send request successfully</message>
  <nestedLevel>1</nestedLevel>
</record>
<record>
  <date>2018-12-18T17:24:26</date>
  <millis>1545171866399</millis>
  <sequence>79</sequence>
  <level>END</level>
  <class>com.kms.katalon.core.logging.KeywordLogger</class>
  <method>endKeyword</method>
  <thread>1</thread>
  <message>End action : Statement - response1 = theMovieDB.Movie.getVideos(movieID)</message>
  <nestedLevel>2</nestedLevel>
</record>
<record>
  <date>2018-12-18T17:24:26</date>
  <millis>1545171866399</millis>
  <sequence>80</sequence>
  <level>START</level>
  <class>com.kms.katalon.core.logging.KeywordLogger</class>
  <method>startKeyword</method>
  <thread>1</thread>
  <message>Start action : Statement - theMovieDB.TheMovieDBCommon.printDataValue(response1, \&amp;quot;Movies/Get Videos\&amp;quot;)</message>
  <nestedLevel>2</nestedLevel>
  <property name="startLine">28</property>
  <property name="stepIndex">2</property>
</record>
<record>
  <date>2018-12-18T17:24:26</date>
  <millis>1545171866401</millis>
  <sequence>81</sequence>
  <level>END</level>
  <class>com.kms.katalon.core.logging.KeywordLogger</class>
  <method>endKeyword</method>
  <thread>1</thread>
  <message>End action : Statement - theMovieDB.TheMovieDBCommon.printDataValue(response1, \&amp;quot;Movies/Get Videos\&amp;quot;)</message>
  <nestedLevel>2</nestedLevel>
</record>
<record>
  <date>2018-12-18T17:24:26</date>
  <millis>1545171866402</millis>
  <sequence>82</sequence>
  <level>END</level>
  <class>com.kms.katalon.core.logging.KeywordLogger</class>
  <method>endKeyword</method>
  <thread>1</thread>
  <message>End action : Statement - If (movieID != -1)</message>
  <nestedLevel>1</nestedLevel>
</record>
<record>
  <date>2018-12-18T17:24:26</date>
  <millis>1545171866402</millis>
  <sequence>83</sequence>
  <level>PASSED</level>
  <class>com.kms.katalon.core.logging.KeywordLogger</class>
  <method>logMessage</method>
  <thread>1</thread>
  <message>Test Cases/Movie/15 Get Popular Get Videos</message>
  <nestedLevel>1</nestedLevel>
</record>
<record>
  <date>2018-12-18T17:24:26</date>
  <millis>1545171866403</millis>
  <sequence>84</sequence>
  <level>END</level>
  <class>com.kms.katalon.core.logging.KeywordLogger</class>
  <method>endTest</method>
  <thread>1</thread>
  <message>End Test Case : Test Cases/Movie/15 Get Popular Get Videos</message>
  <nestedLevel>0</nestedLevel>
</record>
<record>
  <date>2018-12-18T17:24:26</date>
  <millis>1545171866406</millis>
  <sequence>85</sequence>
  <level>START</level>
  <class>com.kms.katalon.core.logging.KeywordLogger</class>
  <method>startTest</method>
  <thread>1</thread>
  <message>Start Test Case : Test Cases/Movie/16 Get Popular Get External IDs</message>
  <nestedLevel>1</nestedLevel>
  <property name="name">Test Cases/Movie/16 Get Popular Get External IDs</property>
  <property name="description"></property>
  <property name="id">Test Cases/Movie/16 Get Popular Get External IDs</property>
  <property name="source">C:\\Training\\API Testing\\APITestingTheMovieDB\\Test Cases\\Movie\\16 Get Popular Get External IDs.tc</property>
  <property name="isOptional">false</property>
</record>
<record>
  <date>2018-12-18T17:24:26</date>
  <millis>1545171866420</millis>
  <sequence>86</sequence>
  <level>INFO</level>
  <class>com.kms.katalon.core.logging.KeywordLogger</class>
  <method>logMessage</method>
  <thread>1</thread>
  <message>Evaluating variables for test case</message>
  <nestedLevel>1</nestedLevel>
</record>
<record>
  <date>2018-12-18T17:24:26</date>
  <millis>1545171866761</millis>
  <sequence>87</sequence>
  <level>START</level>
  <class>com.kms.katalon.core.logging.KeywordLogger</class>
  <method>startKeyword</method>
  <thread>1</thread>
  <message>Start action : Statement - response1 = com.kms.katalon.core.webservice.keyword.WSBuiltInKeywords.sendRequest(com.kms.katalon.core.testobject.ObjectRepository.findTestObject(Movies/Get Popular))</message>
  <nestedLevel>1</nestedLevel>
  <property name="startLine">22</property>
  <property name="stepIndex">1</property>
</record>
<record>
  <date>2018-12-18T17:24:26</date>
  <millis>1545171866763</millis>
  <sequence>88</sequence>
  <level>INFO</level>
  <class>com.kms.katalon.core.logging.KeywordLogger</class>
  <method>logMessage</method>
  <thread>1</thread>
  <message>Finding Test Object with id &amp;apos;Object Repository/Movies/Get Popular&amp;apos;</message>
  <nestedLevel>1</nestedLevel>
</record>
<record>
  <date>2018-12-18T17:24:26</date>
  <millis>1545171866769</millis>
  <sequence>89</sequence>
  <level>INFO</level>
  <class>com.kms.katalon.core.logging.KeywordLogger</class>
  <method>logMessage</method>
  <thread>1</thread>
  <message>Checking request object</message>
  <nestedLevel>1</nestedLevel>
</record>
<record>
  <date>2018-12-18T17:24:26</date>
  <millis>1545171866910</millis>
  <sequence>90</sequence>
  <level>PASSED</level>
  <class>com.kms.katalon.core.logging.KeywordLogger</class>
  <method>logMessage</method>
  <thread>1</thread>
  <message>Send request successfully</message>
  <nestedLevel>1</nestedLevel>
</record>
<record>
  <date>2018-12-18T17:24:26</date>
  <millis>1545171866910</millis>
  <sequence>91</sequence>
  <level>END</level>
  <class>com.kms.katalon.core.logging.KeywordLogger</class>
  <method>endKeyword</method>
  <thread>1</thread>
  <message>End action : Statement - response1 = com.kms.katalon.core.webservice.keyword.WSBuiltInKeywords.sendRequest(com.kms.katalon.core.testobject.ObjectRepository.findTestObject(Movies/Get Popular))</message>
  <nestedLevel>1</nestedLevel>
</record>
<record>
  <date>2018-12-18T17:24:26</date>
  <millis>1545171866911</millis>
  <sequence>92</sequence>
  <level>START</level>
  <class>com.kms.katalon.core.logging.KeywordLogger</class>
  <method>startKeyword</method>
  <thread>1</thread>
  <message>Start action : Statement - movieID = theMovieDB.Movie.getRandomMovie(response1)</message>
  <nestedLevel>1</nestedLevel>
  <property name="startLine">24</property>
  <property name="stepIndex">2</property>
</record>
<record>
  <date>2018-12-18T17:24:26</date>
  <millis>1545171866912</millis>
  <sequence>93</sequence>
  <level>END</level>
  <class>com.kms.katalon.core.logging.KeywordLogger</class>
  <method>endKeyword</method>
  <thread>1</thread>
  <message>End action : Statement - movieID = theMovieDB.Movie.getRandomMovie(response1)</message>
  <nestedLevel>1</nestedLevel>
</record>
<record>
  <date>2018-12-18T17:24:26</date>
  <millis>1545171866912</millis>
  <sequence>94</sequence>
  <level>START</level>
  <class>com.kms.katalon.core.logging.KeywordLogger</class>
  <method>startKeyword</method>
  <thread>1</thread>
  <message>Start action : Statement - If (movieID != -1)</message>
  <nestedLevel>1</nestedLevel>
  <property name="startLine">26</property>
  <property name="stepIndex">3</property>
</record>
<record>
  <date>2018-12-18T17:24:26</date>
  <millis>1545171866913</millis>
  <sequence>95</sequence>
  <level>START</level>
  <class>com.kms.katalon.core.logging.KeywordLogger</class>
  <method>startKeyword</method>
  <thread>1</thread>
  <message>Start action : Statement - response1 = theMovieDB.Movie.getExternalIDs(movieID)</message>
  <nestedLevel>2</nestedLevel>
  <property name="startLine">27</property>
  <property name="stepIndex">1</property>
</record>
<record>
  <date>2018-12-18T17:24:26</date>
  <millis>1545171866914</millis>
  <sequence>96</sequence>
  <level>INFO</level>
  <class>com.kms.katalon.core.logging.KeywordLogger</class>
  <method>logMessage</method>
  <thread>1</thread>
  <message>Finding Test Object with id &amp;apos;Object Repository/Movies/Get External IDs&amp;apos;</message>
  <nestedLevel>1</nestedLevel>
</record>
<record>
  <date>2018-12-18T17:24:26</date>
  <millis>1545171866918</millis>
  <sequence>97</sequence>
  <level>INFO</level>
  <class>com.kms.katalon.core.logging.KeywordLogger</class>
  <method>logMessage</method>
  <thread>1</thread>
  <message>Checking request object</message>
  <nestedLevel>1</nestedLevel>
</record>
<record>
  <date>2018-12-18T17:24:27</date>
  <millis>1545171867054</millis>
  <sequence>98</sequence>
  <level>PASSED</level>
  <class>com.kms.katalon.core.logging.KeywordLogger</class>
  <method>logMessage</method>
  <thread>1</thread>
  <message>Send request successfully</message>
  <nestedLevel>1</nestedLevel>
</record>
<record>
  <date>2018-12-18T17:24:27</date>
  <millis>1545171867054</millis>
  <sequence>99</sequence>
  <level>END</level>
  <class>com.kms.katalon.core.logging.KeywordLogger</class>
  <method>endKeyword</method>
  <thread>1</thread>
  <message>End action : Statement - response1 = theMovieDB.Movie.getExternalIDs(movieID)</message>
  <nestedLevel>2</nestedLevel>
</record>
<record>
  <date>2018-12-18T17:24:27</date>
  <millis>1545171867055</millis>
  <sequence>100</sequence>
  <level>START</level>
  <class>com.kms.katalon.core.logging.KeywordLogger</class>
  <method>startKeyword</method>
  <thread>1</thread>
  <message>Start action : Statement - theMovieDB.TheMovieDBCommon.printDataValue(response1, \&amp;quot;Movies/Get External IDs\&amp;quot;)</message>
  <nestedLevel>2</nestedLevel>
  <property name="startLine">28</property>
  <property name="stepIndex">2</property>
</record>
<record>
  <date>2018-12-18T17:24:27</date>
  <millis>1545171867056</millis>
  <sequence>101</sequence>
  <level>END</level>
  <class>com.kms.katalon.core.logging.KeywordLogger</class>
  <method>endKeyword</method>
  <thread>1</thread>
  <message>End action : Statement - theMovieDB.TheMovieDBCommon.printDataValue(response1, \&amp;quot;Movies/Get External IDs\&amp;quot;)</message>
  <nestedLevel>2</nestedLevel>
</record>
<record>
  <date>2018-12-18T17:24:27</date>
  <millis>1545171867057</millis>
  <sequence>102</sequence>
  <level>END</level>
  <class>com.kms.katalon.core.logging.KeywordLogger</class>
  <method>endKeyword</method>
  <thread>1</thread>
  <message>End action : Statement - If (movieID != -1)</message>
  <nestedLevel>1</nestedLevel>
</record>
<record>
  <date>2018-12-18T17:24:27</date>
  <millis>1545171867057</millis>
  <sequence>103</sequence>
  <level>PASSED</level>
  <class>com.kms.katalon.core.logging.KeywordLogger</class>
  <method>logMessage</method>
  <thread>1</thread>
  <message>Test Cases/Movie/16 Get Popular Get External IDs</message>
  <nestedLevel>1</nestedLevel>
</record>
<record>
  <date>2018-12-18T17:24:27</date>
  <millis>1545171867058</millis>
  <sequence>104</sequence>
  <level>END</level>
  <class>com.kms.katalon.core.logging.KeywordLogger</class>
  <method>endTest</method>
  <thread>1</thread>
  <message>End Test Case : Test Cases/Movie/16 Get Popular Get External IDs</message>
  <nestedLevel>0</nestedLevel>
</record>
<record>
  <date>2018-12-18T17:24:27</date>
  <millis>1545171867062</millis>
  <sequence>105</sequence>
  <level>START</level>
  <class>com.kms.katalon.core.logging.KeywordLogger</class>
  <method>startTest</method>
  <thread>1</thread>
  <message>Start Test Case : Test Cases/Movie/17 Get Popular Rate Movie</message>
  <nestedLevel>1</nestedLevel>
  <property name="name">Test Cases/Movie/17 Get Popular Rate Movie</property>
  <property name="description"></property>
  <property name="id">Test Cases/Movie/17 Get Popular Rate Movie</property>
  <property name="source">C:\\Training\\API Testing\\APITestingTheMovieDB\\Test Cases\\Movie\\17 Get Popular Rate Movie.tc</property>
  <property name="isOptional">false</property>
</record>
<record>
  <date>2018-12-18T17:24:27</date>
  <millis>1545171867069</millis>
  <sequence>106</sequence>
  <level>INFO</level>
  <class>com.kms.katalon.core.logging.KeywordLogger</class>
  <method>logMessage</method>
  <thread>1</thread>
  <message>Evaluating variables for test case</message>
  <nestedLevel>1</nestedLevel>
</record>
<record>
  <date>2018-12-18T17:24:27</date>
  <millis>1545171867448</millis>
  <sequence>107</sequence>
  <level>START</level>
  <class>com.kms.katalon.core.logging.KeywordLogger</class>
  <method>startKeyword</method>
  <thread>1</thread>
  <message>Start action : Statement - response1 = theMovieDB.Movie.getPopular()</message>
  <nestedLevel>1</nestedLevel>
  <property name="startLine">22</property>
  <property name="stepIndex">1</property>
</record>
<record>
  <date>2018-12-18T17:24:27</date>
  <millis>1545171867459</millis>
  <sequence>108</sequence>
  <level>INFO</level>
  <class>com.kms.katalon.core.logging.KeywordLogger</class>
  <method>logMessage</method>
  <thread>1</thread>
  <message>Finding Test Object with id &amp;apos;Object Repository/Movies/Get Popular&amp;apos;</message>
  <nestedLevel>1</nestedLevel>
</record>
<record>
  <date>2018-12-18T17:24:27</date>
  <millis>1545171867478</millis>
  <sequence>109</sequence>
  <level>INFO</level>
  <class>com.kms.katalon.core.logging.KeywordLogger</class>
  <method>logMessage</method>
  <thread>1</thread>
  <message>Checking request object</message>
  <nestedLevel>1</nestedLevel>
</record>
<record>
  <date>2018-12-18T17:24:27</date>
  <millis>1545171867628</millis>
  <sequence>110</sequence>
  <level>PASSED</level>
  <class>com.kms.katalon.core.logging.KeywordLogger</class>
  <method>logMessage</method>
  <thread>1</thread>
  <message>Send request successfully</message>
  <nestedLevel>1</nestedLevel>
</record>
<record>
  <date>2018-12-18T17:24:27</date>
  <millis>1545171867628</millis>
  <sequence>111</sequence>
  <level>END</level>
  <class>com.kms.katalon.core.logging.KeywordLogger</class>
  <method>endKeyword</method>
  <thread>1</thread>
  <message>End action : Statement - response1 = theMovieDB.Movie.getPopular()</message>
  <nestedLevel>1</nestedLevel>
</record>
<record>
  <date>2018-12-18T17:24:27</date>
  <millis>1545171867629</millis>
  <sequence>112</sequence>
  <level>START</level>
  <class>com.kms.katalon.core.logging.KeywordLogger</class>
  <method>startKeyword</method>
  <thread>1</thread>
  <message>Start action : Statement - movieID = theMovieDB.Movie.getRandomMovie(response1)</message>
  <nestedLevel>1</nestedLevel>
  <property name="startLine">24</property>
  <property name="stepIndex">2</property>
</record>
<record>
  <date>2018-12-18T17:24:27</date>
  <millis>1545171867631</millis>
  <sequence>113</sequence>
  <level>END</level>
  <class>com.kms.katalon.core.logging.KeywordLogger</class>
  <method>endKeyword</method>
  <thread>1</thread>
  <message>End action : Statement - movieID = theMovieDB.Movie.getRandomMovie(response1)</message>
  <nestedLevel>1</nestedLevel>
</record>
<record>
  <date>2018-12-18T17:24:27</date>
  <millis>1545171867631</millis>
  <sequence>114</sequence>
  <level>START</level>
  <class>com.kms.katalon.core.logging.KeywordLogger</class>
  <method>startKeyword</method>
  <thread>1</thread>
  <message>Start action : Statement - If (movieID != -1)</message>
  <nestedLevel>1</nestedLevel>
  <property name="startLine">26</property>
  <property name="stepIndex">3</property>
</record>
<record>
  <date>2018-12-18T17:24:27</date>
  <millis>1545171867632</millis>
  <sequence>115</sequence>
  <level>START</level>
  <class>com.kms.katalon.core.logging.KeywordLogger</class>
  <method>startKeyword</method>
  <thread>1</thread>
  <message>Start action : Statement - response1 = theMovieDB.Movie.rateMovie(movieID, 8.5)</message>
  <nestedLevel>2</nestedLevel>
  <property name="startLine">27</property>
  <property name="stepIndex">1</property>
</record>
<record>
  <date>2018-12-18T17:24:27</date>
  <millis>1545171867642</millis>
  <sequence>116</sequence>
  <level>INFO</level>
  <class>com.kms.katalon.core.logging.KeywordLogger</class>
  <method>logMessage</method>
  <thread>1</thread>
  <message>Finding Test Object with id &amp;apos;Object Repository/Movies/Rate Movie&amp;apos;</message>
  <nestedLevel>1</nestedLevel>
</record>
<record>
  <date>2018-12-18T17:24:27</date>
  <millis>1545171867667</millis>
  <sequence>117</sequence>
  <level>INFO</level>
  <class>com.kms.katalon.core.logging.KeywordLogger</class>
  <method>logMessage</method>
  <thread>1</thread>
  <message>Checking request object</message>
  <nestedLevel>1</nestedLevel>
</record>
<record>
  <date>2018-12-18T17:24:27</date>
  <millis>1545171867813</millis>
  <sequence>118</sequence>
  <level>PASSED</level>
  <class>com.kms.katalon.core.logging.KeywordLogger</class>
  <method>logMessage</method>
  <thread>1</thread>
  <message>Send request successfully</message>
  <nestedLevel>1</nestedLevel>
</record>
<record>
  <date>2018-12-18T17:24:27</date>
  <millis>1545171867813</millis>
  <sequence>119</sequence>
  <level>END</level>
  <class>com.kms.katalon.core.logging.KeywordLogger</class>
  <method>endKeyword</method>
  <thread>1</thread>
  <message>End action : Statement - response1 = theMovieDB.Movie.rateMovie(movieID, 8.5)</message>
  <nestedLevel>2</nestedLevel>
</record>
<record>
  <date>2018-12-18T17:24:27</date>
  <millis>1545171867814</millis>
  <sequence>120</sequence>
  <level>START</level>
  <class>com.kms.katalon.core.logging.KeywordLogger</class>
  <method>startKeyword</method>
  <thread>1</thread>
  <message>Start action : Statement - theMovieDB.TheMovieDBCommon.printDataValue(response1, \&amp;quot;Movies/Rate Movie\&amp;quot;)</message>
  <nestedLevel>2</nestedLevel>
  <property name="startLine">28</property>
  <property name="stepIndex">2</property>
</record>
<record>
  <date>2018-12-18T17:24:27</date>
  <millis>1545171867815</millis>
  <sequence>121</sequence>
  <level>END</level>
  <class>com.kms.katalon.core.logging.KeywordLogger</class>
  <method>endKeyword</method>
  <thread>1</thread>
  <message>End action : Statement - theMovieDB.TheMovieDBCommon.printDataValue(response1, \&amp;quot;Movies/Rate Movie\&amp;quot;)</message>
  <nestedLevel>2</nestedLevel>
</record>
<record>
  <date>2018-12-18T17:24:27</date>
  <millis>1545171867815</millis>
  <sequence>122</sequence>
  <level>END</level>
  <class>com.kms.katalon.core.logging.KeywordLogger</class>
  <method>endKeyword</method>
  <thread>1</thread>
  <message>End action : Statement - If (movieID != -1)</message>
  <nestedLevel>1</nestedLevel>
</record>
<record>
  <date>2018-12-18T17:24:27</date>
  <millis>1545171867815</millis>
  <sequence>123</sequence>
  <level>PASSED</level>
  <class>com.kms.katalon.core.logging.KeywordLogger</class>
  <method>logMessage</method>
  <thread>1</thread>
  <message>Test Cases/Movie/17 Get Popular Rate Movie</message>
  <nestedLevel>1</nestedLevel>
</record>
<record>
  <date>2018-12-18T17:24:27</date>
  <millis>1545171867816</millis>
  <sequence>124</sequence>
  <level>END</level>
  <class>com.kms.katalon.core.logging.KeywordLogger</class>
  <method>endTest</method>
  <thread>1</thread>
  <message>End Test Case : Test Cases/Movie/17 Get Popular Rate Movie</message>
  <nestedLevel>0</nestedLevel>
</record>
<record>
  <date>2018-12-18T17:24:27</date>
  <millis>1545171867857</millis>
  <sequence>125</sequence>
  <level>END</level>
  <class>com.kms.katalon.core.logging.KeywordLogger</class>
  <method>endSuite</method>
  <thread>1</thread>
  <message>End Test Suite : Test Suites/Movie/Movie 03 Get Popular then Get Release Date, Recommendations, Translations, Videos, External IDs and Rate Movie</message>
  <nestedLevel>0</nestedLevel>
</record>
</log>
